2026-02-03 22:03:55,580 | INFO | primp | response: https://duckduckgo.com/?q=Tifa+Lockhart+Final+Fantasy+VII+wallpaper+4k+-site%3Arare-gallery.com+-site%3Awallpapersden.com+-site%3Aimages.wallpapersden.com 200
2026-02-03 22:03:55,608 | INFO | primp | response: https://duckduckgo.com/?q=Tifa+Lockhart+Final+Fantasy+VII+original+game+screenshot+official+art+-site%3Arare-gallery.com+-site%3Awallpapersden.com+-site%3Aimages.wallpapersden.com 200
2026-02-03 22:03:56,043 | INFO | primp | response: https://duckduckgo.com/i.js?o=json&q=Tifa+Lockhart+Final+Fantasy+VII+original+game+screenshot+official+art+-site%3Arare-gallery.com+-site%3Awallpapersden.com+-site%3Aimages.wallpapersden.com&l=us-en&vqd=4-153717358544477376754382927919241968085&p=-1 200
2026-02-03 22:03:56,075 | INFO | tifa_archivist.search | image search category=original_game query=Tifa Lockhart Final Fantasy VII original game screenshot official art -site:rare-gallery.com -site:wallpapersden.com -site:images.wallpapersden.com results=80 source=ddg
2026-02-03 22:03:56,081 | INFO | tifa_archivist.orchestrator | search cap reached urls=50 max_urls=50
2026-02-03 22:03:56,170 | ERROR | tifa_archivist.orchestrator | worker 6 failed url=https://images-wixmp-ed30a86b8c4ca887773594c2.wixmp.com/f/462064fa-8a78-4289-82e4-375cc0c67d47/dg7qfmf-c841d36a-3b27-4f5b-bb18-cca7f3c9140d.jpg/v1/fill/w_1095,h_730,q_70,strp/_fan_art__final_fantasy_vii___tifa_lockhart_2_by_bnjacob_dg7qfmf-pre.jpg?token=eyJ0eXAiOiJKV1QiLCJhbGciOiJIUzI1NiJ9.eyJzdWIiOiJ1cm46YXBwOjdlMGQxODg5ODIyNjQzNzNhNWYwZDQxNWVhMGQyNmUwIiwiaXNzIjoidXJuOmFwcDo3ZTBkMTg4OTgyMjY0MzczYTVmMGQ0MTVlYTBkMjZlMCIsIm9iaiI6W1t7ImhlaWdodCI6Ijw9MTI4MCIsInBhdGgiOiJcL2ZcLzQ2MjA2NGZhLThhNzgtNDI4OS04MmU0LTM3NWNjMGM2N2Q0N1wvZGc3cWZtZi1jODQxZDM2YS0zYjI3LTRmNWItYmIxOC1jY2E3ZjNjOTE0MGQuanBnIiwid2lkdGgiOiI8PTE5MjAifV1dLCJhdWQiOlsidXJuOnNlcnZpY2U6aW1hZ2Uub3BlcmF0aW9ucyJdfQ.89jQELYqSSByftT2lF2PAqbb1JBC752v0rv30pZtIWs
Traceback (most recent call last):
  File "C:\Users\Håkon\PycharmProjects\xAI\tifa_archivist\orchestrator.py", line 375, in download_worker
    sha256,
    ^^^^^^
UnboundLocalError: cannot access local variable 'sha256' where it is not associated with a value
2026-02-03 22:03:56,180 | ERROR | tifa_archivist.orchestrator | worker 7 failed url=https://images-wixmp-ed30a86b8c4ca887773594c2.wixmp.com/f/93cc5635-782b-4fa2-bb65-cf01f24db89f/dbusgrx-c79c7e0f-116f-410c-af2d-5e9715bb1e70.jpg/v1/fill/w_1600,h_2154,q_75,strp/tifa_lockhart___final_fantasy_vii_by_renaillusion_dbusgrx-fullview.jpg?token=eyJ0eXAiOiJKV1QiLCJhbGciOiJIUzI1NiJ9.eyJzdWIiOiJ1cm46YXBwOjdlMGQxODg5ODIyNjQzNzNhNWYwZDQxNWVhMGQyNmUwIiwiaXNzIjoidXJuOmFwcDo3ZTBkMTg4OTgyMjY0MzczYTVmMGQ0MTVlYTBkMjZlMCIsIm9iaiI6W1t7ImhlaWdodCI6Ijw9MjE1NCIsInBhdGgiOiJcL2ZcLzkzY2M1NjM1LTc4MmItNGZhMi1iYjY1LWNmMDFmMjRkYjg5ZlwvZGJ1c2dyeC1jNzljN2UwZi0xMTZmLTQxMGMtYWYyZC01ZTk3MTViYjFlNzAuanBnIiwid2lkdGgiOiI8PTE2MDAifV1dLCJhdWQiOlsidXJuOnNlcnZpY2U6aW1hZ2Uub3BlcmF0aW9ucyJdfQ.HCfFttYm0D6BKmcBcl7X74qX7FTOuJo2u0lGyB1PZng
Traceback (most recent call last):
  File "C:\Users\Håkon\PycharmProjects\xAI\tifa_archivist\orchestrator.py", line 375, in download_worker
    sha256,
    ^^^^^^
UnboundLocalError: cannot access local variable 'sha256' where it is not associated with a value
2026-02-03 22:03:56,184 | ERROR | tifa_archivist.orchestrator | worker 0 failed url=https://images.hdqwalls.com/wallpapers/tifa-lockhart-final-fantasy-vii-l6.jpg
Traceback (most recent call last):
  File "C:\Users\Håkon\PycharmProjects\xAI\tifa_archivist\orchestrator.py", line 375, in download_worker
    sha256,
    ^^^^^^
UnboundLocalError: cannot access local variable 'sha256' where it is not associated with a value
2026-02-03 22:03:56,206 | ERROR | tifa_archivist.orchestrator | worker 3 failed url=https://images6.alphacoders.com/436/436981.jpg
Traceback (most recent call last):
  File "C:\Users\Håkon\PycharmProjects\xAI\tifa_archivist\orchestrator.py", line 375, in download_worker
    sha256,
    ^^^^^^
UnboundLocalError: cannot access local variable 'sha256' where it is not associated with a value
2026-02-03 22:03:56,215 | INFO | primp | response: https://duckduckgo.com/i.js?o=json&q=Tifa+Lockhart+Final+Fantasy+VII+wallpaper+4k+-site%3Arare-gallery.com+-site%3Awallpapersden.com+-site%3Aimages.wallpapersden.com&l=us-en&vqd=4-44861893322583674976558142938932925863&p=-1 200
2026-02-03 22:03:56,244 | INFO | tifa_archivist.search | image search category=wallpaper query=Tifa Lockhart Final Fantasy VII wallpaper 4k -site:rare-gallery.com -site:wallpapersden.com -site:images.wallpapersden.com results=80 source=ddg
2026-02-03 22:03:56,720 | ERROR | tifa_archivist.orchestrator | worker 2 failed url=https://static.zerochan.net/Tifa.Lockhart.full.4245248.jpg
Traceback (most recent call last):
  File "C:\Users\Håkon\PycharmProjects\xAI\tifa_archivist\orchestrator.py", line 375, in download_worker
    sha256,
    ^^^^^^
UnboundLocalError: cannot access local variable 'sha256' where it is not associated with a value
2026-02-03 22:03:56,776 | ERROR | tifa_archivist.orchestrator | worker 1 failed url=https://static.zerochan.net/Tifa.Lockhart.full.3931548.jpg
Traceback (most recent call last):
  File "C:\Users\Håkon\PycharmProjects\xAI\tifa_archivist\orchestrator.py", line 375, in download_worker
    sha256,
    ^^^^^^
UnboundLocalError: cannot access local variable 'sha256' where it is not associated with a value
2026-02-03 22:03:56,778 | ERROR | tifa_archivist.orchestrator | worker 5 failed url=https://static.zerochan.net/Tifa.Lockhart.full.2624275.jpg
Traceback (most recent call last):
  File "C:\Users\Håkon\PycharmProjects\xAI\tifa_archivist\orchestrator.py", line 375, in download_worker
    sha256,
    ^^^^^^
UnboundLocalError: cannot access local variable 'sha256' where it is not associated with a value
2026-02-03 22:03:56,781 | ERROR | tifa_archivist.orchestrator | worker 4 failed url=https://static.zerochan.net/Tifa.Lockhart.full.4139418.jpg
Traceback (most recent call last):
  File "C:\Users\Håkon\PycharmProjects\xAI\tifa_archivist\orchestrator.py", line 375, in download_worker
    sha256,
    ^^^^^^
UnboundLocalError: cannot access local variable 'sha256' where it is not associated with a value
2026-02-03 22:03:56,795 | ERROR | tifa_archivist.orchestrator | worker 6 failed url=https://product.hstatic.net/200000515997/product/15fad9a4-c4b8-4cca-9f99-d93260a62910_5a487eadca974a5bafa6371120cd45ca_master.jpg
Traceback (most recent call last):
  File "C:\Users\Håkon\PycharmProjects\xAI\tifa_archivist\orchestrator.py", line 375, in download_worker
    sha256,
    ^^^^^^
UnboundLocalError: cannot access local variable 'sha256' where it is not associated with a value
2026-02-03 22:03:56,828 | ERROR | tifa_archivist.orchestrator | worker 1 failed url=https://preview.redd.it/tifa-lockhart-if-she-had-kept-her-original-outfit-from-ff7-v0-638defrh2gea1.jpg?auto=webp&s=286bfaf8cf72d9cc9cac2acbcb789804a80a7009
Traceback (most recent call last):
  File "C:\Users\Håkon\PycharmProjects\xAI\tifa_archivist\orchestrator.py", line 375, in download_worker
    sha256,
    ^^^^^^
UnboundLocalError: cannot access local variable 'sha256' where it is not associated with a value
2026-02-03 22:03:56,838 | ERROR | tifa_archivist.orchestrator | worker 7 failed url=https://static.zerochan.net/Tifa.Lockhart.full.619650.jpg
Traceback (most recent call last):
  File "C:\Users\Håkon\PycharmProjects\xAI\tifa_archivist\orchestrator.py", line 375, in download_worker
    sha256,
    ^^^^^^
UnboundLocalError: cannot access local variable 'sha256' where it is not associated with a value
2026-02-03 22:03:56,868 | ERROR | tifa_archivist.orchestrator | worker 4 failed url=https://cdn-prod.scalefast.com/public/assets/img/resized/squareenix-store-v3/9b18528f95e6f63fb5941485d333f35a_1920_KR.jpg
Traceback (most recent call last):
  File "C:\Users\Håkon\PycharmProjects\xAI\tifa_archivist\orchestrator.py", line 375, in download_worker
    sha256,
    ^^^^^^
UnboundLocalError: cannot access local variable 'sha256' where it is not associated with a value
2026-02-03 22:03:56,874 | ERROR | tifa_archivist.orchestrator | worker 3 failed url=https://static.zerochan.net/Tifa.Lockhart.1024.4141488.webp
Traceback (most recent call last):
  File "C:\Users\Håkon\PycharmProjects\xAI\tifa_archivist\orchestrator.py", line 375, in download_worker
    sha256,
    ^^^^^^
UnboundLocalError: cannot access local variable 'sha256' where it is not associated with a value
2026-02-03 22:03:56,911 | ERROR | tifa_archivist.orchestrator | worker 1 failed url=https://cdn.mos.cms.futurecdn.net/Bmzy7HsThTovRtTf3cphK8.jpg
Traceback (most recent call last):
  File "C:\Users\Håkon\PycharmProjects\xAI\tifa_archivist\orchestrator.py", line 375, in download_worker
    sha256,
    ^^^^^^
UnboundLocalError: cannot access local variable 'sha256' where it is not associated with a value
2026-02-03 22:03:57,129 | ERROR | tifa_archivist.orchestrator | worker 0 failed url=https://www.nastol.com.ua/images/202209/nastol.com.ua_500766.jpg
Traceback (most recent call last):
  File "C:\Users\Håkon\PycharmProjects\xAI\tifa_archivist\orchestrator.py", line 375, in download_worker
    sha256,
    ^^^^^^
UnboundLocalError: cannot access local variable 'sha256' where it is not associated with a value
2026-02-03 22:03:57,383 | ERROR | tifa_archivist.orchestrator | worker 0 failed url=https://static.wikia.nocookie.net/finalfantasy/images/2/21/Tifa_Lockhart_from_FFVII_Rebirth_promo_render.png/revision/latest?cb=20240304073043
Traceback (most recent call last):
  File "C:\Users\Håkon\PycharmProjects\xAI\tifa_archivist\orchestrator.py", line 375, in download_worker
    sha256,
    ^^^^^^
UnboundLocalError: cannot access local variable 'sha256' where it is not associated with a value
2026-02-03 22:03:58,161 | ERROR | tifa_archivist.orchestrator | worker 2 failed url=https://i.pinimg.com/originals/0c/19/ef/0c19efb9c9447b703c98c7f12e49e6ab.jpg
Traceback (most recent call last):
  File "C:\Users\Håkon\PycharmProjects\xAI\tifa_archivist\orchestrator.py", line 375, in download_worker
    sha256,
    ^^^^^^
UnboundLocalError: cannot access local variable 'sha256' where it is not associated with a value
2026-02-03 22:03:58,400 | ERROR | tifa_archivist.orchestrator | worker 3 failed url=https://a-static.besthdwallpaper.com/tifa-lockhart-final-fantasy-vii-remake-video-game-wallpaper-1536x2048-68623_203.jpg
Traceback (most recent call last):
  File "C:\Users\Håkon\PycharmProjects\xAI\tifa_archivist\orchestrator.py", line 375, in download_worker
    sha256,
    ^^^^^^
UnboundLocalError: cannot access local variable 'sha256' where it is not associated with a value
2026-02-03 22:04:00,675 | WARNING | tifa_archivist.download | download failed url=https://static.zerochan.net/Tifa.Lockhart.full.4089226.jpg error=status 429
2026-02-03 22:04:00,842 | WARNING | tifa_archivist.download | download failed url=https://static.zerochan.net/Tifa.Lockhart.full.3219165.png error=status 429
2026-02-03 22:04:01,325 | WARNING | tifa_archivist.download | download failed url=https://static.zerochan.net/Tifa.Lockhart.full.4002786.jpg error=status 429
2026-02-03 22:04:01,384 | ERROR | tifa_archivist.orchestrator | worker 6 failed url=https://favorgk.com/wp-content/uploads/2024/04/601-4.jpg
Traceback (most recent call last):
  File "C:\Users\Håkon\PycharmProjects\xAI\tifa_archivist\orchestrator.py", line 375, in download_worker
    sha256,
    ^^^^^^
UnboundLocalError: cannot access local variable 'sha256' where it is not associated with a value
2026-02-03 22:04:01,939 | WARNING | tifa_archivist.download | download failed url=https://static.zerochan.net/Tifa.Lockhart.full.2817211.jpg error=status 429
2026-02-03 22:04:03,862 | WARNING | tifa_archivist.download | download failed url=https://static.zerochan.net/Tifa.Lockhart.full.4222949.jpg error=status 429
2026-02-03 22:04:04,764 | WARNING | tifa_archivist.download | download failed url=https://static.zerochan.net/Tifa.Lockhart.full.4367989.jpg error=status 429
2026-02-03 22:04:05,114 | WARNING | tifa_archivist.download | download failed url=https://static.zerochan.net/Tifa.Lockhart.full.4405123.jpg error=status 429
2026-02-03 22:04:05,753 | WARNING | tifa_archivist.download | download failed url=https://static.zerochan.net/Tifa.Lockhart.full.4002786.jpg error=status 429
2026-02-03 22:04:06,254 | WARNING | tifa_archivist.download | download failed url=https://static.zerochan.net/Tifa.Lockhart.full.2817211.jpg error=status 429
2026-02-03 22:04:06,367 | WARNING | tifa_archivist.download | download failed url=https://static.zerochan.net/Tifa.Lockhart.full.4319595.jpg error=status 429
2026-02-03 22:04:06,746 | ERROR | tifa_archivist.orchestrator | worker 1 failed url=https://img2.joyreactor.com/pics/post/full/tifa-lockhart-final-fantasy-VII-final-fantasy-4200000.jpeg
Traceback (most recent call last):
  File "C:\Users\Håkon\PycharmProjects\xAI\tifa_archivist\orchestrator.py", line 375, in download_worker
    sha256,
    ^^^^^^
UnboundLocalError: cannot access local variable 'sha256' where it is not associated with a value
2026-02-03 22:04:07,110 | ERROR | tifa_archivist.orchestrator | worker 0 failed url=https://criticalhits.com.br/wp-content/uploads/2024/03/tifa-falling-in-final-fantasy-7-1280x640.webp
Traceback (most recent call last):
  File "C:\Users\Håkon\PycharmProjects\xAI\tifa_archivist\orchestrator.py", line 375, in download_worker
    sha256,
    ^^^^^^
UnboundLocalError: cannot access local variable 'sha256' where it is not associated with a value
2026-02-03 22:04:08,110 | WARNING | tifa_archivist.download | download failed url=https://static.zerochan.net/Tifa.Lockhart.full.4222949.jpg error=status 429
2026-02-03 22:04:08,194 | ERROR | tifa_archivist.orchestrator | worker 2 failed url=https://wallpapercave.com/wp/wp6018941.jpg
Traceback (most recent call last):
  File "C:\Users\Håkon\PycharmProjects\xAI\tifa_archivist\orchestrator.py", line 375, in download_worker
    sha256,
    ^^^^^^
UnboundLocalError: cannot access local variable 'sha256' where it is not associated with a value
2026-02-03 22:04:08,572 | WARNING | tifa_archivist.download | download failed url=https://static.zerochan.net/Tifa.Lockhart.full.4405123.jpg error=status 429
2026-02-03 22:04:08,595 | ERROR | tifa_archivist.orchestrator | worker 2 failed url=https://img2.joyreactor.com/pics/post/full/moshimoshibe-artist-tifa-lockhart-6052025.jpeg
Traceback (most recent call last):
  File "C:\Users\Håkon\PycharmProjects\xAI\tifa_archivist\orchestrator.py", line 375, in download_worker
    sha256,
    ^^^^^^
UnboundLocalError: cannot access local variable 'sha256' where it is not associated with a value
2026-02-03 22:04:08,894 | WARNING | tifa_archivist.download | download failed url=https://static.zerochan.net/Tifa.Lockhart.full.4367989.jpg error=status 429
2026-02-03 22:04:10,406 | WARNING | tifa_archivist.download | download failed url=https://static.zerochan.net/Tifa.Lockhart.full.4319595.jpg error=status 429
2026-02-03 22:04:10,451 | WARNING | tifa_archivist.download | download failed url=https://static.zerochan.net/Tifa.Lockhart.full.887282.jpg error=status 429
2026-02-03 22:04:10,560 | WARNING | tifa_archivist.download | download failed url=https://static.zerochan.net/Tifa.Lockhart.full.4086444.jpg error=status 429
2026-02-03 22:04:10,650 | ERROR | tifa_archivist.orchestrator | worker 2 failed url=https://www.creativeuncut.com/social/final-fantasy-7.jpg
Traceback (most recent call last):
  File "C:\Users\Håkon\PycharmProjects\xAI\tifa_archivist\orchestrator.py", line 375, in download_worker
    sha256,
    ^^^^^^
UnboundLocalError: cannot access local variable 'sha256' where it is not associated with a value
2026-02-03 22:04:12,236 | WARNING | tifa_archivist.download | download failed url=https://static.zerochan.net/Tifa.Lockhart.full.4088326.jpg error=status 429
2026-02-03 22:04:12,282 | ERROR | tifa_archivist.orchestrator | worker 4 failed url=https://e7.pngegg.com/pngimages/331/226/png-clipart-final-fantasy-vii-advent-children-tifa-lockhart-yuffie-kisaragi-aerith-gainsborough-others-miscellaneous-video-game.png
Traceback (most recent call last):
  File "C:\Users\Håkon\PycharmProjects\xAI\tifa_archivist\orchestrator.py", line 375, in download_worker
    sha256,
    ^^^^^^
UnboundLocalError: cannot access local variable 'sha256' where it is not associated with a value
2026-02-03 22:04:12,529 | WARNING | tifa_archivist.download | download failed url=https://static.zerochan.net/Tifa.Lockhart.full.4367989.jpg error=status 429
2026-02-03 22:04:12,959 | WARNING | tifa_archivist.download | download failed url=https://static.zerochan.net/Tifa.Lockhart.full.4405123.jpg error=status 429
2026-02-03 22:04:13,946 | ERROR | tifa_archivist.orchestrator | worker 5 failed url=https://images.hdqwalls.com/download/final-fantasy-vii-rebirth-aerith-gainsborough-and-tifa-lockhart-93-2560x1440.jpg
Traceback (most recent call last):
  File "C:\Users\Håkon\PycharmProjects\xAI\tifa_archivist\orchestrator.py", line 375, in download_worker
    sha256,
    ^^^^^^
UnboundLocalError: cannot access local variable 'sha256' where it is not associated with a value
2026-02-03 22:04:14,642 | WARNING | tifa_archivist.download | download failed url=https://static.zerochan.net/Tifa.Lockhart.full.4086444.jpg error=status 429
2026-02-03 22:04:15,382 | WARNING | tifa_archivist.download | download failed url=https://static.zerochan.net/Tifa.Lockhart.full.887282.jpg error=status 429
2026-02-03 22:04:15,516 | ERROR | tifa_archivist.orchestrator | worker 4 failed url=https://motionbgs.com/media/8311/tifa-lockhart-final-fantasy-vii-remake.3840x2160.jpg
Traceback (most recent call last):
  File "C:\Users\Håkon\PycharmProjects\xAI\tifa_archivist\orchestrator.py", line 375, in download_worker
    sha256,
    ^^^^^^
UnboundLocalError: cannot access local variable 'sha256' where it is not associated with a value
2026-02-03 22:04:15,696 | ERROR | tifa_archivist.orchestrator | worker 6 failed url=https://img2.joyreactor.com/pics/post/Game-Art-games-tifa-lockhart-7164231.jpeg
Traceback (most recent call last):
  File "C:\Users\Håkon\PycharmProjects\xAI\tifa_archivist\orchestrator.py", line 375, in download_worker
    sha256,
    ^^^^^^
UnboundLocalError: cannot access local variable 'sha256' where it is not associated with a value
2026-02-03 22:04:15,748 | ERROR | tifa_archivist.orchestrator | worker 4 failed url=https://cdna.artstation.com/p/assets/images/images/073/201/694/large/victor-penguih-tifa-bikini.jpg?1709131184
Traceback (most recent call last):
  File "C:\Users\Håkon\PycharmProjects\xAI\tifa_archivist\orchestrator.py", line 375, in download_worker
    sha256,
    ^^^^^^
UnboundLocalError: cannot access local variable 'sha256' where it is not associated with a value
2026-02-03 22:04:16,324 | WARNING | tifa_archivist.download | download failed url=https://static.zerochan.net/Tifa.Lockhart.full.4094598.jpg error=status 429
2026-02-03 22:04:16,703 | WARNING | tifa_archivist.download | download failed url=https://static.zerochan.net/Tifa.Lockhart.full.3507427.jpg error=status 429
2026-02-03 22:04:16,964 | WARNING | tifa_archivist.download | download failed url=https://static.zerochan.net/Tifa.Lockhart.full.4088326.jpg error=status 429
2026-02-03 22:04:17,822 | WARNING | tifa_archivist.download | download failed url=https://static.zerochan.net/Tifa.Lockhart.full.4291386.jpg error=status 429
2026-02-03 22:04:18,623 | WARNING | tifa_archivist.download | download failed url=https://static.zerochan.net/Tifa.Lockhart.full.4086444.jpg error=status 429
2026-02-03 22:04:19,246 | WARNING | tifa_archivist.download | download failed url=https://static.zerochan.net/Tifa.Lockhart.full.4092735.jpg error=status 429
2026-02-03 22:04:19,284 | WARNING | tifa_archivist.download | download failed url=https://static.zerochan.net/Tifa.Lockhart.full.4085885.jpg error=status 429
2026-02-03 22:04:20,531 | ERROR | tifa_archivist.orchestrator | worker 3 failed url=https://static.zerochan.net/Tifa.Lockhart.full.4094598.jpg
Traceback (most recent call last):
  File "C:\Users\Håkon\PycharmProjects\xAI\tifa_archivist\orchestrator.py", line 375, in download_worker
    sha256,
    ^^^^^^
UnboundLocalError: cannot access local variable 'sha256' where it is not associated with a value
2026-02-03 22:04:20,969 | WARNING | tifa_archivist.download | download failed url=https://static.zerochan.net/Tifa.Lockhart.full.3507427.jpg error=status 429
2026-02-03 22:04:21,019 | WARNING | tifa_archivist.download | download failed url=https://static.zerochan.net/Tifa.Lockhart.full.4054611.jpg error=status 429
2026-02-03 22:04:21,217 | WARNING | tifa_archivist.download | download failed url=https://static.zerochan.net/Tifa.Lockhart.full.4291386.jpg error=status 429
2026-02-03 22:04:21,356 | WARNING | tifa_archivist.download | download failed url=https://static.zerochan.net/Tifa.Lockhart.full.4092041.jpg error=status 429
2026-02-03 22:04:22,318 | ERROR | tifa_archivist.orchestrator | worker 3 failed url=https://images.hdqwalls.com/wallpapers/tifa-lockhart-final-fantasy-game-artwork-gw.jpg
Traceback (most recent call last):
  File "C:\Users\Håkon\PycharmProjects\xAI\tifa_archivist\orchestrator.py", line 375, in download_worker
    sha256,
    ^^^^^^
UnboundLocalError: cannot access local variable 'sha256' where it is not associated with a value
2026-02-03 22:04:23,006 | WARNING | tifa_archivist.download | download failed url=https://static.zerochan.net/Tifa.Lockhart.full.4092735.jpg error=status 429
2026-02-03 22:04:23,109 | WARNING | tifa_archivist.download | download failed url=https://static.zerochan.net/Tifa.Lockhart.full.4522767.jpg error=status 429
2026-02-03 22:04:23,220 | WARNING | tifa_archivist.download | download failed url=https://static.zerochan.net/Tifa.Lockhart.full.4085885.jpg error=status 429
2026-02-03 22:04:23,514 | ERROR | tifa_archivist.orchestrator | worker 4 failed url=https://static.zerochan.net/Tifa.Lockhart.full.4092041.jpg
Traceback (most recent call last):
  File "C:\Users\Håkon\PycharmProjects\xAI\tifa_archivist\orchestrator.py", line 375, in download_worker
    sha256,
    ^^^^^^
UnboundLocalError: cannot access local variable 'sha256' where it is not associated with a value
2026-02-03 22:04:23,852 | ERROR | tifa_archivist.orchestrator | worker 3 failed url=https://a-static.besthdwallpaper.com/tifa-lockhart-final-fantasy-vii-remake-ffvii-wallpaper-600x1024-68696_205.jpg
Traceback (most recent call last):
  File "C:\Users\Håkon\PycharmProjects\xAI\tifa_archivist\orchestrator.py", line 375, in download_worker
    sha256,
    ^^^^^^
UnboundLocalError: cannot access local variable 'sha256' where it is not associated with a value
