2026-01-18 21:59:27,934 | WARNING | tifa_archivist.classify | vision check skipped: {"code":"Client specified an invalid argument","error":"Invalid request content: Failed to decode image buffer."}
2026-01-18 21:59:28,883 | INFO | primp | response: https://duckduckgo.com/?q=Tifa+Lockhart+Final+Fantasy+VII+wallpaper+4k+-site%3Arare-gallery.com+-site%3Awallpapersden.com+-site%3Aimages.wallpapersden.com 200
2026-01-18 21:59:28,897 | INFO | primp | response: https://duckduckgo.com/?q=Tifa+Lockhart+Final+Fantasy+VII+original+game+screenshot+official+art+-site%3Arare-gallery.com+-site%3Awallpapersden.com+-site%3Aimages.wallpapersden.com 200
2026-01-18 21:59:29,310 | INFO | primp | response: https://duckduckgo.com/i.js?o=json&q=Tifa+Lockhart+Final+Fantasy+VII+original+game+screenshot+official+art+-site%3Arare-gallery.com+-site%3Awallpapersden.com+-site%3Aimages.wallpapersden.com&l=us-en&vqd=4-153254393530325571759870367059136766917&p=-1 200
2026-01-18 21:59:29,334 | INFO | primp | response: https://duckduckgo.com/i.js?o=json&q=Tifa+Lockhart+Final+Fantasy+VII+wallpaper+4k+-site%3Arare-gallery.com+-site%3Awallpapersden.com+-site%3Aimages.wallpapersden.com&l=us-en&vqd=4-44110104260816381600278604251843923895&p=-1 200
2026-01-18 21:59:29,343 | INFO | tifa_archivist.search | image search category=original_game query=Tifa Lockhart Final Fantasy VII original game screenshot official art -site:rare-gallery.com -site:wallpapersden.com -site:images.wallpapersden.com results=78 source=ddg
2026-01-18 21:59:29,367 | INFO | tifa_archivist.search | image search category=wallpaper query=Tifa Lockhart Final Fantasy VII wallpaper 4k -site:rare-gallery.com -site:wallpapersden.com -site:images.wallpapersden.com results=80 source=ddg
2026-01-18 21:59:30,211 | INFO | primp | response: https://duckduckgo.com/?q=Tifa+Lockhart+Final+Fantasy+VII+2D+fanart+-site%3Arare-gallery.com+-site%3Awallpapersden.com+-site%3Aimages.wallpapersden.com 200
2026-01-18 21:59:30,288 | INFO | primp | response: https://duckduckgo.com/?q=Tifa+Lockhart+Final+Fantasy+VII+cosplay+-site%3Arare-gallery.com+-site%3Awallpapersden.com+-site%3Aimages.wallpapersden.com 200
2026-01-18 21:59:30,644 | INFO | primp | response: https://duckduckgo.com/i.js?o=json&q=Tifa+Lockhart+Final+Fantasy+VII+2D+fanart+-site%3Arare-gallery.com+-site%3Awallpapersden.com+-site%3Aimages.wallpapersden.com&l=us-en&vqd=4-322644379623782271340181409127135217138&p=-1 200
2026-01-18 21:59:30,677 | INFO | tifa_archivist.search | image search category=fanart_2d query=Tifa Lockhart Final Fantasy VII 2D fanart -site:rare-gallery.com -site:wallpapersden.com -site:images.wallpapersden.com results=80 source=ddg
2026-01-18 21:59:30,725 | INFO | primp | response: https://duckduckgo.com/i.js?o=json&q=Tifa+Lockhart+Final+Fantasy+VII+cosplay+-site%3Arare-gallery.com+-site%3Awallpapersden.com+-site%3Aimages.wallpapersden.com&l=us-en&vqd=4-229913488258179920482862519001469517024&p=-1 200
2026-01-18 21:59:30,757 | INFO | tifa_archivist.search | image search category=cosplay query=Tifa Lockhart Final Fantasy VII cosplay -site:rare-gallery.com -site:wallpapersden.com -site:images.wallpapersden.com results=80 source=ddg
2026-01-18 21:59:31,716 | INFO | primp | response: https://duckduckgo.com/?q=Tifa+Lockhart+Final+Fantasy+VII+3D+render+-site%3Arare-gallery.com+-site%3Awallpapersden.com+-site%3Aimages.wallpapersden.com 200
2026-01-18 21:59:31,854 | INFO | primp | response: https://duckduckgo.com/?q=Tifa+Lockhart+Final+Fantasy+VII+sexy+SFW+-site%3Arare-gallery.com+-site%3Awallpapersden.com+-site%3Aimages.wallpapersden.com 200
2026-01-18 21:59:32,237 | INFO | primp | response: https://duckduckgo.com/i.js?o=json&q=Tifa+Lockhart+Final+Fantasy+VII+3D+render+-site%3Arare-gallery.com+-site%3Awallpapersden.com+-site%3Aimages.wallpapersden.com&l=us-en&vqd=4-41490973856110260571359582529809739721&p=-1 200
2026-01-18 21:59:32,270 | INFO | tifa_archivist.search | image search category=render_3d query=Tifa Lockhart Final Fantasy VII 3D render -site:rare-gallery.com -site:wallpapersden.com -site:images.wallpapersden.com results=80 source=ddg
2026-01-18 21:59:32,373 | INFO | primp | response: https://duckduckgo.com/i.js?o=json&q=Tifa+Lockhart+Final+Fantasy+VII+sexy+SFW+-site%3Arare-gallery.com+-site%3Awallpapersden.com+-site%3Aimages.wallpapersden.com&l=us-en&vqd=4-85336076130427004641008606799110339392&p=-1 200
2026-01-18 21:59:32,407 | INFO | tifa_archivist.search | image search category=sexy_sfw query=Tifa Lockhart Final Fantasy VII sexy SFW -site:rare-gallery.com -site:wallpapersden.com -site:images.wallpapersden.com results=80 source=ddg
2026-01-18 21:59:33,191 | INFO | primp | response: https://duckduckgo.com/?q=Tifa+Lockhart+Final+Fantasy+VII+nsfw+-site%3Arare-gallery.com+-site%3Awallpapersden.com+-site%3Aimages.wallpapersden.com 200
2026-01-18 21:59:33,288 | INFO | primp | response: https://duckduckgo.com/?q=Tifa+Lockhart+Final+Fantasy+VII+-site%3Arare-gallery.com+-site%3Awallpapersden.com+-site%3Aimages.wallpapersden.com 200
2026-01-18 21:59:33,507 | WARNING | tifa_archivist.orchestrator | classification failed url=https://i.pinimg.com/originals/d3/85/a1/d385a19445fe42076022b19d1e359f46.jpg error={"code":"Client specified an invalid argument","error":"Invalid request content: Failed to decode image buffer."}
2026-01-18 21:59:33,775 | INFO | primp | response: https://duckduckgo.com/i.js?o=json&q=Tifa+Lockhart+Final+Fantasy+VII+-site%3Arare-gallery.com+-site%3Awallpapersden.com+-site%3Aimages.wallpapersden.com&l=us-en&vqd=4-276622429183656969331476054530120652509&p=-1 200
2026-01-18 21:59:33,808 | INFO | tifa_archivist.search | image search category=other query=Tifa Lockhart Final Fantasy VII -site:rare-gallery.com -site:wallpapersden.com -site:images.wallpapersden.com results=80 source=ddg
2026-01-18 21:59:33,812 | WARNING | tifa_archivist.download | download failed url=https://images4.alphacoders.com/111/1112099.jpg error=image too small
2026-01-18 21:59:33,836 | INFO | primp | response: https://duckduckgo.com/i.js?o=json&q=Tifa+Lockhart+Final+Fantasy+VII+nsfw+-site%3Arare-gallery.com+-site%3Awallpapersden.com+-site%3Aimages.wallpapersden.com&l=us-en&vqd=4-80396242553169087737275775949432373085&p=-1 200
2026-01-18 21:59:33,868 | INFO | tifa_archivist.search | image search category=nsfw query=Tifa Lockhart Final Fantasy VII nsfw -site:rare-gallery.com -site:wallpapersden.com -site:images.wallpapersden.com results=80 source=ddg
2026-01-18 21:59:33,873 | INFO | tifa_archivist.orchestrator | search cap reached urls=200 max_urls=200
2026-01-18 21:59:34,534 | WARNING | tifa_archivist.download | download failed url=https://www.previewsworld.com/SiteImage/MainImage/STL252199.jpg error=Cannot connect to host www.previewsworld.com:443 ssl:True [SSLCertVerificationError: (1, '[SSL: CERTIFICATE_VERIFY_FAILED] certificate verify failed: unable to get local issuer certificate (_ssl.c:1000)')]
2026-01-18 21:59:34,538 | WARNING | tifa_archivist.orchestrator | classification failed url=https://pixelz.cc/wp-content/uploads/2019/12/final-fantasy-7-remake-cloud-strife-tifa-lockhart-uhd-4k-wallpaper.jpg error={"code":"Client specified an invalid argument","error":"Invalid request content: Failed to decode image buffer."}
2026-01-18 21:59:34,740 | INFO | tifa_archivist.orchestrator | image decode skipped url=https://images4.alphacoders.com/705/70586.jpg reason=ok_undecoded mime=image/jpeg
2026-01-18 21:59:41,364 | WARNING | tifa_archivist.orchestrator | classification failed url=https://wallpapers.com/images/hd/tifa-lockhart-4k-wallpaper-9yt7yrl1xv49hu2j.jpg error={"code":"Client specified an invalid argument","error":"Invalid request content: Failed to decode image buffer."}
2026-01-18 21:59:45,262 | WARNING | tifa_archivist.orchestrator | classification failed url=https://p4.wallpaperbetter.com/wallpaper/328/759/670/final-fantasy-vii-remake-tifa-lockhart-vertical-hd-wallpaper-preview.jpg error={"code":"Client specified an invalid argument","error":"Invalid request content: Failed to decode image buffer."}
2026-01-18 21:59:47,160 | WARNING | tifa_archivist.download | download failed url=https://images2.alphacoders.com/119/1196766.jpg error=image too small
2026-01-18 21:59:49,210 | INFO | tifa_archivist.orchestrator | image decode skipped url=https://static.zerochan.net/Tifa.Lockhart.full.3645097.jpg reason=ok_undecoded mime=image/jpeg
2026-01-18 21:59:51,876 | WARNING | tifa_archivist.download | download failed url=https://coolwallpapers.me/picsup/2960881-artwork-digital-2d-tifa-lockhart-final-fantasy-vii___abstract-wallpapers.jpg error=status 404
