2026-01-18 20:16:17,698 | WARNING | tifa_archivist.classify | vision check skipped: {"code":"Client specified an invalid argument","error":"Invalid request content: Failed to decode image buffer."}
2026-01-18 20:16:18,776 | INFO | primp | response: https://duckduckgo.com/?q=Tifa+Lockhart+Final+Fantasy+VII+original+game+screenshot+official+art 200
2026-01-18 20:16:18,786 | INFO | primp | response: https://duckduckgo.com/?q=Tifa+Lockhart+Final+Fantasy+VII+wallpaper+4k 200
2026-01-18 20:16:19,245 | INFO | primp | response: https://duckduckgo.com/i.js?o=json&q=Tifa+Lockhart+Final+Fantasy+VII+original+game+screenshot+official+art&l=us-en&vqd=4-327180397659876011535303262991128953647&p=-1 200
2026-01-18 20:16:19,278 | INFO | tifa_archivist.search | image search category=original_game query=Tifa Lockhart Final Fantasy VII original game screenshot official art results=80 source=ddg
2026-01-18 20:16:19,327 | INFO | tifa_archivist.orchestrator | discarded invalid image url=https://static0.gamerantimages.com/wordpress/wp-content/uploads/2025/01/final-fantasy-7-rebirth-tifa-lockhart-next-to-aerith-gainsborough.jpg reason=decode_failed
2026-01-18 20:16:19,409 | INFO | tifa_archivist.orchestrator | discarded invalid image url=https://i.redd.it/6h2xbnzy8tt41.jpg reason=decode_failed
2026-01-18 20:16:19,419 | INFO | primp | response: https://duckduckgo.com/i.js?o=json&q=Tifa+Lockhart+Final+Fantasy+VII+wallpaper+4k&l=us-en&vqd=4-139863817199826160696407754788621860474&p=-1 200
2026-01-18 20:16:19,451 | INFO | tifa_archivist.search | image search category=wallpaper query=Tifa Lockhart Final Fantasy VII wallpaper 4k results=80 source=ddg
2026-01-18 20:16:19,452 | INFO | tifa_archivist.orchestrator | search cap reached urls=40 max_urls=40
2026-01-18 20:16:19,583 | INFO | tifa_archivist.orchestrator | discarded invalid image url=https://images-wixmp-ed30a86b8c4ca887773594c2.wixmp.com/f/9a02fc51-eb64-4034-aba7-d3bcee8913d0/ddna0zr-3f639993-fb60-44b1-bf55-19c560b4ddc9.jpg?token=eyJ0eXAiOiJKV1QiLCJhbGciOiJIUzI1NiJ9.eyJzdWIiOiJ1cm46YXBwOjdlMGQxODg5ODIyNjQzNzNhNWYwZDQxNWVhMGQyNmUwIiwiaXNzIjoidXJuOmFwcDo3ZTBkMTg4OTgyMjY0MzczYTVmMGQ0MTVlYTBkMjZlMCIsIm9iaiI6W1t7InBhdGgiOiJcL2ZcLzlhMDJmYzUxLWViNjQtNDAzNC1hYmE3LWQzYmNlZTg5MTNkMFwvZGRuYTB6ci0zZjYzOTk5My1mYjYwLTQ0YjEtYmY1NS0xOWM1NjBiNGRkYzkuanBnIn1dXSwiYXVkIjpbInVybjpzZXJ2aWNlOmZpbGUuZG93bmxvYWQiXX0.vil2XNUR6czrWi7b5IPCnqyCEasClFLZjcqZ7uwMLHA reason=decode_failed
2026-01-18 20:16:20,876 | INFO | tifa_archivist.orchestrator | discarded invalid image url=https://wallpapercrafter.com/desktop1/641157-Final-Fantasy-Final-Fantasy-VII-Tifa-Lockhart-tifa.jpg reason=decode_failed
2026-01-18 20:16:21,278 | INFO | tifa_archivist.orchestrator | discarded invalid image url=https://image3.uhdpaper.com/wallpaper/tifa-lockhart-final-fantasy-7-remake-uhdpaper.com-4K-3.1555.jpg reason=decode_failed
2026-01-18 20:16:22,042 | INFO | primp | response: https://duckduckgo.com/?q=Tifa+Lockhart+Final+Fantasy+VII+cosplay 200
2026-01-18 20:16:22,509 | INFO | primp | response: https://duckduckgo.com/i.js?o=json&q=Tifa+Lockhart+Final+Fantasy+VII+cosplay&l=us-en&vqd=4-87488508189993992667872254745436976877&p=-1 200
2026-01-18 20:16:22,543 | INFO | tifa_archivist.search | image search category=cosplay query=Tifa Lockhart Final Fantasy VII cosplay results=80 source=ddg
2026-01-18 20:16:22,752 | INFO | tifa_archivist.orchestrator | discarded invalid image url=https://i.pinimg.com/originals/0c/19/ef/0c19efb9c9447b703c98c7f12e49e6ab.jpg reason=decode_failed
2026-01-18 20:16:22,809 | INFO | tifa_archivist.orchestrator | discarded invalid image url=https://cdn.mos.cms.futurecdn.net/Bmzy7HsThTovRtTf3cphK8.jpg reason=decode_failed
2026-01-18 20:16:23,034 | INFO | tifa_archivist.orchestrator | discarded invalid image url=https://image.tensorartassets.com/cdn-cgi/image/w=500,q=85/model_showcase/605584298474545490/ae906b36-5233-b5bb-882b-4c03ec5adf65.jpeg reason=decode_failed
2026-01-18 20:16:23,147 | INFO | tifa_archivist.orchestrator | discarded invalid image url=https://images.hdqwalls.com/download/tifa-lockhart-in-final-fantasy-vii-po-1280x2120.jpg reason=decode_failed
2026-01-18 20:16:23,178 | WARNING | tifa_archivist.download | download failed url=https://rare-gallery.com/uploads/posts/306778-Tifa-Lockhart-Final-Fantasy-7-Remake-4K.jpg error=status 403
2026-01-18 20:16:23,210 | WARNING | tifa_archivist.download | download failed url=https://rare-gallery.com/uploads/posts/342379-Tifa-Lockhart-Final-Fantasy-7-Remake-FF7-Video-Game-Final-Fantasy-VII-Remake-FFVII.jpg error=status 403
2026-01-18 20:16:23,385 | WARNING | tifa_archivist.download | download failed url=https://rare-gallery.com/mocahbig/1394457-Tifa-Lockhart-Final-Fantasy-7-Remake-Video-Game-Final.jpg error=status 403
2026-01-18 20:16:23,411 | WARNING | tifa_archivist.download | download failed url=https://images.wallpapersden.com/image/download/tifa-lockhart-final-fantasy-7-remake_a25qZmaUmZqaraWkpJRnZWVlrWZmZ2o.jpg error=status 403
2026-01-18 20:16:23,708 | WARNING | tifa_archivist.download | download failed url=https://rare-gallery.com/uploads/posts/341668-Tifa-Lockhart-Final-Fantasy-7-Remake-FF7-Video-Game-Final-Fantasy-VII-Remake-FFVII.jpg error=status 403
2026-01-18 20:16:23,890 | INFO | tifa_archivist.orchestrator | discarded invalid image url=https://criticalhits.com.br/wp-content/uploads/2024/03/tifa-falling-in-final-fantasy-7-1280x640.webp reason=decode_failed
2026-01-18 20:16:23,991 | WARNING | tifa_archivist.download | download failed url=https://www.previewsworld.com/SiteImage/MainImage/STL252199.jpg error=Cannot connect to host www.previewsworld.com:443 ssl:True [SSLCertVerificationError: (1, '[SSL: CERTIFICATE_VERIFY_FAILED] certificate verify failed: unable to get local issuer certificate (_ssl.c:1000)')]
2026-01-18 20:16:24,587 | INFO | tifa_archivist.orchestrator | discarded invalid image url=https://www.creativeuncut.com/gallery-45/art/ff7ec-tifa-lockhart-portrait.jpg reason=decode_failed
2026-01-18 20:16:25,259 | INFO | tifa_archivist.orchestrator | discarded invalid image url=https://wallpapercrafter.com/desktop1/551298-Final-Fantasy-VII-Remake-Tifa-Lockhart-Cloud-Strife.jpg reason=decode_failed
2026-01-18 20:16:25,361 | WARNING | tifa_archivist.download | download failed url=https://rare-gallery.com/uploads/posts/346824-Tifa-Lockhart-Final-Fantasy-7-Remake-FF7-Video-Game-Final-Fantasy-VII-Remake-FFVII.jpg error=status 403
2026-01-18 20:16:25,785 | INFO | tifa_archivist.orchestrator | discarded invalid image url=https://images4.alphacoders.com/106/1069101.jpg reason=decode_failed
2026-01-18 20:16:26,197 | INFO | tifa_archivist.orchestrator | discarded invalid image url=https://www.jp.square-enix.com/ffvii_rebirth/character/_img/tifa/chara_full.png reason=decode_failed
2026-01-18 20:16:26,445 | INFO | tifa_archivist.orchestrator | discarded invalid image url=https://s1.zerochan.net/Tifa.Lockhart.600.4089226.jpg reason=decode_failed
2026-01-18 20:16:26,533 | INFO | tifa_archivist.orchestrator | discarded invalid image url=https://www.hlj.com/productimages/enx/enx38173_0.jpg reason=decode_failed
2026-01-18 20:16:26,747 | INFO | tifa_archivist.orchestrator | discarded invalid image url=https://i.pinimg.com/originals/26/32/97/263297d9d3bfcd762b10e969aac09ef1.jpg reason=decode_failed
2026-01-18 20:16:26,813 | INFO | tifa_archivist.orchestrator | discarded invalid image url=https://cdn-prod.scalefast.com/public/assets/img/resized/squareenix-store-v3/9b18528f95e6f63fb5941485d333f35a_1920_KR.jpg reason=decode_failed
2026-01-18 20:16:27,428 | WARNING | tifa_archivist.download | download failed url=https://rare-gallery.com/uploads/posts/341667-Tifa-Lockhart-Final-Fantasy-7-Remake-FF7-Video-Game-Final-Fantasy-VII-Remake-FFVII-Art.jpg error=status 403
2026-01-18 20:16:28,718 | WARNING | tifa_archivist.download | download failed url=https://rare-gallery.com/uploads/posts/342385-Tifa-Lockhart-Final-Fantasy-7-Remake-FF7-Video-Game-Final-Fantasy-VII-Remake-FFVII.jpg error=status 403
2026-01-18 20:16:28,858 | WARNING | tifa_archivist.download | download failed url=https://images.wallpapersden.com/image/download/tifa-lockhart-final-fantasy-7-remake_69511_1280x2120.jpg error=status 403
2026-01-18 20:16:29,232 | WARNING | tifa_archivist.download | download failed url=https://www.hdwallpapers.in/download/tifa_lockhart_final_fantasy_vii_artwork-1920x1080.jpg error=unsupported content-type application/force-download
2026-01-18 20:16:29,321 | WARNING | tifa_archivist.download | download failed url=https://images.wallpapersden.com/image/download/tifa-lockhart-final-fantasy-7-remake_a25qZmaUmZqaraWkpJRmZ21lrWZlZ2k.jpg error=status 403
2026-01-18 20:16:29,551 | INFO | tifa_archivist.orchestrator | discarded invalid image url=https://4.bp.blogspot.com/-z68b0JZtIfY/XQAJLdVPXNI/AAAAAAAAHEE/kwEKkQUXbgM3b8ySx2vUY0L5bZNntkjcgCKgBGAs/w0/tifa-lockhart-final-fantasy-7-remake-uhdpaper.com-4K-18.jpg reason=decode_failed
2026-01-18 20:16:29,573 | INFO | tifa_archivist.orchestrator | discarded invalid image url=https://wallpapers.com/images/hd/tifa-lockhart-4k-wallpaper-a83flpornh11vqz8.jpg reason=decode_failed
2026-01-18 20:16:29,919 | WARNING | tifa_archivist.download | download failed url=https://rare-gallery.com/mocahbig/393478-tifa-lockhart-final-fantasy-7-remake-ff7-ffvii.jpg error=status 403
2026-01-18 20:16:29,955 | INFO | tifa_archivist.orchestrator | discarded invalid image url=https://a-static.besthdwallpaper.com/tifa-lockhart-fantasy-art-final-fantasy-vii-remake-video-game-wallpaper-3840x2160-68631_54.jpg reason=decode_failed
2026-01-18 20:16:30,292 | INFO | tifa_archivist.orchestrator | discarded invalid image url=https://3.bp.blogspot.com/-Os7uIBJ94yI/XR41Ow0Fw6I/AAAAAAAAIGk/NykXPTYGlv0mTRhZzGGGLd_B4vD9Kb95gCKgBGAs/w0/tifa-lockhart-final-fantasy-7-remake-uhdpaper.com-4K-41.jpg reason=decode_failed
2026-01-18 20:16:30,992 | INFO | tifa_archivist.orchestrator | discarded invalid image url=https://images.hdqwalls.com/download/final-fantasy-vii-rebirth-aerith-gainsborough-and-tifa-lockhart-93-2560x1440.jpg reason=decode_failed
2026-01-18 20:16:31,325 | WARNING | tifa_archivist.download | download failed url=https://images2.alphacoders.com/132/1323431.jpeg error=image too small
2026-01-18 20:16:31,607 | WARNING | tifa_archivist.download | download failed url=https://rare-gallery.com/uploads/posts/956353-Final-Fantasy-VII-Remake-Tifa-Lockhart-Final-Fantasy-VII.jpg error=status 403
2026-01-18 20:16:33,134 | WARNING | tifa_archivist.download | download failed url=https://rare-gallery.com/uploads/posts/305456-Final-Fantasy-7-Remake-Cloud-Strife-Tifa-Lockhart-4K.jpg error=status 403
2026-01-18 20:16:33,965 | WARNING | tifa_archivist.download | download failed url=https://rare-gallery.com/mocahbig/87841-tifa-lockhart-final-fantasy-games-hd-4k.jpg error=status 403
