2026-01-22 23:31:50,908 | WARNING | tifa_archivist.classify | vision check skipped: {"code":"Client specified an invalid argument","error":"Invalid request content: Failed to decode image buffer."}
2026-01-22 23:31:52,291 | INFO | primp | response: https://duckduckgo.com/?q=Tifa+Lockhart+Final+Fantasy+VII+original+game+screenshot+official+art+-site%3Arare-gallery.com+-site%3Awallpapersden.com+-site%3Aimages.wallpapersden.com 200
2026-01-22 23:31:52,817 | INFO | primp | response: https://duckduckgo.com/i.js?o=json&q=Tifa+Lockhart+Final+Fantasy+VII+original+game+screenshot+official+art+-site%3Arare-gallery.com+-site%3Awallpapersden.com+-site%3Aimages.wallpapersden.com&l=us-en&vqd=4-153297998175649678407534252817657611749&p=-1 200
2026-01-22 23:31:52,849 | INFO | tifa_archivist.search | image search category=original_game query=Tifa Lockhart Final Fantasy VII original game screenshot official art -site:rare-gallery.com -site:wallpapersden.com -site:images.wallpapersden.com results=80 source=ddg
2026-01-22 23:31:52,994 | INFO | primp | response: https://duckduckgo.com/?q=Tifa+Lockhart+Final+Fantasy+VII+wallpaper+4k+-site%3Arare-gallery.com+-site%3Awallpapersden.com+-site%3Aimages.wallpapersden.com 200
2026-01-22 23:31:53,503 | INFO | primp | response: https://duckduckgo.com/i.js?o=json&q=Tifa+Lockhart+Final+Fantasy+VII+wallpaper+4k+-site%3Arare-gallery.com+-site%3Awallpapersden.com+-site%3Aimages.wallpapersden.com&l=us-en&vqd=4-44118503713731734981771842273567156631&p=-1 200
2026-01-22 23:31:53,534 | INFO | tifa_archivist.search | image search category=wallpaper query=Tifa Lockhart Final Fantasy VII wallpaper 4k -site:rare-gallery.com -site:wallpapersden.com -site:images.wallpapersden.com results=80 source=ddg
2026-01-22 23:31:53,667 | INFO | primp | response: https://duckduckgo.com/?q=Tifa+Lockhart+Final+Fantasy+VII+cosplay+-site%3Arare-gallery.com+-site%3Awallpapersden.com+-site%3Aimages.wallpapersden.com 200
2026-01-22 23:31:54,323 | INFO | primp | response: https://duckduckgo.com/i.js?o=json&q=Tifa+Lockhart+Final+Fantasy+VII+cosplay+-site%3Arare-gallery.com+-site%3Awallpapersden.com+-site%3Aimages.wallpapersden.com&l=us-en&vqd=4-229832396649271995822924969588003887808&p=-1 200
2026-01-22 23:31:54,354 | INFO | tifa_archivist.search | image search category=cosplay query=Tifa Lockhart Final Fantasy VII cosplay -site:rare-gallery.com -site:wallpapersden.com -site:images.wallpapersden.com results=80 source=ddg
2026-01-22 23:31:54,360 | INFO | tifa_archivist.orchestrator | search cap reached urls=200 max_urls=200
2026-01-22 23:31:54,642 | INFO | primp | response: https://duckduckgo.com/?q=Tifa+Lockhart+Final+Fantasy+VII+2D+fanart+-site%3Arare-gallery.com+-site%3Awallpapersden.com+-site%3Aimages.wallpapersden.com 200
2026-01-22 23:31:55,121 | INFO | primp | response: https://duckduckgo.com/i.js?o=json&q=Tifa+Lockhart+Final+Fantasy+VII+2D+fanart+-site%3Arare-gallery.com+-site%3Awallpapersden.com+-site%3Aimages.wallpapersden.com&l=us-en&vqd=4-322528163952074673860761055531870135250&p=-1 200
2026-01-22 23:31:55,153 | INFO | tifa_archivist.search | image search category=fanart_2d query=Tifa Lockhart Final Fantasy VII 2D fanart -site:rare-gallery.com -site:wallpapersden.com -site:images.wallpapersden.com results=80 source=ddg
2026-01-22 23:31:56,484 | WARNING | tifa_archivist.download | download failed url=https://cdna.artstation.com/p/assets/images/images/077/523/902/large/genzo1993-016-jpeg.jpg?1719668524 error=content-length mismatch
2026-01-22 23:31:56,739 | WARNING | tifa_archivist.download | download failed url=https://images-wixmp-ed30a86b8c4ca887773594c2.wixmp.com/f/9a02fc51-eb64-4034-aba7-d3bcee8913d0/dgeslv8-64ee8d99-4c1c-41e7-97d3-518a82dfa12a.jpg?token=eyJ0eXAiOiJKV1QiLCJhbGciOiJIUzI1NiJ9.eyJzdWIiOiJ1cm46YXBwOjdlMGQxODg5ODIyNjQzNzNhNWYwZDQxNWVhMGQyNmUwIiwiaXNzIjoidXJuOmFwcDo3ZTBkMTg4OTgyMjY0MzczYTVmMGQ0MTVlYTBkMjZlMCIsIm9iaiI6W1t7InBhdGgiOiJcL2ZcLzlhMDJmYzUxLWViNjQtNDAzNC1hYmE3LWQzYmNlZTg5MTNkMFwvZGdlc2x2OC02NGVlOGQ5OS00YzFjLTQxZTctOTdkMy01MThhODJkZmExMmEuanBnIn1dXSwiYXVkIjpbInVybjpzZXJ2aWNlOmZpbGUuZG93bmxvYWQiXX0.55_7Rw6tT64BrqL0SaP1hBLVdNY8ukNkGx59yvYZrIs error=content-length mismatch
2026-01-22 23:31:56,967 | WARNING | tifa_archivist.download | download failed url=https://static.zerochan.net/Tifa.Lockhart.full.2926864.jpg error=content-length mismatch
2026-01-22 23:31:57,223 | WARNING | tifa_archivist.download | download failed url=https://preview.redd.it/6h2xbnzy8tt41.jpg?auto=webp&s=98a9365927ebc98077706783fa64afe31999ecc5 error=content-length mismatch
2026-01-22 23:31:57,344 | WARNING | tifa_archivist.download | download failed url=https://imgcdn.stablediffusionweb.com/2024/3/14/152fea84-16e8-4a99-9a23-97482896b81d.jpg error=content-length mismatch
2026-01-22 23:31:57,657 | WARNING | tifa_archivist.download | download failed url=https://images-wixmp-ed30a86b8c4ca887773594c2.wixmp.com/f/9a02fc51-eb64-4034-aba7-d3bcee8913d0/dgerkfp-c9b3071b-3aa9-436f-b7fa-dc81caac2fbd.jpg?token=eyJ0eXAiOiJKV1QiLCJhbGciOiJIUzI1NiJ9.eyJzdWIiOiJ1cm46YXBwOjdlMGQxODg5ODIyNjQzNzNhNWYwZDQxNWVhMGQyNmUwIiwiaXNzIjoidXJuOmFwcDo3ZTBkMTg4OTgyMjY0MzczYTVmMGQ0MTVlYTBkMjZlMCIsIm9iaiI6W1t7InBhdGgiOiJcL2ZcLzlhMDJmYzUxLWViNjQtNDAzNC1hYmE3LWQzYmNlZTg5MTNkMFwvZGdlcmtmcC1jOWIzMDcxYi0zYWE5LTQzNmYtYjdmYS1kYzgxY2FhYzJmYmQuanBnIn1dXSwiYXVkIjpbInVybjpzZXJ2aWNlOmZpbGUuZG93bmxvYWQiXX0.CAnZbdmfBnn2B1NzErxXlvHFD3mTq1X6e4AQFjM-UPA error=content-length mismatch
2026-01-22 23:31:58,215 | WARNING | tifa_archivist.download | download failed url=https://a-static.besthdwallpaper.com/tifa-lockhart-fantasy-art-final-fantasy-vii-remake-video-game-wallpaper-2560x1440-68631_51.jpg error=content-length mismatch
2026-01-22 23:31:58,599 | WARNING | tifa_archivist.download | download failed url=https://www.fightersgeneration.com/nf9/char/tifa-lockhart-ff7-artwork-by-tetsuya-nomura.png error=content-length mismatch
2026-01-22 23:32:00,307 | WARNING | tifa_archivist.download | download failed url=https://static.zerochan.net/Tifa.Lockhart.full.2917895.jpg error=content-length mismatch
2026-01-22 23:32:01,427 | WARNING | tifa_archivist.download | download failed url=https://static.zerochan.net/Tifa.Lockhart.full.4089228.jpg error=content-length mismatch
2026-01-22 23:32:01,649 | WARNING | tifa_archivist.download | download failed url=https://wallpaperaccess.com/full/1898363.jpg error=content-length mismatch
2026-01-22 23:32:01,780 | WARNING | tifa_archivist.download | download failed url=https://static.zerochan.net/Tifa.Lockhart.full.4010916.jpg error=content-length mismatch
2026-01-22 23:32:01,855 | WARNING | tifa_archivist.download | download failed url=https://static.zerochan.net/Tifa.Lockhart.full.4139418.jpg error=content-length mismatch
2026-01-22 23:32:02,518 | WARNING | tifa_archivist.download | download failed url=https://static.zerochan.net/Tifa.Lockhart.full.4218321.jpg error=content-length mismatch
2026-01-22 23:32:02,652 | WARNING | tifa_archivist.download | download failed url=https://static.zerochan.net/Tifa.Lockhart.full.4296815.jpg error=status 429
2026-01-22 23:32:03,187 | WARNING | tifa_archivist.download | download failed url=https://oyster.ignimgs.com/mediawiki/apis.ign.com/final-fantasy-7-rebirth/a/a8/Tifa_Lockhart_Final_Fantasy_VII_Rebirth.png error=content-length mismatch
2026-01-22 23:32:05,040 | WARNING | tifa_archivist.download | download failed url=https://static.zerochan.net/Tifa.Lockhart.full.2706132.jpg error=status 429
2026-01-22 23:32:05,841 | WARNING | tifa_archivist.download | download failed url=https://s1.zerochan.net/Tifa.Lockhart.600.4093360.jpg error=content-length mismatch
2026-01-22 23:32:06,225 | WARNING | tifa_archivist.download | download failed url=https://static.zerochan.net/Tifa.Lockhart.full.4089227.jpg error=content-length mismatch
2026-01-22 23:32:06,229 | WARNING | tifa_archivist.download | download failed url=https://static.zerochan.net/Tifa.Lockhart.full.2624275.jpg error=status 429
2026-01-22 23:32:06,526 | WARNING | tifa_archivist.download | download failed url=https://images4.alphacoders.com/812/81218.jpg error=content-length mismatch
2026-01-22 23:32:06,911 | WARNING | tifa_archivist.download | download failed url=https://cdn.staticneo.com/ew/6/6e/FFVII_Rebirth_Tifa.png error=content-length mismatch
2026-01-22 23:32:07,253 | WARNING | tifa_archivist.download | download failed url=https://static.zerochan.net/Tifa.Lockhart.full.4245248.jpg error=status 429
2026-01-22 23:32:07,868 | WARNING | tifa_archivist.download | download failed url=https://images.hdqwalls.com/wallpapers/tifa-lockhart-final-fantasy-vii-l6.jpg error=content-length mismatch
2026-01-22 23:32:09,182 | WARNING | tifa_archivist.download | download failed url=https://artfiles.alphacoders.com/133/133045.jpg error=content-length mismatch
2026-01-22 23:32:10,178 | WARNING | tifa_archivist.download | download failed url=https://i.pinimg.com/originals/69/c6/7e/69c67ec907ef10a6fb4dca84b07f31d2.png error=content-length mismatch
2026-01-22 23:32:10,471 | WARNING | tifa_archivist.download | download failed url=https://static.zerochan.net/Tifa.Lockhart.full.3931548.jpg error=content-length mismatch
2026-01-22 23:32:10,920 | WARNING | tifa_archivist.download | download failed url=https://images-wixmp-ed30a86b8c4ca887773594c2.wixmp.com/f/93cc5635-782b-4fa2-bb65-cf01f24db89f/dbusgrx-c79c7e0f-116f-410c-af2d-5e9715bb1e70.jpg/v1/fill/w_1600,h_2154,q_75,strp/tifa_lockhart___final_fantasy_vii_by_renaillusion_dbusgrx-fullview.jpg?token=eyJ0eXAiOiJKV1QiLCJhbGciOiJIUzI1NiJ9.eyJzdWIiOiJ1cm46YXBwOjdlMGQxODg5ODIyNjQzNzNhNWYwZDQxNWVhMGQyNmUwIiwiaXNzIjoidXJuOmFwcDo3ZTBkMTg4OTgyMjY0MzczYTVmMGQ0MTVlYTBkMjZlMCIsIm9iaiI6W1t7ImhlaWdodCI6Ijw9MjE1NCIsInBhdGgiOiJcL2ZcLzkzY2M1NjM1LTc4MmItNGZhMi1iYjY1LWNmMDFmMjRkYjg5ZlwvZGJ1c2dyeC1jNzljN2UwZi0xMTZmLTQxMGMtYWYyZC01ZTk3MTViYjFlNzAuanBnIiwid2lkdGgiOiI8PTE2MDAifV1dLCJhdWQiOlsidXJuOnNlcnZpY2U6aW1hZ2Uub3BlcmF0aW9ucyJdfQ.HCfFttYm0D6BKmcBcl7X74qX7FTOuJo2u0lGyB1PZng error=content-length mismatch
2026-01-22 23:32:10,922 | WARNING | tifa_archivist.download | download failed url=https://images-wixmp-ed30a86b8c4ca887773594c2.wixmp.com/f/462064fa-8a78-4289-82e4-375cc0c67d47/dg7qfmf-c841d36a-3b27-4f5b-bb18-cca7f3c9140d.jpg/v1/fill/w_1095,h_730,q_70,strp/_fan_art__final_fantasy_vii___tifa_lockhart_2_by_bnjacob_dg7qfmf-pre.jpg?token=eyJ0eXAiOiJKV1QiLCJhbGciOiJIUzI1NiJ9.eyJzdWIiOiJ1cm46YXBwOjdlMGQxODg5ODIyNjQzNzNhNWYwZDQxNWVhMGQyNmUwIiwiaXNzIjoidXJuOmFwcDo3ZTBkMTg4OTgyMjY0MzczYTVmMGQ0MTVlYTBkMjZlMCIsIm9iaiI6W1t7ImhlaWdodCI6Ijw9MTI4MCIsInBhdGgiOiJcL2ZcLzQ2MjA2NGZhLThhNzgtNDI4OS04MmU0LTM3NWNjMGM2N2Q0N1wvZGc3cWZtZi1jODQxZDM2YS0zYjI3LTRmNWItYmIxOC1jY2E3ZjNjOTE0MGQuanBnIiwid2lkdGgiOiI8PTE5MjAifV1dLCJhdWQiOlsidXJuOnNlcnZpY2U6aW1hZ2Uub3BlcmF0aW9ucyJdfQ.89jQELYqSSByftT2lF2PAqbb1JBC752v0rv30pZtIWs error=content-length mismatch
2026-01-22 23:32:11,015 | WARNING | tifa_archivist.download | download failed url=https://static.zerochan.net/Tifa.Lockhart.full.3915822.jpg error=status 429
2026-01-22 23:32:12,198 | WARNING | tifa_archivist.download | download failed url=https://www.previewsworld.com/SiteImage/MainImage/STL252199.jpg error=Cannot connect to host www.previewsworld.com:443 ssl:True [SSLCertVerificationError: (1, '[SSL: CERTIFICATE_VERIFY_FAILED] certificate verify failed: unable to get local issuer certificate (_ssl.c:1000)')]
2026-01-22 23:32:12,258 | WARNING | tifa_archivist.download | download failed url=https://static0.gamerantimages.com/wordpress/wp-content/uploads/2025/01/final-fantasy-7-rebirth-tifa-lockhart-next-to-aerith-gainsborough.jpg error=content-length mismatch
2026-01-22 23:32:13,757 | WARNING | tifa_archivist.download | download failed url=https://i.pinimg.com/originals/26/32/97/263297d9d3bfcd762b10e969aac09ef1.jpg error=content-length mismatch
2026-01-22 23:32:14,704 | WARNING | tifa_archivist.download | download failed url=https://www.nastol.com.ua/images/202209/nastol.com.ua_500766.jpg error=content-length mismatch
2026-01-22 23:32:14,736 | WARNING | tifa_archivist.download | download failed url=https://i.pinimg.com/originals/0c/19/ef/0c19efb9c9447b703c98c7f12e49e6ab.jpg error=content-length mismatch
2026-01-22 23:32:15,163 | WARNING | tifa_archivist.download | download failed url=https://static.zerochan.net/Tifa.Lockhart.1024.4141488.webp error=content-length mismatch
2026-01-22 23:32:15,364 | WARNING | tifa_archivist.download | download failed url=https://preview.redd.it/tifa-lockhart-if-she-had-kept-her-original-outfit-from-ff7-v0-638defrh2gea1.jpg?auto=webp&s=286bfaf8cf72d9cc9cac2acbcb789804a80a7009 error=content-length mismatch
2026-01-22 23:32:16,464 | WARNING | tifa_archivist.download | download failed url=https://static.zerochan.net/Tifa.Lockhart.full.3219165.png error=status 429
2026-01-22 23:32:16,704 | WARNING | tifa_archivist.download | download failed url=https://www.hlj.com/productimages/enx/enx38173_0.jpg error=content-length mismatch
2026-01-22 23:32:16,789 | WARNING | tifa_archivist.download | download failed url=https://product.hstatic.net/200000515997/product/15fad9a4-c4b8-4cca-9f99-d93260a62910_5a487eadca974a5bafa6371120cd45ca_master.jpg error=content-length mismatch
2026-01-22 23:32:17,517 | WARNING | tifa_archivist.download | download failed url=https://cdn-prod.scalefast.com/public/assets/img/resized/squareenix-store-v3/9b18528f95e6f63fb5941485d333f35a_1920_KR.jpg error=content-length mismatch
2026-01-22 23:32:18,433 | WARNING | tifa_archivist.download | download failed url=https://static.zerochan.net/Tifa.Lockhart.full.4002786.jpg error=status 429
2026-01-22 23:32:18,958 | WARNING | tifa_archivist.download | download failed url=https://imgcdn.stablediffusionweb.com/2024/4/1/3b4a97e5-2a3f-44f6-9c91-934c8fc9e438.jpg error=content-length mismatch
2026-01-22 23:32:19,874 | WARNING | tifa_archivist.download | download failed url=https://static.zerochan.net/Tifa.Lockhart.full.4089226.jpg error=status 429
2026-01-22 23:32:20,613 | WARNING | tifa_archivist.download | download failed url=https://a-static.besthdwallpaper.com/tifa-lockhart-final-fantasy-vii-remake-video-game-wallpaper-1536x2048-68623_203.jpg error=content-length mismatch
2026-01-22 23:32:20,781 | WARNING | tifa_archivist.download | download failed url=https://images.saymedia-content.com/.image/t_share/MjA1MDUxMTM2MzY5Njk4NDM2/how-to-romance-and-date-tifa-lockhart-in-final-fantasy-vii-rebirth.jpg error=content-length mismatch
2026-01-22 23:32:20,841 | WARNING | tifa_archivist.download | download failed url=https://static.zerochan.net/Tifa.Lockhart.full.4319595.jpg error=content-length mismatch
2026-01-22 23:32:21,445 | WARNING | tifa_archivist.download | download failed url=https://static.zerochan.net/Tifa.Lockhart.full.4291386.jpg error=status 429
2026-01-22 23:32:21,863 | WARNING | tifa_archivist.download | download failed url=https://static.zerochan.net/Tifa.Lockhart.full.4601696.jpg error=status 429
2026-01-22 23:32:22,029 | WARNING | tifa_archivist.download | download failed url=https://static.wikia.nocookie.net/finalfantasy/images/2/21/Tifa_Lockhart_from_FFVII_Rebirth_promo_render.png/revision/latest?cb=20240304073043 error=content-length mismatch
2026-01-22 23:32:23,207 | WARNING | tifa_archivist.download | download failed url=https://images4.alphacoders.com/106/1069101.jpg error=content-length mismatch
2026-01-22 23:32:24,558 | WARNING | tifa_archivist.download | download failed url=https://static.zerochan.net/Tifa.Lockhart.full.4405123.jpg error=status 429
2026-01-22 23:32:24,838 | WARNING | tifa_archivist.download | download failed url=https://static.zerochan.net/Tifa.Lockhart.full.4367989.jpg error=status 429
2026-01-22 23:32:25,476 | WARNING | tifa_archivist.download | download failed url=https://img2.joyreactor.com/pics/post/full/tifa-lockhart-final-fantasy-VII-final-fantasy-4200000.jpeg error=content-length mismatch
2026-01-22 23:32:25,516 | WARNING | tifa_archivist.download | download failed url=https://static.zerochan.net/Tifa.Lockhart.full.887282.jpg error=status 429
2026-01-22 23:32:25,538 | WARNING | tifa_archivist.download | download failed url=https://img2.joyreactor.com/pics/post/full/final-fantasy-games-tifa-lockhart-4061433.jpeg error=content-length mismatch
2026-01-22 23:32:26,107 | WARNING | tifa_archivist.download | download failed url=https://images2.alphacoders.com/132/1323431.jpeg error=content-length mismatch
2026-01-22 23:32:26,261 | WARNING | tifa_archivist.download | download failed url=https://e7.pngegg.com/pngimages/331/226/png-clipart-final-fantasy-vii-advent-children-tifa-lockhart-yuffie-kisaragi-aerith-gainsborough-others-miscellaneous-video-game.png error=content-length mismatch
2026-01-22 23:32:26,797 | WARNING | tifa_archivist.download | download failed url=https://static.zerochan.net/Tifa.Lockhart.full.4130477.jpg error=status 429
2026-01-22 23:32:27,898 | WARNING | tifa_archivist.download | download failed url=https://images.hdqwalls.com/download/final-fantasy-vii-rebirth-aerith-gainsborough-and-tifa-lockhart-93-2560x1440.jpg error=content-length mismatch
2026-01-22 23:32:28,923 | WARNING | tifa_archivist.download | download failed url=https://static.zerochan.net/Tifa.Lockhart.full.4086444.jpg error=status 429
2026-01-22 23:32:29,126 | WARNING | tifa_archivist.download | download failed url=https://wallpapercave.com/wp/wp6018941.jpg error=content-length mismatch
2026-01-22 23:32:29,225 | WARNING | tifa_archivist.download | download failed url=https://static.zerochan.net/Tifa.Lockhart.full.4088326.jpg error=content-length mismatch
2026-01-22 23:32:29,498 | WARNING | tifa_archivist.download | download failed url=https://static.zerochan.net/Tifa.Lockhart.full.4092735.jpg error=status 429
2026-01-22 23:32:29,885 | WARNING | tifa_archivist.download | download failed url=https://img2.joyreactor.com/pics/post/full/moshimoshibe-artist-tifa-lockhart-6052025.jpeg error=content-length mismatch
2026-01-22 23:32:30,509 | WARNING | tifa_archivist.download | download failed url=https://static.zerochan.net/Tifa.Lockhart.full.4094598.jpg error=status 429
2026-01-22 23:32:31,791 | WARNING | tifa_archivist.download | download failed url=https://motionbgs.com/media/8311/tifa-lockhart-final-fantasy-vii-remake.3840x2160.jpg error=content-length mismatch
2026-01-22 23:32:32,180 | WARNING | tifa_archivist.download | download failed url=https://static0.gamerantimages.com/wordpress/wp-content/uploads/2024/11/tifa-final-fantasy-7-rebirth-cropped.jpg error=content-length mismatch
2026-01-22 23:32:33,212 | WARNING | tifa_archivist.download | download failed url=https://images.hdqwalls.com/wallpapers/tifa-lockhart-final-fantasy-game-artwork-gw.jpg error=content-length mismatch
2026-01-22 23:32:33,837 | WARNING | tifa_archivist.download | download failed url=https://static.zerochan.net/Tifa.Lockhart.full.3507427.jpg error=content-length mismatch
2026-01-22 23:32:33,948 | WARNING | tifa_archivist.download | download failed url=https://static.zerochan.net/Tifa.Lockhart.full.4092041.jpg error=status 429
2026-01-22 23:32:33,992 | WARNING | tifa_archivist.download | download failed url=https://static.zerochan.net/Tifa.Lockhart.full.2817211.jpg error=status 429
2026-01-22 23:32:34,084 | WARNING | tifa_archivist.download | download failed url=https://static.zerochan.net/Tifa.Lockhart.full.3407442.jpg error=status 429
2026-01-22 23:32:34,578 | WARNING | tifa_archivist.download | download failed url=https://i.pinimg.com/originals/a7/d2/7f/a7d27f9953dcc3e4831be60ae6b3601d.jpg error=content-length mismatch
2026-01-22 23:32:36,135 | WARNING | tifa_archivist.download | download failed url=https://static.zerochan.net/Tifa.Lockhart.full.4307119.jpg error=status 429
2026-01-22 23:32:36,680 | WARNING | tifa_archivist.download | download failed url=https://p4.wallpaperbetter.com/wallpaper/613/780/937/final-fantasy-final-fantasy-vii-rebirth-tifa-lockhart-video-games-video-game-girls-hd-wallpaper-preview.jpg error=content-length mismatch
2026-01-22 23:32:38,178 | WARNING | tifa_archivist.download | download failed url=https://wallpapers.com/images/hd/tifa-lockhart-4k-wallpaper-68qushxi0ujmisu0.jpg error=content-length mismatch
2026-01-22 23:32:38,460 | WARNING | tifa_archivist.download | download failed url=https://www.creativeuncut.com/social/final-fantasy-7.jpg error=content-length mismatch
2026-01-22 23:32:38,486 | WARNING | tifa_archivist.download | download failed url=https://wallpapercave.com/wp/wp5462927.jpg error=content-length mismatch
2026-01-22 23:32:38,495 | WARNING | tifa_archivist.download | download failed url=https://static.zerochan.net/Tifa.Lockhart.full.4560445.jpg error=content-length mismatch
2026-01-22 23:32:38,520 | WARNING | tifa_archivist.download | download failed url=https://wallpapercave.com/wp/wp5965634.jpg error=content-length mismatch
2026-01-22 23:32:39,508 | WARNING | tifa_archivist.download | download failed url=https://a-static.besthdwallpaper.com/tifa-lockhart-fantasy-art-final-fantasy-vii-remake-video-game-wallpaper-3840x2160-68631_54.jpg error=content-length mismatch
2026-01-22 23:32:40,377 | WARNING | tifa_archivist.download | download failed url=https://4.bp.blogspot.com/-G_J0akO_F30/XQ8e1Cf554I/AAAAAAAAHtY/fXSLWRvdXfkusN1p8VIzo87BMJVOt6YFQCKgBGAs/w0/tifa-lockhart-final-fantasy-7-remake-uhdpaper.com-4K-37.jpg error=content-length mismatch
2026-01-22 23:32:42,171 | WARNING | tifa_archivist.download | download failed url=https://images6.alphacoders.com/436/436981.jpg error=content-length mismatch
2026-01-22 23:32:42,174 | WARNING | tifa_archivist.download | download failed url=https://wallpapers.com/images/hd/tifa-lockhart-4k-wallpaper-a83flpornh11vqz8.jpg error=content-length mismatch
2026-01-22 23:32:43,346 | WARNING | tifa_archivist.download | download failed url=https://cdn.wallpapersafari.com/70/80/mMv1OQ.jpg error=content-length mismatch
2026-01-22 23:32:43,377 | WARNING | tifa_archivist.download | download failed url=https://images.hdqwalls.com/wallpapers/tifa-lockhart-in-final-fantasy-vii-po.jpg error=content-length mismatch
2026-01-22 23:32:43,502 | WARNING | tifa_archivist.download | download failed url=https://images.hdqwalls.com/wallpapers/tifa-lockhart-final-fantasy-7-remake-4k-cu.jpg error=content-length mismatch
2026-01-22 23:32:44,237 | WARNING | tifa_archivist.download | download failed url=https://wallpapercrafter.com/desktop/70816-tifa-lockhart-final-fantasy-games-hd-artstation-4k.jpg error=content-length mismatch
2026-01-22 23:32:44,545 | WARNING | tifa_archivist.download | download failed url=https://a-static.besthdwallpaper.com/tifa-lockhart-fantasy-art-final-fantasy-vii-remake-ffvii-wallpaper-3440x1440-68669_15.jpg error=content-length mismatch
2026-01-22 23:32:46,663 | WARNING | tifa_archivist.download | download failed url=https://pixelz.cc/wp-content/uploads/2019/12/final-fantasy-7-remake-cloud-strife-tifa-lockhart-uhd-4k-wallpaper.jpg error=content-length mismatch
2026-01-22 23:32:46,672 | WARNING | tifa_archivist.download | download failed url=https://a-static.besthdwallpaper.com/tifa-lockhart-final-fantasy-vii-remake-ff7-wallpaper-2560x1440-68601_51.jpg error=content-length mismatch
2026-01-22 23:32:46,745 | WARNING | tifa_archivist.download | download failed url=https://wallpapers.com/images/hd/tifa-lockhart-4k-wallpaper-9yt7yrl1xv49hu2j.jpg error=content-length mismatch
2026-01-22 23:32:47,539 | WARNING | tifa_archivist.download | download failed url=https://a-static.besthdwallpaper.com/render-tifa-lockhart-final-fantasy-vii-remake-video-game-wallpaper-3554x1999-74878_53.jpg error=content-length mismatch
2026-01-22 23:32:48,360 | WARNING | tifa_archivist.download | download failed url=https://images.hdqwalls.com/download/tifa-lockhart-in-final-fantasy-vii-2020-h8-2560x1440.jpg error=content-length mismatch
2026-01-22 23:32:48,465 | WARNING | tifa_archivist.download | download failed url=https://images.hdqwalls.com/wallpapers/tifa-final-fantasy-lockhart-v2.jpg error=content-length mismatch
2026-01-22 23:32:48,609 | WARNING | tifa_archivist.download | download failed url=https://images5.alphacoders.com/138/1384808.jpg error=content-length mismatch
2026-01-22 23:32:49,205 | WARNING | tifa_archivist.download | download failed url=https://www.hdwallpapers.in/download/cloud_strife_tifa_lockhart_4k_hd_final_fantasy_vii_remake-3840x2160.jpg error=content-length mismatch
2026-01-22 23:32:50,742 | WARNING | tifa_archivist.download | download failed url=https://images2.alphacoders.com/239/239090.jpg error=content-length mismatch
2026-01-22 23:32:51,210 | WARNING | tifa_archivist.download | download failed url=https://w0.peakpx.com/wallpaper/307/340/HD-wallpaper-tifa-lockhart-final-fantasy-vii.jpg error=content-length mismatch
2026-01-22 23:32:51,758 | WARNING | tifa_archivist.download | download failed url=https://www.hdwallpapers.in/download/aerith_gainsborough_and_tifa_lockhart_ff_remake_4k_hd_final_fantasy_vii-3840x2160.jpg error=content-length mismatch
2026-01-22 23:32:52,085 | WARNING | tifa_archivist.download | download failed url=https://wallpapers.com/images/hd/final-fantasy-7-tifa-purple-dress-apjohn4n6z5527wx.jpg error=content-length mismatch
2026-01-22 23:32:52,454 | WARNING | tifa_archivist.download | download failed url=https://a-static.besthdwallpaper.com/tifa-lockhart-anime-art-final-fantasy-vii-remake-video-game-wallpaper-2400x1350-68604_50.jpg error=content-length mismatch
2026-01-22 23:32:52,739 | WARNING | tifa_archivist.download | download failed url=https://images.hdqwalls.com/download/tifa-lockhart-final-fantasy-cn-1920x1080.jpg error=content-length mismatch
2026-01-22 23:32:53,301 | WARNING | tifa_archivist.download | download failed url=https://images.hdqwalls.com/download/tifa-lockhart-in-final-fantasy-vii-po-1280x2120.jpg error=content-length mismatch
2026-01-22 23:32:53,997 | WARNING | tifa_archivist.download | download failed url=https://www.hdwallpapers.in/download/tifa_lockhart_final_fantasy_vii_artwork-1920x1080.jpg error=content-length mismatch
2026-01-22 23:32:55,306 | WARNING | tifa_archivist.download | download failed url=https://i.pinimg.com/originals/c3/d8/38/c3d83845aae055d28882110b0d875039.jpg error=content-length mismatch
2026-01-22 23:32:55,312 | WARNING | tifa_archivist.download | download failed url=https://images4.alphacoders.com/705/70586.jpg error=content-length mismatch
2026-01-22 23:32:55,870 | WARNING | tifa_archivist.download | download failed url=https://p4.wallpaperbetter.com/wallpaper/328/759/670/final-fantasy-vii-remake-tifa-lockhart-vertical-hd-wallpaper-preview.jpg error=content-length mismatch
2026-01-22 23:32:57,158 | WARNING | tifa_archivist.download | download failed url=https://wallpapercave.com/wp/EgYF0qD.jpg error=content-length mismatch
2026-01-22 23:32:57,457 | WARNING | tifa_archivist.download | download failed url=https://a-static.besthdwallpaper.com/tifa-lockhart-final-fantasy-vii-remake-ffvii-wallpaper-768x1280-68665_183.jpg error=content-length mismatch
2026-01-22 23:32:57,604 | WARNING | tifa_archivist.download | download failed url=https://images.hdqwalls.com/wallpapers/tifa-lockhart-from-final-fantasy-4k-s3.jpg error=content-length mismatch
2026-01-22 23:32:57,973 | WARNING | tifa_archivist.download | download failed url=https://a-static.besthdwallpaper.com/render-tifa-lockhart-final-fantasy-vii-remake-video-game-wallpaper-600x1024-74873_205.jpg error=content-length mismatch
2026-01-22 23:32:58,982 | WARNING | tifa_archivist.download | download failed url=https://s1.zerochan.net/Tifa.Lockhart.600.4087026.jpg error=content-length mismatch
2026-01-22 23:32:59,304 | WARNING | tifa_archivist.download | download failed url=https://images.hdqwalls.com/wallpapers/tifa-lockhart-in-final-fantasy-vii-artwork-3d.jpg error=content-length mismatch
2026-01-22 23:32:59,596 | WARNING | tifa_archivist.download | download failed url=https://images5.alphacoders.com/132/1323778.jpeg error=content-length mismatch
2026-01-22 23:33:00,598 | WARNING | tifa_archivist.download | download failed url=https://wallpapercave.com/wp/wp5462925.jpg error=content-length mismatch
2026-01-22 23:33:02,968 | WARNING | tifa_archivist.download | download failed url=https://a-static.besthdwallpaper.com/tifa-lockhart-final-fantasy-vii-remake-ffvii-wallpaper-600x1024-68696_205.jpg error=content-length mismatch
2026-01-22 23:33:03,950 | WARNING | tifa_archivist.download | download failed url=https://a-static.besthdwallpaper.com/adorable-tifa-lockhart-cute-smile-final-fantasy-vii-remake-video-wallpaper-600x1024-74880_205.jpg error=content-length mismatch
2026-01-22 23:33:04,205 | WARNING | tifa_archivist.download | download failed url=https://images2.alphacoders.com/119/1196766.jpg error=content-length mismatch
2026-01-22 23:33:04,257 | WARNING | tifa_archivist.download | download failed url=https://a-static.besthdwallpaper.com/tifa-lockhart-fantasy-art-final-fantasy-vii-remake-ff7-wallpaper-600x1024-68637_205.jpg error=content-length mismatch
2026-01-22 23:33:04,716 | WARNING | tifa_archivist.download | download failed url=https://static.zerochan.net/Tifa.Lockhart.full.3433498.jpg error=content-length mismatch
2026-01-22 23:33:05,346 | WARNING | tifa_archivist.download | download failed url=https://www.hdwallpapers.in/download/cloud_strife_tifa_lockhart_cat_hd_final_fantasy_vii_remake-HD.jpg error=content-length mismatch
2026-01-22 23:33:05,391 | WARNING | tifa_archivist.download | download failed url=https://3.bp.blogspot.com/-m9Q5OmGMwWQ/XQAJLf8AL4I/AAAAAAAAHEE/bnI4TQrEpvwMUOK5PNgr1_2aOAMyD1EjwCKgBGAs/w2048-h2048-p-k-no-nu/tifa-lockhart-final-fantasy-7-remake-uhdpaper.com-4K-19.jpg error=content-length mismatch
2026-01-22 23:33:07,188 | WARNING | tifa_archivist.download | download failed url=https://images6.alphacoders.com/111/1112619.jpg error=content-length mismatch
2026-01-22 23:33:07,267 | WARNING | tifa_archivist.download | download failed url=https://images.hdqwalls.com/wallpapers/tifa-lockhart-fantasy-art-4k-a2.jpg error=content-length mismatch
2026-01-22 23:33:08,069 | WARNING | tifa_archivist.download | download failed url=https://static.zerochan.net/Tifa.Lockhart.full.3507428.jpg error=content-length mismatch
2026-01-22 23:33:08,532 | WARNING | tifa_archivist.download | download failed url=https://wallpapercrafter.com/desktop/145169-WLOP-anime-girls-Tifa-Lockhart-Aerith-Gainsborough-Final-Fantasy-VII-Final-Fantasy-VII-Remake.jpg error=content-length mismatch
2026-01-22 23:33:09,241 | WARNING | tifa_archivist.download | download failed url=http://getwallpapers.com/wallpaper/full/b/f/b/975947-large-final-fantasy-7-tifa-wallpaper-1920x1080.jpg error=content-length mismatch
2026-01-22 23:33:09,290 | WARNING | tifa_archivist.download | download failed url=https://www.hdwallpapers.in/download/cloud_strife_tifa_lockhart_aerith_gainsborough_sephiroth_barret_wallace_yuffie_kisaragi_vincent_valentine_4k_hd_final_fantasy_vii-3840x2160.jpg error=content-length mismatch
2026-01-22 23:33:10,144 | WARNING | tifa_archivist.download | download failed url=https://i0.wp.com/mediachomp.com/wp-content/uploads/2022/08/tifa-cosplay-02.jpg?resize=640,960&ssl=1 error=content-length mismatch
2026-01-22 23:33:10,546 | WARNING | tifa_archivist.download | download failed url=https://images-wixmp-ed30a86b8c4ca887773594c2.wixmp.com/intermediary/f/c81f73d3-91fd-47bf-a225-2e55a5ca8411/daqzqy4-e0882563-9b07-4070-bcd6-18f931a903a6.jpg/v1/fill/w_730,h_1095,q_70,strp/tifa___final_fantasy_vii_cosplay_by_kickacosplay_daqzqy4-pre.jpg error=content-length mismatch
2026-01-22 23:33:11,267 | WARNING | tifa_archivist.download | download failed url=https://i.redd.it/6kwooiqp25h31.jpg error=content-length mismatch
2026-01-22 23:33:12,197 | WARNING | tifa_archivist.download | download failed url=https://img10.joyreactor.com/pics/post/Aimihachi-tifa-lockhart-final-fantasy-VII-9110587.jpeg error=content-length mismatch
2026-01-22 23:33:12,709 | WARNING | tifa_archivist.download | download failed url=https://i0.wp.com/mediachomp.com/wp-content/uploads/2022/12/tifa-cosplay-01.jpg?resize=640,959&ssl=1 error=content-length mismatch
2026-01-22 23:33:13,169 | WARNING | tifa_archivist.download | download failed url=https://cdn.ezcosplay.com/media/catalog/product/f/i/final_fantasy_vii_rebirth_ff7r_tifa_lockhart_swimsuit_cosplay_costume-51.jpg error=content-length mismatch
2026-01-22 23:33:13,500 | WARNING | tifa_archivist.download | download failed url=https://i0.wp.com/mediachomp.com/wp-content/uploads/2022/08/tifa-cosplay-06.jpg?resize=640,960&ssl=1 error=content-length mismatch
2026-01-22 23:33:13,513 | WARNING | tifa_archivist.download | download failed url=https://orig00.deviantart.net/e8c8/f/2017/177/2/c/final_fantasy_vii___tifa_lockhart_by_shadecramer-dbe4i07.jpg error=content-length mismatch
2026-01-22 23:33:14,587 | WARNING | tifa_archivist.download | download failed url=https://i.redd.it/gr4od96f5pp41.jpg error=content-length mismatch
2026-01-22 23:33:14,664 | WARNING | tifa_archivist.download | download failed url=https://images-wixmp-ed30a86b8c4ca887773594c2.wixmp.com/f/1c1a3c87-ec96-49ea-a93d-6b9c04fbcab6/dj297m9-95b1bb99-5137-4cbe-a8e0-d30b5a5592f4.jpg/v1/fill/w_1280,h_854,q_75,strp/tifa_lockhart_final_fantasy_vii_cosplay_by_agflower_dj297m9-fullview.jpg?token=eyJ0eXAiOiJKV1QiLCJhbGciOiJIUzI1NiJ9.eyJzdWIiOiJ1cm46YXBwOjdlMGQxODg5ODIyNjQzNzNhNWYwZDQxNWVhMGQyNmUwIiwiaXNzIjoidXJuOmFwcDo3ZTBkMTg4OTgyMjY0MzczYTVmMGQ0MTVlYTBkMjZlMCIsIm9iaiI6W1t7ImhlaWdodCI6Ijw9ODU0IiwicGF0aCI6IlwvZlwvMWMxYTNjODctZWM5Ni00OWVhLWE5M2QtNmI5YzA0ZmJjYWI2XC9kajI5N205LTk1YjFiYjk5LTUxMzctNGNiZS1hOGUwLWQzMGI1YTU1OTJmNC5qcGciLCJ3aWR0aCI6Ijw9MTI4MCJ9XV0sImF1ZCI6WyJ1cm46c2VydmljZTppbWFnZS5vcGVyYXRpb25zIl19.y_CmZRMa7LLWleaL9ls7a7Yzqn4es-ePG7PxXGuS9-w error=content-length mismatch
2026-01-22 23:33:14,850 | WARNING | tifa_archivist.download | download failed url=https://m.media-amazon.com/images/I/61cINkzwo9L.jpg error=content-length mismatch
2026-01-22 23:33:16,462 | WARNING | tifa_archivist.download | download failed url=https://i.etsystatic.com/17347310/r/il/f0479a/2832315044/il_1588xN.2832315044_hfwq.jpg error=content-length mismatch
2026-01-22 23:33:16,968 | WARNING | tifa_archivist.download | download failed url=https://i.pinimg.com/originals/ff/85/75/ff8575d719f955e6f351e9b0e177cba6.jpg error=content-length mismatch
2026-01-22 23:33:17,202 | WARNING | tifa_archivist.download | download failed url=https://pipocacombacon.files.wordpress.com/2017/12/cosplay-feminino-tifa-lockhart-final-fantasy-pipoca-com-bacon-10.jpg?w=700 error=status 410
2026-01-22 23:33:17,929 | WARNING | tifa_archivist.download | download failed url=https://images-wixmp-ed30a86b8c4ca887773594c2.wixmp.com/f/1c1a3c87-ec96-49ea-a93d-6b9c04fbcab6/dgwdupr-c4b37746-519d-45c3-8fc5-e0f5ec79a662.jpg/v1/fill/w_730,h_1095,q_70,strp/tifa_lockhart_final_fantasy_vii_cosplay_by_agflower_dgwdupr-pre.jpg?token=eyJ0eXAiOiJKV1QiLCJhbGciOiJIUzI1NiJ9.eyJzdWIiOiJ1cm46YXBwOjdlMGQxODg5ODIyNjQzNzNhNWYwZDQxNWVhMGQyNmUwIiwiaXNzIjoidXJuOmFwcDo3ZTBkMTg4OTgyMjY0MzczYTVmMGQ0MTVlYTBkMjZlMCIsIm9iaiI6W1t7ImhlaWdodCI6Ijw9MTUwMCIsInBhdGgiOiJcL2ZcLzFjMWEzYzg3LWVjOTYtNDllYS1hOTNkLTZiOWMwNGZiY2FiNlwvZGd3ZHVwci1jNGIzNzc0Ni01MTlkLTQ1YzMtOGZjNS1lMGY1ZWM3OWE2NjIuanBnIiwid2lkdGgiOiI8PTEwMDAifV1dLCJhdWQiOlsidXJuOnNlcnZpY2U6aW1hZ2Uub3BlcmF0aW9ucyJdfQ.WHd855sStAN_lUlXLDun0HIk6N6qPlxc6e1TYlhsgBY error=content-length mismatch
2026-01-22 23:33:18,090 | WARNING | tifa_archivist.download | download failed url=https://64.media.tumblr.com/3d3c378b5057c5af6bfdf484403ca014/4f14865716ef2ea0-b7/s1280x1920/fee19af870ea6e4cbe91fba4784d2f8cf94f3ac2.jpg error=content-length mismatch
2026-01-22 23:33:18,185 | WARNING | tifa_archivist.download | download failed url=https://p4.wallpaperbetter.com/wallpaper/262/969/69/miss-warmj-women-model-cosplay-tifa-lockhart-hd-wallpaper-preview.jpg error=content-length mismatch
2026-01-22 23:33:18,252 | WARNING | tifa_archivist.download | download failed url=https://images-wixmp-ed30a86b8c4ca887773594c2.wixmp.com/f/1c1a3c87-ec96-49ea-a93d-6b9c04fbcab6/dgx0c4z-73e24e3c-5468-410e-a3b8-8405817add70.jpg/v1/fill/w_730,h_1095,q_70,strp/tifa_lockhart_final_fantasy_vii_cosplay_by_agflower_dgx0c4z-pre.jpg?token=eyJ0eXAiOiJKV1QiLCJhbGciOiJIUzI1NiJ9.eyJzdWIiOiJ1cm46YXBwOjdlMGQxODg5ODIyNjQzNzNhNWYwZDQxNWVhMGQyNmUwIiwiaXNzIjoidXJuOmFwcDo3ZTBkMTg4OTgyMjY0MzczYTVmMGQ0MTVlYTBkMjZlMCIsIm9iaiI6W1t7ImhlaWdodCI6Ijw9MTUwMCIsInBhdGgiOiJcL2ZcLzFjMWEzYzg3LWVjOTYtNDllYS1hOTNkLTZiOWMwNGZiY2FiNlwvZGd4MGM0ei03M2UyNGUzYy01NDY4LTQxMGUtYTNiOC04NDA1ODE3YWRkNzAuanBnIiwid2lkdGgiOiI8PTEwMDAifV1dLCJhdWQiOlsidXJuOnNlcnZpY2U6aW1hZ2Uub3BlcmF0aW9ucyJdfQ.ZIh2FXwapgZ0oTGAJUOyI-Brr47Z5Zh4fB8sJefhO3g error=content-length mismatch
2026-01-22 23:33:20,545 | WARNING | tifa_archivist.download | download failed url=https://animesweet.com/wp-content/uploads/2021/07/un-affascinante-cosplay-tifa-lockhart-final-fantasy-vii-foto-kallisi-vamp-v3-529222.jpg error=content-length mismatch
2026-01-22 23:33:20,696 | WARNING | tifa_archivist.download | download failed url=https://images-wixmp-ed30a86b8c4ca887773594c2.wixmp.com/f/1c1a3c87-ec96-49ea-a93d-6b9c04fbcab6/dgxek2g-78e02886-a5ee-440b-a260-66d0d8c9f786.jpg/v1/fill/w_730,h_1095,q_70,strp/tifa_lockhart_final_fantasy_vii_cosplay_by_agflower_dgxek2g-pre.jpg?token=eyJ0eXAiOiJKV1QiLCJhbGciOiJIUzI1NiJ9.eyJzdWIiOiJ1cm46YXBwOjdlMGQxODg5ODIyNjQzNzNhNWYwZDQxNWVhMGQyNmUwIiwiaXNzIjoidXJuOmFwcDo3ZTBkMTg4OTgyMjY0MzczYTVmMGQ0MTVlYTBkMjZlMCIsIm9iaiI6W1t7ImhlaWdodCI6Ijw9MTUwMCIsInBhdGgiOiJcL2ZcLzFjMWEzYzg3LWVjOTYtNDllYS1hOTNkLTZiOWMwNGZiY2FiNlwvZGd4ZWsyZy03OGUwMjg4Ni1hNWVlLTQ0MGItYTI2MC02NmQwZDhjOWY3ODYuanBnIiwid2lkdGgiOiI8PTEwMDAifV1dLCJhdWQiOlsidXJuOnNlcnZpY2U6aW1hZ2Uub3BlcmF0aW9ucyJdfQ.Ej0l-cfXw6xGF13_QUC3iFL8hdtjq5SM_0mLHYiwIGw error=content-length mismatch
2026-01-22 23:33:21,636 | WARNING | tifa_archivist.download | download failed url=https://images-wixmp-ed30a86b8c4ca887773594c2.wixmp.com/f/1c1a3c87-ec96-49ea-a93d-6b9c04fbcab6/dgx0bx5-e863e507-1884-4afd-bf69-5911afbdc66c.jpg/v1/fill/w_730,h_1095,q_70,strp/tifa_lockhart_final_fantasy_vii_cosplay_by_agflower_dgx0bx5-pre.jpg?token=eyJ0eXAiOiJKV1QiLCJhbGciOiJIUzI1NiJ9.eyJzdWIiOiJ1cm46YXBwOjdlMGQxODg5ODIyNjQzNzNhNWYwZDQxNWVhMGQyNmUwIiwiaXNzIjoidXJuOmFwcDo3ZTBkMTg4OTgyMjY0MzczYTVmMGQ0MTVlYTBkMjZlMCIsIm9iaiI6W1t7ImhlaWdodCI6Ijw9MTUwMCIsInBhdGgiOiJcL2ZcLzFjMWEzYzg3LWVjOTYtNDllYS1hOTNkLTZiOWMwNGZiY2FiNlwvZGd4MGJ4NS1lODYzZTUwNy0xODg0LTRhZmQtYmY2OS01OTExYWZiZGM2NmMuanBnIiwid2lkdGgiOiI8PTEwMDAifV1dLCJhdWQiOlsidXJuOnNlcnZpY2U6aW1hZ2Uub3BlcmF0aW9ucyJdfQ.cQ-DZhfDXOnI1IpDw6FYTfVpo8d4h4J8MyHVitICGeo error=content-length mismatch
2026-01-22 23:33:21,910 | WARNING | tifa_archivist.download | download failed url=https://i.etsystatic.com/17347310/r/il/b2242c/2835804642/il_794xN.2835804642_ftui.jpg error=content-length mismatch
2026-01-22 23:33:22,247 | WARNING | tifa_archivist.download | download failed url=https://cdn.ezcosplay.com/media/catalog/product/f/i/final_fantasy_vii_remake_ff7_tifa_lockhart_cowgirl-01.jpg error=content-length mismatch
2026-01-22 23:33:22,309 | WARNING | tifa_archivist.download | download failed url=https://down-sg.img.susercontent.com/file/sg-11134201-7rd4g-lva1y2hipiud72 error=content-length mismatch
2026-01-22 23:33:22,811 | WARNING | tifa_archivist.download | download failed url=https://static1.cbrimages.com/wordpress/wp-content/uploads/2017/04/Final-Fantasy-VII-Tifa-Lockheart.jpg error=content-length mismatch
2026-01-22 23:33:24,503 | WARNING | tifa_archivist.download | download failed url=https://www.hacosplay.com/wp-content/uploads/2025/01/tifa-lockhart-cosplay-wig-for-final-fantasy-vii.jpg error=status 403
2026-01-22 23:33:25,271 | WARNING | tifa_archivist.download | download failed url=https://static1.cbrimages.com/wordpress/wp-content/uploads/2023/06/fantasy-7-tifa-cosplay.jpg error=content-length mismatch
2026-01-22 23:33:25,789 | WARNING | tifa_archivist.download | download failed url=https://www.procosplay.com/images/thumbs/w_1_0069304_final-fantasy-vii-remake-tifa-lockhart-cosplay-costume-mp005076.jpeg error=content-length mismatch
2026-01-22 23:33:25,804 | WARNING | tifa_archivist.download | download failed url=https://www.impulsegamer.com/articles/wp-content/uploads/2016/09/katyuskamoonfoxtifalockhart10.jpg error=content-length mismatch
2026-01-22 23:33:26,382 | WARNING | tifa_archivist.download | download failed url=https://i.redd.it/ysgcnsq4y4m91.jpg error=content-length mismatch
2026-01-22 23:33:26,466 | WARNING | tifa_archivist.download | download failed url=https://cosplayhero.de/wp-content/uploads/2022/01/586480387-1.jpg error=content-length mismatch
2026-01-22 23:33:27,620 | INFO | tifa_archivist.orchestrator | discarded invalid image url=https://preview.redd.it/tifa-lockhart-from-final-fantasy-vii-cosplay-by-me-v0-4pc6cr4o76ma1.jpg?width=1080&crop=smart&auto=webp&s=816fa7fb3fd8a6daf899efe5029936a673b584ec reason=decode_failed
2026-01-22 23:33:27,622 | WARNING | tifa_archivist.download | download failed url=https://www.cosdaddy.com/image/cache/catalog/400443/Final-Fantasy-VII-Remake-Tifa-Lockhart-cosplay+(1)-900x900.jpg error=status 404
