2026-02-03 21:50:09,157 | INFO | primp | response: https://duckduckgo.com/?q=Tifa+Lockhart+Final+Fantasy+VII+wallpaper+4k+-site%3Arare-gallery.com+-site%3Awallpapersden.com+-site%3Aimages.wallpapersden.com 200
2026-02-03 21:50:09,201 | INFO | primp | response: https://duckduckgo.com/?q=Tifa+Lockhart+Final+Fantasy+VII+original+game+screenshot+official+art+-site%3Arare-gallery.com+-site%3Awallpapersden.com+-site%3Aimages.wallpapersden.com 200
2026-02-03 21:50:09,641 | INFO | primp | response: https://duckduckgo.com/i.js?o=json&q=Tifa+Lockhart+Final+Fantasy+VII+wallpaper+4k+-site%3Arare-gallery.com+-site%3Awallpapersden.com+-site%3Aimages.wallpapersden.com&l=us-en&vqd=4-44862176008667611169459253676785625015&p=-1 200
2026-02-03 21:50:09,671 | INFO | tifa_archivist.search | image search category=wallpaper query=Tifa Lockhart Final Fantasy VII wallpaper 4k -site:rare-gallery.com -site:wallpapersden.com -site:images.wallpapersden.com results=80 source=ddg
2026-02-03 21:50:09,674 | INFO | tifa_archivist.orchestrator | search cap reached urls=50 max_urls=50
2026-02-03 21:50:09,707 | INFO | primp | response: https://duckduckgo.com/i.js?o=json&q=Tifa+Lockhart+Final+Fantasy+VII+original+game+screenshot+official+art+-site%3Arare-gallery.com+-site%3Awallpapersden.com+-site%3Aimages.wallpapersden.com&l=us-en&vqd=4-153716994728755044844266017686592883653&p=-1 200
2026-02-03 21:50:09,737 | INFO | tifa_archivist.search | image search category=original_game query=Tifa Lockhart Final Fantasy VII original game screenshot official art -site:rare-gallery.com -site:wallpapersden.com -site:images.wallpapersden.com results=80 source=ddg
2026-02-03 21:50:10,005 | INFO | tifa_archivist.orchestrator | image decode skipped url=https://wallpapers.com/images/hd/tifa-lockhart-4k-wallpaper-yvjh0ynnpf03o61c.jpg reason=decode_failed_allowed mime=image/jpeg
2026-02-03 21:50:13,416 | WARNING | tifa_archivist.download | download failed url=https://images6.alphacoders.com/436/436981.jpg error=content-length mismatch
2026-02-03 21:50:13,743 | WARNING | tifa_archivist.download | download failed url=https://images.hdqwalls.com/wallpapers/tifa-lockhart-final-fantasy-7-remake-4k-cu.jpg error=content-length mismatch
2026-02-03 21:50:13,915 | WARNING | tifa_archivist.download | download failed url=https://4.bp.blogspot.com/-G_J0akO_F30/XQ8e1Cf554I/AAAAAAAAHtY/fXSLWRvdXfkusN1p8VIzo87BMJVOt6YFQCKgBGAs/w0/tifa-lockhart-final-fantasy-7-remake-uhdpaper.com-4K-37.jpg error=content-length mismatch
2026-02-03 21:50:13,936 | WARNING | tifa_archivist.download | download failed url=https://wallpapercave.com/wp/wp5965634.jpg error=content-length mismatch
2026-02-03 21:50:14,252 | WARNING | tifa_archivist.download | download failed url=https://wallpapercave.com/wp/wp5462927.jpg error=content-length mismatch
2026-02-03 21:50:14,622 | WARNING | tifa_archivist.download | download failed url=https://wallpapers.com/images/hd/tifa-lockhart-4k-wallpaper-68qushxi0ujmisu0.jpg error=content-length mismatch
2026-02-03 21:50:14,667 | WARNING | tifa_archivist.download | download failed url=https://a-static.besthdwallpaper.com/tifa-lockhart-fantasy-art-final-fantasy-vii-remake-video-game-wallpaper-3840x2160-68631_54.jpg error=content-length mismatch
2026-02-03 21:50:17,107 | WARNING | tifa_archivist.download | download failed url=https://images6.alphacoders.com/436/436981.jpg error=content-length mismatch
2026-02-03 21:50:17,710 | WARNING | tifa_archivist.download | download failed url=https://images.hdqwalls.com/wallpapers/tifa-lockhart-final-fantasy-7-remake-4k-cu.jpg error=content-length mismatch
2026-02-03 21:50:18,238 | WARNING | tifa_archivist.download | download failed url=https://wallpapercave.com/wp/wp5965634.jpg error=content-length mismatch
2026-02-03 21:50:18,656 | WARNING | tifa_archivist.download | download failed url=https://4.bp.blogspot.com/-G_J0akO_F30/XQ8e1Cf554I/AAAAAAAAHtY/fXSLWRvdXfkusN1p8VIzo87BMJVOt6YFQCKgBGAs/w0/tifa-lockhart-final-fantasy-7-remake-uhdpaper.com-4K-37.jpg error=content-length mismatch
2026-02-03 21:50:19,342 | WARNING | tifa_archivist.download | download failed url=https://wallpapercave.com/wp/wp5462927.jpg error=content-length mismatch
2026-02-03 21:50:19,480 | WARNING | tifa_archivist.download | download failed url=https://wallpapers.com/images/hd/tifa-lockhart-4k-wallpaper-68qushxi0ujmisu0.jpg error=content-length mismatch
2026-02-03 21:50:20,794 | WARNING | tifa_archivist.download | download failed url=https://a-static.besthdwallpaper.com/tifa-lockhart-fantasy-art-final-fantasy-vii-remake-ffvii-wallpaper-3440x1440-68669_15.jpg error=content-length mismatch
2026-02-03 21:50:20,824 | WARNING | tifa_archivist.download | download failed url=https://a-static.besthdwallpaper.com/tifa-lockhart-fantasy-art-final-fantasy-vii-remake-video-game-wallpaper-3840x2160-68631_54.jpg error=content-length mismatch
2026-02-03 21:50:21,471 | WARNING | tifa_archivist.download | download failed url=https://images6.alphacoders.com/436/436981.jpg error=content-length mismatch
2026-02-03 21:50:21,870 | WARNING | tifa_archivist.download | download failed url=https://images.hdqwalls.com/wallpapers/tifa-lockhart-final-fantasy-7-remake-4k-cu.jpg error=content-length mismatch
2026-02-03 21:50:22,721 | WARNING | tifa_archivist.download | download failed url=https://wallpapercave.com/wp/wp5965634.jpg error=content-length mismatch
2026-02-03 21:50:23,197 | WARNING | tifa_archivist.download | download failed url=https://4.bp.blogspot.com/-G_J0akO_F30/XQ8e1Cf554I/AAAAAAAAHtY/fXSLWRvdXfkusN1p8VIzo87BMJVOt6YFQCKgBGAs/w0/tifa-lockhart-final-fantasy-7-remake-uhdpaper.com-4K-37.jpg error=content-length mismatch
2026-02-03 21:50:23,372 | WARNING | tifa_archivist.download | download failed url=https://wallpapercave.com/wp/wp5462927.jpg error=content-length mismatch
2026-02-03 21:50:23,388 | INFO | tifa_archivist.orchestrator | image decode skipped url=https://wallpapers.com/images/hd/tifa-lockhart-4k-wallpaper-a83flpornh11vqz8.jpg reason=decode_failed_allowed mime=image/jpeg
2026-02-03 21:50:23,946 | WARNING | tifa_archivist.download | download failed url=https://wallpapers.com/images/hd/tifa-lockhart-4k-wallpaper-68qushxi0ujmisu0.jpg error=content-length mismatch
2026-02-03 21:50:26,019 | WARNING | tifa_archivist.download | download failed url=https://motionbgs.com/media/8311/tifa-lockhart-final-fantasy-vii-remake.3840x2160.jpg error=content-length mismatch
2026-02-03 21:50:26,200 | WARNING | tifa_archivist.download | download failed url=https://a-static.besthdwallpaper.com/tifa-lockhart-fantasy-art-final-fantasy-vii-remake-video-game-wallpaper-3840x2160-68631_54.jpg error=content-length mismatch
2026-02-03 21:50:26,461 | WARNING | tifa_archivist.download | download failed url=https://a-static.besthdwallpaper.com/tifa-lockhart-fantasy-art-final-fantasy-vii-remake-ffvii-wallpaper-3440x1440-68669_15.jpg error=content-length mismatch
2026-02-03 21:50:26,862 | WARNING | tifa_archivist.download | download failed url=https://images.hdqwalls.com/wallpapers/tifa-lockhart-in-final-fantasy-vii-po.jpg error=content-length mismatch
2026-02-03 21:50:27,115 | WARNING | tifa_archivist.download | download failed url=https://cdn.wallpapersafari.com/70/80/mMv1OQ.jpg error=content-length mismatch
2026-02-03 21:50:27,676 | WARNING | tifa_archivist.download | download failed url=https://wallpapercrafter.com/desktop/70816-tifa-lockhart-final-fantasy-games-hd-artstation-4k.jpg error=content-length mismatch
2026-02-03 21:50:28,637 | WARNING | tifa_archivist.download | download failed url=https://a-static.besthdwallpaper.com/render-tifa-lockhart-final-fantasy-vii-remake-video-game-wallpaper-3554x1999-74878_53.jpg error=content-length mismatch
2026-02-03 21:50:30,009 | WARNING | tifa_archivist.download | download failed url=https://motionbgs.com/media/8311/tifa-lockhart-final-fantasy-vii-remake.3840x2160.jpg error=content-length mismatch
2026-02-03 21:50:30,972 | WARNING | tifa_archivist.download | download failed url=https://cdn.wallpapersafari.com/70/80/mMv1OQ.jpg error=content-length mismatch
2026-02-03 21:50:31,722 | WARNING | tifa_archivist.download | download failed url=https://a-static.besthdwallpaper.com/tifa-lockhart-fantasy-art-final-fantasy-vii-remake-ffvii-wallpaper-3440x1440-68669_15.jpg error=content-length mismatch
2026-02-03 21:50:31,736 | WARNING | tifa_archivist.download | download failed url=https://images.hdqwalls.com/wallpapers/tifa-lockhart-in-final-fantasy-vii-po.jpg error=content-length mismatch
2026-02-03 21:50:31,996 | WARNING | tifa_archivist.download | download failed url=https://wallpapercrafter.com/desktop/70816-tifa-lockhart-final-fantasy-games-hd-artstation-4k.jpg error=content-length mismatch
2026-02-03 21:50:32,770 | WARNING | tifa_archivist.download | download failed url=https://a-static.besthdwallpaper.com/tifa-lockhart-final-fantasy-vii-remake-ff7-wallpaper-2560x1440-68601_51.jpg error=content-length mismatch
2026-02-03 21:50:33,893 | WARNING | tifa_archivist.download | download failed url=https://motionbgs.com/media/8311/tifa-lockhart-final-fantasy-vii-remake.3840x2160.jpg error=content-length mismatch
2026-02-03 21:50:34,023 | WARNING | tifa_archivist.download | download failed url=https://a-static.besthdwallpaper.com/render-tifa-lockhart-final-fantasy-vii-remake-video-game-wallpaper-3554x1999-74878_53.jpg error=content-length mismatch
2026-02-03 21:50:35,003 | WARNING | tifa_archivist.download | download failed url=https://cdn.wallpapersafari.com/70/80/mMv1OQ.jpg error=content-length mismatch
2026-02-03 21:50:35,349 | WARNING | tifa_archivist.download | download failed url=https://images.hdqwalls.com/wallpapers/tifa-lockhart-in-final-fantasy-vii-po.jpg error=content-length mismatch
2026-02-03 21:50:35,823 | WARNING | tifa_archivist.download | download failed url=https://wallpapers.com/images/hd/tifa-lockhart-4k-wallpaper-9yt7yrl1xv49hu2j.jpg error=content-length mismatch
2026-02-03 21:50:37,168 | WARNING | tifa_archivist.download | download failed url=https://wallpapercrafter.com/desktop/70816-tifa-lockhart-final-fantasy-games-hd-artstation-4k.jpg error=content-length mismatch
2026-02-03 21:50:38,070 | WARNING | tifa_archivist.download | download failed url=https://images5.alphacoders.com/138/1384808.jpg error=content-length mismatch
2026-02-03 21:50:38,293 | WARNING | tifa_archivist.download | download failed url=https://a-static.besthdwallpaper.com/tifa-lockhart-final-fantasy-vii-remake-ff7-wallpaper-2560x1440-68601_51.jpg error=content-length mismatch
2026-02-03 21:50:39,309 | WARNING | tifa_archivist.download | download failed url=https://images.hdqwalls.com/download/tifa-lockhart-in-final-fantasy-vii-2020-h8-2560x1440.jpg error=content-length mismatch
2026-02-03 21:50:39,540 | WARNING | tifa_archivist.download | download failed url=https://a-static.besthdwallpaper.com/render-tifa-lockhart-final-fantasy-vii-remake-video-game-wallpaper-3554x1999-74878_53.jpg error=content-length mismatch
2026-02-03 21:50:40,161 | WARNING | tifa_archivist.download | download failed url=https://wallpapers.com/images/hd/tifa-lockhart-4k-wallpaper-9yt7yrl1xv49hu2j.jpg error=content-length mismatch
2026-02-03 21:50:40,330 | WARNING | tifa_archivist.download | download failed url=https://www.hdwallpapers.in/download/cloud_strife_tifa_lockhart_4k_hd_final_fantasy_vii_remake-3840x2160.jpg error=content-length mismatch
2026-02-03 21:50:40,584 | WARNING | tifa_archivist.download | download failed url=https://pixelz.cc/wp-content/uploads/2019/12/final-fantasy-7-remake-cloud-strife-tifa-lockhart-uhd-4k-wallpaper.jpg error=content-length mismatch
2026-02-03 21:50:42,423 | WARNING | tifa_archivist.download | download failed url=https://static.zerochan.net/Tifa.Lockhart.full.2926864.jpg error=content-length mismatch
2026-02-03 21:50:42,474 | WARNING | tifa_archivist.download | download failed url=https://images5.alphacoders.com/138/1384808.jpg error=content-length mismatch
2026-02-03 21:50:43,328 | WARNING | tifa_archivist.download | download failed url=https://images.hdqwalls.com/download/tifa-lockhart-in-final-fantasy-vii-2020-h8-2560x1440.jpg error=content-length mismatch
2026-02-03 21:50:43,417 | WARNING | tifa_archivist.download | download failed url=https://images.hdqwalls.com/wallpapers/tifa-lockhart-final-fantasy-vii-l6.jpg error=content-length mismatch
2026-02-03 21:50:44,115 | WARNING | tifa_archivist.download | download failed url=https://wallpapers.com/images/hd/tifa-lockhart-4k-wallpaper-9yt7yrl1xv49hu2j.jpg error=content-length mismatch
2026-02-03 21:50:44,333 | WARNING | tifa_archivist.download | download failed url=https://a-static.besthdwallpaper.com/tifa-lockhart-final-fantasy-vii-remake-ff7-wallpaper-2560x1440-68601_51.jpg error=content-length mismatch
2026-02-03 21:50:44,556 | WARNING | tifa_archivist.download | download failed url=https://pixelz.cc/wp-content/uploads/2019/12/final-fantasy-7-remake-cloud-strife-tifa-lockhart-uhd-4k-wallpaper.jpg error=content-length mismatch
2026-02-03 21:50:45,980 | WARNING | tifa_archivist.download | download failed url=https://www.hdwallpapers.in/download/cloud_strife_tifa_lockhart_4k_hd_final_fantasy_vii_remake-3840x2160.jpg error=content-length mismatch
2026-02-03 21:50:46,613 | WARNING | tifa_archivist.download | download failed url=https://images5.alphacoders.com/138/1384808.jpg error=content-length mismatch
2026-02-03 21:50:46,793 | WARNING | tifa_archivist.download | download failed url=https://static.zerochan.net/Tifa.Lockhart.full.2926864.jpg error=content-length mismatch
2026-02-03 21:50:46,815 | WARNING | tifa_archivist.download | download failed url=https://images.hdqwalls.com/wallpapers/tifa-lockhart-final-fantasy-vii-l6.jpg error=content-length mismatch
2026-02-03 21:50:46,954 | WARNING | tifa_archivist.download | download failed url=https://images.hdqwalls.com/download/tifa-lockhart-in-final-fantasy-vii-2020-h8-2560x1440.jpg error=content-length mismatch
2026-02-03 21:50:48,563 | WARNING | tifa_archivist.download | download failed url=https://images4.alphacoders.com/812/81218.jpg error=content-length mismatch
2026-02-03 21:50:48,740 | WARNING | tifa_archivist.download | download failed url=https://pixelz.cc/wp-content/uploads/2019/12/final-fantasy-7-remake-cloud-strife-tifa-lockhart-uhd-4k-wallpaper.jpg error=content-length mismatch
2026-02-03 21:50:49,215 | WARNING | tifa_archivist.download | download failed url=https://a-static.besthdwallpaper.com/tifa-lockhart-anime-art-final-fantasy-vii-remake-video-game-wallpaper-2400x1350-68604_50.jpg error=content-length mismatch
2026-02-03 21:50:50,164 | WARNING | tifa_archivist.download | download failed url=https://images.hdqwalls.com/wallpapers/tifa-lockhart-final-fantasy-vii-l6.jpg error=content-length mismatch
2026-02-03 21:50:50,196 | WARNING | tifa_archivist.download | download failed url=https://images2.alphacoders.com/239/239090.jpg error=content-length mismatch
2026-02-03 21:50:51,603 | WARNING | tifa_archivist.download | download failed url=https://www.hdwallpapers.in/download/cloud_strife_tifa_lockhart_4k_hd_final_fantasy_vii_remake-3840x2160.jpg error=content-length mismatch
2026-02-03 21:50:51,707 | WARNING | tifa_archivist.download | download failed url=https://images.hdqwalls.com/wallpapers/tifa-final-fantasy-lockhart-v2.jpg error=content-length mismatch
2026-02-03 21:50:52,066 | WARNING | tifa_archivist.download | download failed url=https://static.zerochan.net/Tifa.Lockhart.full.2926864.jpg error=content-length mismatch
2026-02-03 21:50:53,024 | WARNING | tifa_archivist.download | download failed url=https://images4.alphacoders.com/812/81218.jpg error=content-length mismatch
2026-02-03 21:50:54,143 | WARNING | tifa_archivist.download | download failed url=https://www.hdwallpapers.in/download/aerith_gainsborough_and_tifa_lockhart_ff_remake_4k_hd_final_fantasy_vii-3840x2160.jpg error=content-length mismatch
2026-02-03 21:50:54,435 | WARNING | tifa_archivist.download | download failed url=https://a-static.besthdwallpaper.com/tifa-lockhart-anime-art-final-fantasy-vii-remake-video-game-wallpaper-2400x1350-68604_50.jpg error=content-length mismatch
2026-02-03 21:50:54,711 | WARNING | tifa_archivist.download | download failed url=https://wallpapercave.com/wp/wp6018941.jpg error=content-length mismatch
2026-02-03 21:50:54,935 | WARNING | tifa_archivist.download | download failed url=https://images2.alphacoders.com/239/239090.jpg error=content-length mismatch
2026-02-03 21:50:55,077 | WARNING | tifa_archivist.download | download failed url=https://images.hdqwalls.com/download/final-fantasy-vii-rebirth-aerith-gainsborough-and-tifa-lockhart-93-2560x1440.jpg error=content-length mismatch
2026-02-03 21:50:55,540 | WARNING | tifa_archivist.download | download failed url=https://images.hdqwalls.com/wallpapers/tifa-final-fantasy-lockhart-v2.jpg error=content-length mismatch
2026-02-03 21:50:55,958 | WARNING | tifa_archivist.download | download failed url=https://w0.peakpx.com/wallpaper/307/340/HD-wallpaper-tifa-lockhart-final-fantasy-vii.jpg error=content-length mismatch
