2026-01-18 00:44:55,958 | WARNING | tifa_archivist.classify | vision check skipped: {"code":"Client specified an invalid argument","error":"Invalid request content: Failed to decode image buffer."}
2026-01-18 00:44:56,346 | INFO | primp | response: https://duckduckgo.com/?q=Tifa+Lockhart+FF7 200
2026-01-18 00:44:56,353 | INFO | primp | response: https://duckduckgo.com/?q=Tifa+Lockhart+FF7+fanart 200
2026-01-18 00:44:56,394 | INFO | primp | response: https://duckduckgo.com/i.js?o=json&q=Tifa+Lockhart+FF7&l=us-en&vqd=4-30882369111239269315490136605359818598&p=-1 403
2026-01-18 00:44:56,918 | INFO | primp | response: https://duckduckgo.com/i.js?o=json&q=Tifa+Lockhart+FF7+fanart&l=us-en&vqd=4-185773501253600070355898279302449024036&p=-1 200
2026-01-18 00:44:57,125 | INFO | primp | response: https://duckduckgo.com/?q=Tifa+Lockhart+FF7+2d+art 200
2026-01-18 00:44:57,539 | INFO | primp | response: https://duckduckgo.com/i.js?o=json&q=Tifa+Lockhart+FF7+2d+art&l=us-en&vqd=4-91171151332162779170379197728945664761&p=-1 200
2026-01-18 00:44:57,744 | INFO | primp | response: https://duckduckgo.com/?q=Tifa+Lockhart+FF7+3d+render 200
2026-01-18 00:44:58,233 | INFO | primp | response: https://duckduckgo.com/?q=Tifa+Lockhart+FF7 200
2026-01-18 00:44:58,306 | INFO | primp | response: https://duckduckgo.com/i.js?o=json&q=Tifa+Lockhart+FF7+3d+render&l=us-en&vqd=4-38761523110900310555726756297487524111&p=-1 200
2026-01-18 00:44:58,516 | INFO | primp | response: https://duckduckgo.com/?q=Tifa+Lockhart+FF7+key+art 200
2026-01-18 00:44:58,674 | INFO | primp | response: https://duckduckgo.com/i.js?o=json&q=Tifa+Lockhart+FF7&l=us-en&vqd=4-30882369111239269315490136605359818598&p=-1 200
2026-01-18 00:44:58,888 | INFO | primp | response: https://duckduckgo.com/?q=Tifa+Lockhart+FF7+screenshot 200
2026-01-18 00:44:58,919 | INFO | primp | response: https://duckduckgo.com/i.js?o=json&q=Tifa+Lockhart+FF7+key+art&l=us-en&vqd=4-164156339528940257224399585130293858564&p=-1 200
2026-01-18 00:44:59,129 | INFO | primp | response: https://duckduckgo.com/?q=Tifa+Lockhart+FF7+official+art 200
2026-01-18 00:44:59,292 | INFO | primp | response: https://duckduckgo.com/i.js?o=json&q=Tifa+Lockhart+FF7+screenshot&l=us-en&vqd=4-233988239837322995263684530676260745866&p=-1 200
2026-01-18 00:44:59,499 | INFO | primp | response: https://duckduckgo.com/?q=Tifa+Lockhart+FF7+wallpaper 200
2026-01-18 00:44:59,555 | INFO | primp | response: https://duckduckgo.com/i.js?o=json&q=Tifa+Lockhart+FF7+official+art&l=us-en&vqd=4-231613280363193111193328630978987469006&p=-1 200
2026-01-18 00:44:59,765 | INFO | primp | response: https://duckduckgo.com/?q=Tifa+Lockhart+FF7+nsfw 200
2026-01-18 00:44:59,890 | INFO | primp | response: https://duckduckgo.com/i.js?o=json&q=Tifa+Lockhart+FF7+wallpaper&l=us-en&vqd=4-205545499102468321072709891380474798884&p=-1 200
2026-01-18 00:45:00,099 | INFO | primp | response: https://duckduckgo.com/i.js?o=json&q=Tifa+Lockhart+FF7+nsfw&l=us-en&vqd=4-157121760440594569231742019364412372472&p=-1 200
2026-01-18 00:45:00,101 | INFO | primp | response: https://duckduckgo.com/?q=Tifa+Lockhart+FF7+sfw 200
2026-01-18 00:45:00,314 | INFO | primp | response: https://duckduckgo.com/?q=Tifa+Lockhart+FF7+remake 200
2026-01-18 00:45:00,511 | INFO | primp | response: https://duckduckgo.com/i.js?o=json&q=Tifa+Lockhart+FF7+sfw&l=us-en&vqd=4-58578686739069539422423126878358813010&p=-1 200
2026-01-18 00:45:00,726 | INFO | primp | response: https://duckduckgo.com/i.js?o=json&q=Tifa+Lockhart+FF7+remake&l=us-en&vqd=4-122801892637820793305020861480337666569&p=-1 200
2026-01-18 00:45:00,730 | INFO | primp | response: https://duckduckgo.com/?q=Tifa+Lockhart+wallpaper+4k 200
2026-01-18 00:45:00,939 | INFO | primp | response: https://duckduckgo.com/?q=Tifa+Lockhart+wallpaper+4k+fanart 200
2026-01-18 00:45:01,297 | INFO | primp | response: https://duckduckgo.com/i.js?o=json&q=Tifa+Lockhart+wallpaper+4k&l=us-en&vqd=4-93662533915759784012759090665657107628&p=-1 200
2026-01-18 00:45:01,398 | INFO | primp | response: https://duckduckgo.com/i.js?o=json&q=Tifa+Lockhart+wallpaper+4k+fanart&l=us-en&vqd=4-252702561858311435416975077099529861299&p=-1 200
2026-01-18 00:45:01,514 | INFO | primp | response: https://duckduckgo.com/?q=Tifa+Lockhart+wallpaper+4k+2d+art 200
2026-01-18 00:45:01,522 | WARNING | tifa_archivist.orchestrator | classification failed url=https://images-wixmp-ed30a86b8c4ca887773594c2.wixmp.com/f/462064fa-8a78-4289-82e4-375cc0c67d47/dg7qfmf-c841d36a-3b27-4f5b-bb18-cca7f3c9140d.jpg?token=eyJ0eXAiOiJKV1QiLCJhbGciOiJIUzI1NiJ9.eyJzdWIiOiJ1cm46YXBwOjdlMGQxODg5ODIyNjQzNzNhNWYwZDQxNWVhMGQyNmUwIiwiaXNzIjoidXJuOmFwcDo3ZTBkMTg4OTgyMjY0MzczYTVmMGQ0MTVlYTBkMjZlMCIsIm9iaiI6W1t7InBhdGgiOiJcL2ZcLzQ2MjA2NGZhLThhNzgtNDI4OS04MmU0LTM3NWNjMGM2N2Q0N1wvZGc3cWZtZi1jODQxZDM2YS0zYjI3LTRmNWItYmIxOC1jY2E3ZjNjOTE0MGQuanBnIn1dXSwiYXVkIjpbInVybjpzZXJ2aWNlOmZpbGUuZG93bmxvYWQiXX0.Es3bynALdGCaPjtJqxucLJNe0uhCi-sVdLjdGPxf5gM error={"code":"Client specified an invalid argument","error":"Invalid request content: Failed to decode image buffer."}
2026-01-18 00:45:01,627 | INFO | primp | response: https://duckduckgo.com/?q=Tifa+Lockhart+wallpaper+4k+3d+render 200
2026-01-18 00:45:01,719 | WARNING | tifa_archivist.orchestrator | classification failed url=https://static.zerochan.net/Tifa.Lockhart.full.2624275.jpg error={"code":"Client specified an invalid argument","error":"Invalid request content: Failed to decode image buffer."}
2026-01-18 00:45:01,944 | INFO | primp | response: https://duckduckgo.com/i.js?o=json&q=Tifa+Lockhart+wallpaper+4k+2d+art&l=us-en&vqd=4-275676685641578065493027417865675096626&p=-1 200
2026-01-18 00:45:02,070 | INFO | primp | response: https://duckduckgo.com/i.js?o=json&q=Tifa+Lockhart+wallpaper+4k+3d+render&l=us-en&vqd=4-63297216118200272621445743321473474438&p=-1 200
2026-01-18 00:45:02,158 | INFO | primp | response: https://duckduckgo.com/?q=Tifa+Lockhart+wallpaper+4k+key+art 200
2026-01-18 00:45:02,284 | INFO | primp | response: https://duckduckgo.com/?q=Tifa+Lockhart+wallpaper+4k+screenshot 200
2026-01-18 00:45:02,586 | INFO | primp | response: https://duckduckgo.com/i.js?o=json&q=Tifa+Lockhart+wallpaper+4k+key+art&l=us-en&vqd=4-180814468334308758631963199120523609690&p=-1 200
2026-01-18 00:45:02,673 | INFO | primp | response: https://duckduckgo.com/i.js?o=json&q=Tifa+Lockhart+wallpaper+4k+screenshot&l=us-en&vqd=4-33381623023918700885662491908816941027&p=-1 200
2026-01-18 00:45:02,804 | INFO | primp | response: https://duckduckgo.com/?q=Tifa+Lockhart+wallpaper+4k+official+art 200
2026-01-18 00:45:02,885 | INFO | primp | response: https://duckduckgo.com/?q=Tifa+Lockhart+wallpaper+4k+wallpaper 200
2026-01-18 00:45:03,250 | INFO | primp | response: https://duckduckgo.com/i.js?o=json&q=Tifa+Lockhart+wallpaper+4k+official+art&l=us-en&vqd=4-33560258761464781805571139276531411274&p=-1 200
2026-01-18 00:45:03,318 | INFO | primp | response: https://duckduckgo.com/i.js?o=json&q=Tifa+Lockhart+wallpaper+4k+wallpaper&l=us-en&vqd=4-266784729233396602599230400747106085092&p=-1 200
2026-01-18 00:45:03,495 | INFO | primp | response: https://duckduckgo.com/?q=Tifa+Lockhart+wallpaper+4k+nsfw 200
2026-01-18 00:45:03,535 | INFO | primp | response: https://duckduckgo.com/?q=Tifa+Lockhart+wallpaper+4k+sfw 200
2026-01-18 00:45:03,959 | INFO | primp | response: https://duckduckgo.com/i.js?o=json&q=Tifa+Lockhart+wallpaper+4k+sfw&l=us-en&vqd=4-70129741655551407479609239581910883974&p=-1 200
2026-01-18 00:45:04,025 | INFO | primp | response: https://duckduckgo.com/i.js?o=json&q=Tifa+Lockhart+wallpaper+4k+nsfw&l=us-en&vqd=4-163034954980485312425604744937318354899&p=-1 200
2026-01-18 00:45:04,181 | INFO | primp | response: https://duckduckgo.com/?q=Tifa+Lockhart+wallpaper+4k+remake 200
2026-01-18 00:45:04,245 | INFO | primp | response: https://duckduckgo.com/?q=Tifa+Lockhart+cosplay 200
2026-01-18 00:45:04,403 | WARNING | tifa_archivist.orchestrator | classification failed url=https://static.zerochan.net/Tifa.Lockhart.full.4405123.jpg error={"code":"Client specified an invalid argument","error":"Invalid request content: Failed to decode image buffer."}
2026-01-18 00:45:04,724 | INFO | primp | response: https://duckduckgo.com/i.js?o=json&q=Tifa+Lockhart+cosplay&l=us-en&vqd=4-68373720121938400126698674207407525814&p=-1 200
2026-01-18 00:45:04,752 | INFO | primp | response: https://duckduckgo.com/i.js?o=json&q=Tifa+Lockhart+wallpaper+4k+remake&l=us-en&vqd=4-32876742606741590883859325957478805692&p=-1 200
2026-01-18 00:45:04,932 | INFO | primp | response: https://duckduckgo.com/?q=Tifa+Lockhart+cosplay+fanart 200
2026-01-18 00:45:04,967 | INFO | primp | response: https://duckduckgo.com/?q=Tifa+Lockhart+cosplay+2d+art 200
2026-01-18 00:45:05,365 | INFO | primp | response: https://duckduckgo.com/i.js?o=json&q=Tifa+Lockhart+cosplay+fanart&l=us-en&vqd=4-112654963174555678121612562378889524783&p=-1 200
2026-01-18 00:45:05,508 | INFO | primp | response: https://duckduckgo.com/i.js?o=json&q=Tifa+Lockhart+cosplay+2d+art&l=us-en&vqd=4-64228695231384057194877529017322982364&p=-1 200
2026-01-18 00:45:05,581 | INFO | primp | response: https://duckduckgo.com/?q=Tifa+Lockhart+cosplay+3d+render 200
2026-01-18 00:45:05,721 | INFO | primp | response: https://duckduckgo.com/?q=Tifa+Lockhart+cosplay+key+art 200
2026-01-18 00:45:05,944 | INFO | primp | response: https://duckduckgo.com/i.js?o=json&q=Tifa+Lockhart+cosplay+3d+render&l=us-en&vqd=4-282993324670060301542165598364955578426&p=-1 200
2026-01-18 00:45:06,085 | INFO | primp | response: https://duckduckgo.com/i.js?o=json&q=Tifa+Lockhart+cosplay+key+art&l=us-en&vqd=4-210388457534047588523178973405463665226&p=-1 200
2026-01-18 00:45:06,150 | INFO | primp | response: https://duckduckgo.com/?q=Tifa+Lockhart+cosplay+screenshot 200
2026-01-18 00:45:06,302 | INFO | primp | response: https://duckduckgo.com/?q=Tifa+Lockhart+cosplay+official+art 200
2026-01-18 00:45:06,520 | INFO | primp | response: https://duckduckgo.com/i.js?o=json&q=Tifa+Lockhart+cosplay+screenshot&l=us-en&vqd=4-171134720515557589401691506755308418194&p=-1 200
2026-01-18 00:45:06,729 | INFO | primp | response: https://duckduckgo.com/?q=Tifa+Lockhart+cosplay+wallpaper 200
2026-01-18 00:45:06,733 | INFO | primp | response: https://duckduckgo.com/i.js?o=json&q=Tifa+Lockhart+cosplay+official+art&l=us-en&vqd=4-44030695250976141518920665136021216531&p=-1 200
2026-01-18 00:45:06,954 | INFO | primp | response: https://duckduckgo.com/?q=Tifa+Lockhart+cosplay+nsfw 200
2026-01-18 00:45:07,100 | INFO | primp | response: https://duckduckgo.com/i.js?o=json&q=Tifa+Lockhart+cosplay+wallpaper&l=us-en&vqd=4-318453729283439244704736545051715052432&p=-1 200
2026-01-18 00:45:07,337 | INFO | primp | response: https://duckduckgo.com/i.js?o=json&q=Tifa+Lockhart+cosplay+nsfw&l=us-en&vqd=4-278320727692454803021550910396960250763&p=-1 200
2026-01-18 00:45:07,347 | INFO | primp | response: https://duckduckgo.com/?q=Tifa+Lockhart+cosplay+sfw 200
2026-01-18 00:45:07,387 | WARNING | tifa_archivist.orchestrator | classification failed url=https://images-wixmp-ed30a86b8c4ca887773594c2.wixmp.com/f/462064fa-8a78-4289-82e4-375cc0c67d47/dg7qfng-a5aeb3d4-be1a-40e7-b3fe-10698562abed.jpg?token=eyJ0eXAiOiJKV1QiLCJhbGciOiJIUzI1NiJ9.eyJzdWIiOiJ1cm46YXBwOjdlMGQxODg5ODIyNjQzNzNhNWYwZDQxNWVhMGQyNmUwIiwiaXNzIjoidXJuOmFwcDo3ZTBkMTg4OTgyMjY0MzczYTVmMGQ0MTVlYTBkMjZlMCIsIm9iaiI6W1t7InBhdGgiOiJcL2ZcLzQ2MjA2NGZhLThhNzgtNDI4OS04MmU0LTM3NWNjMGM2N2Q0N1wvZGc3cWZuZy1hNWFlYjNkNC1iZTFhLTQwZTctYjNmZS0xMDY5ODU2MmFiZWQuanBnIn1dXSwiYXVkIjpbInVybjpzZXJ2aWNlOmZpbGUuZG93bmxvYWQiXX0.QiDSWjF5wW5gHPXyURposb6H735mMooCV58iD5coYVI error={"code":"Client specified an invalid argument","error":"Invalid request content: Failed to decode image buffer."}
2026-01-18 00:45:07,563 | INFO | primp | response: https://duckduckgo.com/?q=Tifa+Lockhart+cosplay+remake 200
2026-01-18 00:45:07,762 | INFO | primp | response: https://duckduckgo.com/i.js?o=json&q=Tifa+Lockhart+cosplay+sfw&l=us-en&vqd=4-18150087982858787735645958745408780722&p=-1 200
2026-01-18 00:45:07,907 | INFO | primp | response: https://duckduckgo.com/i.js?o=json&q=Tifa+Lockhart+cosplay+remake&l=us-en&vqd=4-226002493271781832970122306091219798930&p=-1 200
2026-01-18 00:45:07,969 | INFO | primp | response: https://duckduckgo.com/?q=%E3%83%86%E3%82%A3%E3%83%95%E3%82%A1+%E3%83%AD%E3%83%83%E3%82%AF%E3%83%8F%E3%83%BC%E3%83%88 200
2026-01-18 00:45:08,113 | INFO | primp | response: https://duckduckgo.com/?q=Tifa+Lockhart+FFVII+remake 200
2026-01-18 00:45:08,368 | INFO | primp | response: https://duckduckgo.com/i.js?o=json&q=%E3%83%86%E3%82%A3%E3%83%95%E3%82%A1+%E3%83%AD%E3%83%83%E3%82%AF%E3%83%8F%E3%83%BC%E3%83%88&l=us-en&vqd=4-236858300520597396630027879766308809051&p=-1 200
2026-01-18 00:45:08,571 | INFO | primp | response: https://duckduckgo.com/i.js?o=json&q=Tifa+Lockhart+FFVII+remake&l=us-en&vqd=4-119628327810424931312536872555124609439&p=-1 200
2026-01-18 00:45:08,579 | INFO | primp | response: https://duckduckgo.com/?q=Tifa+Lockhart+key+art 200
2026-01-18 00:45:08,784 | INFO | primp | response: https://duckduckgo.com/?q=Tifa+Lockhart+portrait 200
2026-01-18 00:45:08,944 | INFO | primp | response: https://duckduckgo.com/i.js?o=json&q=Tifa+Lockhart+key+art&l=us-en&vqd=4-264315610283614582188705888633803909479&p=-1 200
2026-01-18 00:45:09,170 | INFO | primp | response: https://duckduckgo.com/i.js?o=json&q=Tifa+Lockhart+portrait&l=us-en&vqd=4-27733007725232742767698829165418870962&p=-1 200
2026-01-18 00:45:09,170 | INFO | primp | response: https://duckduckgo.com/?q=Tifa+Lockhart+3d+render 200
2026-01-18 00:45:09,193 | WARNING | tifa_archivist.orchestrator | classification failed url=https://static.zerochan.net/Tifa.Lockhart.full.2915374.jpg error={"code":"Client specified an invalid argument","error":"Invalid request content: Failed to decode image buffer."}
2026-01-18 00:45:09,566 | INFO | primp | response: https://duckduckgo.com/i.js?o=json&q=Tifa+Lockhart+3d+render&l=us-en&vqd=4-207480519977543438251100987825388566436&p=-1 200
2026-01-18 00:45:09,666 | WARNING | tifa_archivist.orchestrator | classification failed url=https://static.zerochan.net/Tifa.Lockhart.full.1892640.jpg error={"code":"Client specified an invalid argument","error":"Invalid request content: Failed to decode image buffer."}
2026-01-18 00:45:11,732 | WARNING | tifa_archivist.orchestrator | classification failed url=https://preview.redd.it/tifa-lockhart-artwork-ff7-r-v0-v3n1x6bti9ra1.png?width=640&crop=smart&auto=webp&s=9c89b26b19f07349a0436f42a31ee7b4e708c187 error={"code":"Client specified an invalid argument","error":"Invalid request content: Failed to decode image buffer."}
2026-01-18 00:45:14,829 | WARNING | tifa_archivist.orchestrator | classification failed url=https://static.zerochan.net/Tifa.Lockhart.full.2941626.jpg error={"code":"Client specified an invalid argument","error":"Invalid request content: Failed to decode image buffer."}
2026-01-18 00:45:15,081 | WARNING | tifa_archivist.orchestrator | classification failed url=https://images-wixmp-ed30a86b8c4ca887773594c2.wixmp.com/f/462064fa-8a78-4289-82e4-375cc0c67d47/dg7qfm4-6241001a-5a5c-41a5-bc78-41e417a1098f.jpg?token=eyJ0eXAiOiJKV1QiLCJhbGciOiJIUzI1NiJ9.eyJzdWIiOiJ1cm46YXBwOjdlMGQxODg5ODIyNjQzNzNhNWYwZDQxNWVhMGQyNmUwIiwiaXNzIjoidXJuOmFwcDo3ZTBkMTg4OTgyMjY0MzczYTVmMGQ0MTVlYTBkMjZlMCIsIm9iaiI6W1t7InBhdGgiOiJcL2ZcLzQ2MjA2NGZhLThhNzgtNDI4OS04MmU0LTM3NWNjMGM2N2Q0N1wvZGc3cWZtNC02MjQxMDAxYS01YTVjLTQxYTUtYmM3OC00MWU0MTdhMTA5OGYuanBnIn1dXSwiYXVkIjpbInVybjpzZXJ2aWNlOmZpbGUuZG93bmxvYWQiXX0.jIC4qF1HIMeb87JqBka4aXjUEgrsr43gtXMHU7PW1Uo error={"code":"Client specified an invalid argument","error":"Invalid request content: Failed to decode image buffer."}
2026-01-18 00:45:17,047 | WARNING | tifa_archivist.orchestrator | classification failed url=https://pbs.twimg.com/media/FbmO-MzWAAE6wcM.jpg error={"code":"Client specified an invalid argument","error":"Invalid request content: Failed to decode image buffer."}
2026-01-18 00:45:19,249 | WARNING | tifa_archivist.orchestrator | classification failed url=https://static.zerochan.net/Tifa.Lockhart.full.4056038.jpg error={"code":"Client specified an invalid argument","error":"Invalid request content: Failed to decode image buffer."}
2026-01-18 00:45:21,801 | WARNING | tifa_archivist.orchestrator | classification failed url=https://static.zerochan.net/Tifa.Lockhart.full.4089228.jpg error={"code":"Client specified an invalid argument","error":"Invalid request content: Failed to decode image buffer."}
2026-01-18 00:45:21,989 | WARNING | tifa_archivist.orchestrator | classification failed url=https://static.zerochan.net/Tifa.Lockhart.full.4218321.jpg error={"code":"Client specified an invalid argument","error":"Invalid request content: Failed to decode image buffer."}
2026-01-18 00:45:23,448 | WARNING | tifa_archivist.orchestrator | classification failed url=https://static.zerochan.net/Tifa.Lockhart.full.4002786.jpg error={"code":"Client specified an invalid argument","error":"Invalid request content: Failed to decode image buffer."}
2026-01-18 00:45:27,204 | WARNING | tifa_archivist.orchestrator | classification failed url=https://static.zerochan.net/Tifa.Lockhart.full.2991406.jpg error={"code":"Client specified an invalid argument","error":"Invalid request content: Failed to decode image buffer."}
2026-01-18 00:45:27,620 | WARNING | tifa_archivist.orchestrator | classification failed url=https://static.zerochan.net/Tifa.Lockhart.full.3915822.jpg error={"code":"Client specified an invalid argument","error":"Invalid request content: Failed to decode image buffer."}
2026-01-18 00:45:28,258 | WARNING | tifa_archivist.orchestrator | classification failed url=https://preview.redd.it/tifa-lockhart-artwork-ff7-r-v0-u12gqthti9ra1.png?width=705&format=png&auto=webp&s=a661b846dda7525e7b6d89fc9db9716ccac6c30d error={"code":"Client specified an invalid argument","error":"Invalid request content: Failed to decode image buffer."}
2026-01-18 00:45:32,850 | WARNING | tifa_archivist.orchestrator | classification failed url=https://i.pinimg.com/originals/69/c6/7e/69c67ec907ef10a6fb4dca84b07f31d2.png error={"code":"Client specified an invalid argument","error":"Invalid request content: Failed to decode image buffer."}
2026-01-18 00:45:32,891 | WARNING | tifa_archivist.orchestrator | classification failed url=https://images-wixmp-ed30a86b8c4ca887773594c2.wixmp.com/f/93cc5635-782b-4fa2-bb65-cf01f24db89f/dbusgrx-c79c7e0f-116f-410c-af2d-5e9715bb1e70.jpg/v1/fill/w_1600,h_2154,q_75,strp/tifa_lockhart___final_fantasy_vii_by_renaillusion_dbusgrx-fullview.jpg?token=eyJ0eXAiOiJKV1QiLCJhbGciOiJIUzI1NiJ9.eyJzdWIiOiJ1cm46YXBwOjdlMGQxODg5ODIyNjQzNzNhNWYwZDQxNWVhMGQyNmUwIiwiaXNzIjoidXJuOmFwcDo3ZTBkMTg4OTgyMjY0MzczYTVmMGQ0MTVlYTBkMjZlMCIsIm9iaiI6W1t7ImhlaWdodCI6Ijw9MjE1NCIsInBhdGgiOiJcL2ZcLzkzY2M1NjM1LTc4MmItNGZhMi1iYjY1LWNmMDFmMjRkYjg5ZlwvZGJ1c2dyeC1jNzljN2UwZi0xMTZmLTQxMGMtYWYyZC01ZTk3MTViYjFlNzAuanBnIiwid2lkdGgiOiI8PTE2MDAifV1dLCJhdWQiOlsidXJuOnNlcnZpY2U6aW1hZ2Uub3BlcmF0aW9ucyJdfQ.HCfFttYm0D6BKmcBcl7X74qX7FTOuJo2u0lGyB1PZng error={"code":"Client specified an invalid argument","error":"Invalid request content: Failed to decode image buffer."}
2026-01-18 00:45:33,743 | WARNING | tifa_archivist.orchestrator | classification failed url=https://images-wixmp-ed30a86b8c4ca887773594c2.wixmp.com/f/7cf080f2-55f5-4fbb-9244-5f11aa451c0d/dd9owe5-40cd04bb-1e31-4a2d-aad6-cdfaff7e2de2.jpg?token=eyJ0eXAiOiJKV1QiLCJhbGciOiJIUzI1NiJ9.eyJzdWIiOiJ1cm46YXBwOjdlMGQxODg5ODIyNjQzNzNhNWYwZDQxNWVhMGQyNmUwIiwiaXNzIjoidXJuOmFwcDo3ZTBkMTg4OTgyMjY0MzczYTVmMGQ0MTVlYTBkMjZlMCIsIm9iaiI6W1t7InBhdGgiOiJcL2ZcLzdjZjA4MGYyLTU1ZjUtNGZiYi05MjQ0LTVmMTFhYTQ1MWMwZFwvZGQ5b3dlNS00MGNkMDRiYi0xZTMxLTRhMmQtYWFkNi1jZGZhZmY3ZTJkZTIuanBnIn1dXSwiYXVkIjpbInVybjpzZXJ2aWNlOmZpbGUuZG93bmxvYWQiXX0.nIDByZRkq2QPkzfr3So7npzjkgYLCd8Ex9QCofHccLI error={"code":"Client specified an invalid argument","error":"Invalid request content: Failed to decode image buffer."}
2026-01-18 00:45:37,085 | WARNING | tifa_archivist.orchestrator | classification failed url=https://static.zerochan.net/Tifa.Lockhart.full.3219165.png error={"code":"Client specified an invalid argument","error":"Invalid request content: Failed to decode image buffer."}
2026-01-18 00:45:39,428 | WARNING | tifa_archivist.orchestrator | classification failed url=https://static.zerochan.net/Tifa.Lockhart.full.3469697.jpg error={"code":"Client specified an invalid argument","error":"Invalid request content: Failed to decode image buffer."}
2026-01-18 00:45:40,673 | WARNING | tifa_archivist.orchestrator | classification failed url=https://cdna.artstation.com/p/assets/images/images/045/469/548/large/idaero-ace-tifa-1.jpg?1642782690 error={"code":"Client specified an invalid argument","error":"Invalid request content: Failed to decode image buffer."}
2026-01-18 00:45:42,065 | WARNING | tifa_archivist.orchestrator | classification failed url=https://static.zerochan.net/Tifa.Lockhart.full.3634843.jpg error={"code":"Client specified an invalid argument","error":"Invalid request content: Failed to decode image buffer."}
2026-01-18 00:45:48,644 | WARNING | tifa_archivist.orchestrator | classification failed url=https://static.zerochan.net/Tifa.Lockhart.full.4156806.jpg error={"code":"Client specified an invalid argument","error":"Invalid request content: Failed to decode image buffer."}
2026-01-18 00:46:03,415 | WARNING | tifa_archivist.orchestrator | classification failed url=https://images-wixmp-ed30a86b8c4ca887773594c2.wixmp.com/f/00004ad4-1df6-4ece-99f1-24d4aefe8ffe/dft6zdl-e92a9023-1d47-4101-b320-a2eec098b5cc.png?token=eyJ0eXAiOiJKV1QiLCJhbGciOiJIUzI1NiJ9.eyJzdWIiOiJ1cm46YXBwOjdlMGQxODg5ODIyNjQzNzNhNWYwZDQxNWVhMGQyNmUwIiwiaXNzIjoidXJuOmFwcDo3ZTBkMTg4OTgyMjY0MzczYTVmMGQ0MTVlYTBkMjZlMCIsIm9iaiI6W1t7InBhdGgiOiJcL2ZcLzAwMDA0YWQ0LTFkZjYtNGVjZS05OWYxLTI0ZDRhZWZlOGZmZVwvZGZ0NnpkbC1lOTJhOTAyMy0xZDQ3LTQxMDEtYjMyMC1hMmVlYzA5OGI1Y2MucG5nIn1dXSwiYXVkIjpbInVybjpzZXJ2aWNlOmZpbGUuZG93bmxvYWQiXX0.2luNtJReoLDZCq2134kfy1tZQhxVAmJde29qZ-ME6ho error={"code":"Client specified an invalid argument","error":"Invalid request content: Failed to decode image buffer."}
2026-01-18 00:46:10,898 | WARNING | tifa_archivist.orchestrator | classification failed url=https://images-wixmp-ed30a86b8c4ca887773594c2.wixmp.com/f/4795e584-8818-401a-8759-ec315cf2a705/ddykfm6-fb03242e-0f6d-4689-b06f-67b972e90613.png/v1/fill/w_677,h_1180,strp/tifa_lockhart_fan_art_ff7_by_kreey00_ddykfm6-pre.png?token=eyJ0eXAiOiJKV1QiLCJhbGciOiJIUzI1NiJ9.eyJzdWIiOiJ1cm46YXBwOjdlMGQxODg5ODIyNjQzNzNhNWYwZDQxNWVhMGQyNmUwIiwiaXNzIjoidXJuOmFwcDo3ZTBkMTg4OTgyMjY0MzczYTVmMGQ0MTVlYTBkMjZlMCIsIm9iaiI6W1t7ImhlaWdodCI6Ijw9MTkwMCIsInBhdGgiOiJcL2ZcLzQ3OTVlNTg0LTg4MTgtNDAxYS04NzU5LWVjMzE1Y2YyYTcwNVwvZGR5a2ZtNi1mYjAzMjQyZS0wZjZkLTQ2ODktYjA2Zi02N2I5NzJlOTA2MTMucG5nIiwid2lkdGgiOiI8PTEwOTAifV1dLCJhdWQiOlsidXJuOnNlcnZpY2U6aW1hZ2Uub3BlcmF0aW9ucyJdfQ.UtL4Ik00o9uNbzhyAbdmoj_yqgDdT8_HGxRkd4kA7Hk error={"code":"Client specified an invalid argument","error":"Invalid request content: Failed to decode image buffer."}
2026-01-18 00:46:13,048 | WARNING | tifa_archivist.orchestrator | classification failed url=https://static.zerochan.net/Tifa.Lockhart.full.2909506.jpg error={"code":"Client specified an invalid argument","error":"Invalid request content: Failed to decode image buffer."}
2026-01-18 00:46:16,736 | WARNING | tifa_archivist.orchestrator | classification failed url=https://p4.wallpaperbetter.com/wallpaper/523/669/312/tifa-lockhart-final-fantasy-final-fantasy-vii-video-games-video-game-characters-hd-wallpaper-preview.jpg error={"code":"Client specified an invalid argument","error":"Invalid request content: Failed to decode image buffer."}
2026-01-18 00:46:20,884 | WARNING | tifa_archivist.orchestrator | classification failed url=https://static.zerochan.net/Tifa.Lockhart.full.2817211.jpg error={"code":"Client specified an invalid argument","error":"Invalid request content: Failed to decode image buffer."}
2026-01-18 00:46:22,570 | WARNING | tifa_archivist.orchestrator | classification failed url=https://i.pinimg.com/originals/95/18/ac/9518ac2c3fa265810a5b229ee833ad9e.jpg error={"code":"Client specified an invalid argument","error":"Invalid request content: Failed to decode image buffer."}
2026-01-18 00:46:23,129 | WARNING | tifa_archivist.orchestrator | classification failed url=https://static.zerochan.net/Tifa.Lockhart.full.4310236.jpg error={"code":"Client specified an invalid argument","error":"Invalid request content: Failed to decode image buffer."}
2026-01-18 00:46:26,452 | WARNING | tifa_archivist.orchestrator | classification failed url=https://images-wixmp-ed30a86b8c4ca887773594c2.wixmp.com/f/e5bb005c-02b4-4035-8e4d-9dac4595fc0e/df4t9mv-5549be09-d203-4bf1-bc89-bfc4216b0eae.png?token=eyJ0eXAiOiJKV1QiLCJhbGciOiJIUzI1NiJ9.eyJzdWIiOiJ1cm46YXBwOjdlMGQxODg5ODIyNjQzNzNhNWYwZDQxNWVhMGQyNmUwIiwiaXNzIjoidXJuOmFwcDo3ZTBkMTg4OTgyMjY0MzczYTVmMGQ0MTVlYTBkMjZlMCIsIm9iaiI6W1t7InBhdGgiOiJcL2ZcL2U1YmIwMDVjLTAyYjQtNDAzNS04ZTRkLTlkYWM0NTk1ZmMwZVwvZGY0dDltdi01NTQ5YmUwOS1kMjAzLTRiZjEtYmM4OS1iZmM0MjE2YjBlYWUucG5nIn1dXSwiYXVkIjpbInVybjpzZXJ2aWNlOmZpbGUuZG93bmxvYWQiXX0.WfF8LUUbKJjr2sWcAgTOwnUcykog81NzWBZEIQvBel0 error={"code":"Client specified an invalid argument","error":"Invalid request content: Failed to decode image buffer."}
2026-01-18 00:46:27,733 | WARNING | tifa_archivist.orchestrator | classification failed url=https://image.cdn2.seaart.me/2025-01-06/cttqr4le878c73ae4fsg-2/0e8b8f9a55c77227a07c71c220276aeb_high.webp error={"code":"Client specified an invalid argument","error":"Invalid request content: Failed to decode image buffer."}
2026-01-18 00:46:30,266 | WARNING | tifa_archivist.orchestrator | classification failed url=https://i.pinimg.com/originals/a3/85/4c/a3854c24defdd5cd071c60fb65580e7e.png error={"code":"Client specified an invalid argument","error":"Invalid request content: Failed to decode image buffer."}
2026-01-18 00:46:32,100 | WARNING | tifa_archivist.orchestrator | classification failed url=https://images-wixmp-ed30a86b8c4ca887773594c2.wixmp.com/f/c64484d3-877c-4c43-862f-7a4e11407e4f/dflo9rn-fb097abf-11cf-443c-80c5-b16d891e5f0e.png/v1/fill/w_1280,h_1280,q_80,strp/tifa_lockhart_by_bonehedtoons_dflo9rn-fullview.jpg?token=eyJ0eXAiOiJKV1QiLCJhbGciOiJIUzI1NiJ9.eyJzdWIiOiJ1cm46YXBwOjdlMGQxODg5ODIyNjQzNzNhNWYwZDQxNWVhMGQyNmUwIiwiaXNzIjoidXJuOmFwcDo3ZTBkMTg4OTgyMjY0MzczYTVmMGQ0MTVlYTBkMjZlMCIsIm9iaiI6W1t7ImhlaWdodCI6Ijw9MTI4MCIsInBhdGgiOiJcL2ZcL2M2NDQ4NGQzLTg3N2MtNGM0My04NjJmLTdhNGUxMTQwN2U0ZlwvZGZsbzlybi1mYjA5N2FiZi0xMWNmLTQ0M2MtODBjNS1iMTZkODkxZTVmMGUucG5nIiwid2lkdGgiOiI8PTEyODAifV1dLCJhdWQiOlsidXJuOnNlcnZpY2U6aW1hZ2Uub3BlcmF0aW9ucyJdfQ.n5GntOZRS2NT7YNpyXFXpYjy7mjcv5V0qd-OhLeyUaQ error={"code":"Client specified an invalid argument","error":"Invalid request content: Failed to decode image buffer."}
2026-01-18 00:46:32,166 | WARNING | tifa_archivist.orchestrator | classification failed url=https://i.pinimg.com/originals/69/61/ed/6961edb3a58487089421946cd56b3d00.png error={"code":"Client specified an invalid argument","error":"Invalid request content: Failed to decode image buffer."}
2026-01-18 00:46:37,115 | WARNING | tifa_archivist.orchestrator | classification failed url=https://static.zerochan.net/Tifa.Lockhart.full.4139418.jpg error={"code":"Client specified an invalid argument","error":"Invalid request content: Failed to decode image buffer."}
2026-01-18 00:46:37,122 | WARNING | tifa_archivist.orchestrator | classification failed url=https://static.zerochan.net/Tifa.Lockhart.full.4539813.png error={"code":"Client specified an invalid argument","error":"Invalid request content: Failed to decode image buffer."}
2026-01-18 00:46:37,871 | WARNING | tifa_archivist.orchestrator | classification failed url=https://images-wixmp-ed30a86b8c4ca887773594c2.wixmp.com/f/0a0d747e-9ebd-469e-9b0d-a6610c47143e/dgflnzb-970df102-601b-4e9c-a13b-3a460ecbff2e.jpg/v1/fill/w_1280,h_2240,q_75,strp/final_fantasy_7__tifa_lockhart_by_rasooliartworks_dgflnzb-fullview.jpg?token=eyJ0eXAiOiJKV1QiLCJhbGciOiJIUzI1NiJ9.eyJzdWIiOiJ1cm46YXBwOjdlMGQxODg5ODIyNjQzNzNhNWYwZDQxNWVhMGQyNmUwIiwiaXNzIjoidXJuOmFwcDo3ZTBkMTg4OTgyMjY0MzczYTVmMGQ0MTVlYTBkMjZlMCIsIm9iaiI6W1t7InBhdGgiOiJcL2ZcLzBhMGQ3NDdlLTllYmQtNDY5ZS05YjBkLWE2NjEwYzQ3MTQzZVwvZGdmbG56Yi05NzBkZjEwMi02MDFiLTRlOWMtYTEzYi0zYTQ2MGVjYmZmMmUuanBnIiwiaGVpZ2h0IjoiPD0yMjQwIiwid2lkdGgiOiI8PTEyODAifV1dLCJhdWQiOlsidXJuOnNlcnZpY2U6aW1hZ2Uud2F0ZXJtYXJrIl0sIndtayI6eyJwYXRoIjoiXC93bVwvMGEwZDc0N2UtOWViZC00NjllLTliMGQtYTY2MTBjNDcxNDNlXC9yYXNvb2xpYXJ0d29ya3MtNC5wbmciLCJvcGFjaXR5Ijo5NSwicHJvcG9ydGlvbnMiOjAuNDUsImdyYXZpdHkiOiJjZW50ZXIifX0.LSSQkBv1W-cTpEkdTC9Wj75IHZ23VKIG_sBvbpR2B5U error={"code":"Client specified an invalid argument","error":"Invalid request content: Failed to decode image buffer."}
2026-01-18 00:46:41,222 | WARNING | tifa_archivist.orchestrator | classification failed url=https://static.zerochan.net/Tifa.Lockhart.full.4095249.jpg error={"code":"Client specified an invalid argument","error":"Invalid request content: Failed to decode image buffer."}
2026-01-18 00:46:41,996 | WARNING | tifa_archivist.orchestrator | classification failed url=https://cdnb.artstation.com/p/assets/images/images/026/936/463/4k/hitokiri-nguyen-crop.jpg?1590137916 error={"code":"Client specified an invalid argument","error":"Invalid request content: Failed to decode image buffer."}
2026-01-18 00:46:42,602 | WARNING | tifa_archivist.orchestrator | classification failed url=https://i.redd.it/i-think-tifas-classic-design-is-better-than-her-remake-v0-q9lqfcil61fc1.png?s=0b88839e86a4e55723e045cad6730832c2f3de87 error={"code":"Client specified an invalid argument","error":"Invalid request content: Failed to decode image buffer."}
2026-01-18 00:46:46,314 | WARNING | tifa_archivist.orchestrator | classification failed url=https://i.pinimg.com/originals/28/b2/d4/28b2d4cc95270b295674ddedd8983ffc.png error={"code":"Client specified an invalid argument","error":"Invalid request content: Failed to decode image buffer."}
2026-01-18 00:46:46,808 | WARNING | tifa_archivist.orchestrator | classification failed url=https://static.zerochan.net/Tifa.Lockhart.full.2926864.jpg error={"code":"Client specified an invalid argument","error":"Invalid request content: Failed to decode image buffer."}
2026-01-18 00:46:49,550 | WARNING | tifa_archivist.orchestrator | classification failed url=https://image.cdn2.seaart.me/2025-01-06/cttqpm5e878c73f69u3g-2/f3472e6fbb44f434d03f45a7f1cc62e9_high.webp error={"code":"Client specified an invalid argument","error":"Invalid request content: Failed to decode image buffer."}
2026-01-18 00:46:51,335 | WARNING | tifa_archivist.orchestrator | classification failed url=https://image.cdn2.seaart.me/2025-01-06/cttrlvde878c73bjk8t0-1/542069a9964abfe599f6a0632ecb045c_high.webp error={"code":"Client specified an invalid argument","error":"Invalid request content: Failed to decode image buffer."}
2026-01-18 00:46:53,108 | WARNING | tifa_archivist.orchestrator | classification failed url=https://static.zerochan.net/Tifa.Lockhart.full.4095752.jpg error={"code":"Client specified an invalid argument","error":"Invalid request content: Failed to decode image buffer."}
2026-01-18 00:46:54,901 | WARNING | tifa_archivist.orchestrator | classification failed url=https://www.fightersgeneration.com/nf9/char/tifa-lockhart-ff7-artwork-by-tetsuya-nomura.png error={"code":"Client specified an invalid argument","error":"Invalid request content: Failed to decode image buffer."}
2026-01-18 00:46:56,997 | WARNING | tifa_archivist.orchestrator | classification failed url=https://images-wixmp-ed30a86b8c4ca887773594c2.wixmp.com/f/742cea05-5544-4b03-a826-4445631f9304/dfv5sir-7de429bb-d263-481e-ac66-3f76163b5a91.png/v1/fill/w_1600,h_2400,q_80,strp/tifa_lockhart__final_fantasy_7_remake__by_dantegonist_dfv5sir-fullview.jpg?token=eyJ0eXAiOiJKV1QiLCJhbGciOiJIUzI1NiJ9.eyJzdWIiOiJ1cm46YXBwOjdlMGQxODg5ODIyNjQzNzNhNWYwZDQxNWVhMGQyNmUwIiwiaXNzIjoidXJuOmFwcDo3ZTBkMTg4OTgyMjY0MzczYTVmMGQ0MTVlYTBkMjZlMCIsIm9iaiI6W1t7ImhlaWdodCI6Ijw9MjQwMCIsInBhdGgiOiJcL2ZcLzc0MmNlYTA1LTU1NDQtNGIwMy1hODI2LTQ0NDU2MzFmOTMwNFwvZGZ2NXNpci03ZGU0MjliYi1kMjYzLTQ4MWUtYWM2Ni0zZjc2MTYzYjVhOTEucG5nIiwid2lkdGgiOiI8PTE2MDAifV1dLCJhdWQiOlsidXJuOnNlcnZpY2U6aW1hZ2Uub3BlcmF0aW9ucyJdfQ.vLYa6Jjz1MsXOlm-57IdraPtEIBZyHqd1zHejAOCmKo error={"code":"Client specified an invalid argument","error":"Invalid request content: Failed to decode image buffer."}
2026-01-18 00:47:01,114 | WARNING | tifa_archivist.orchestrator | classification failed url=https://static.wikia.nocookie.net/finalfantasy/images/2/21/Tifa_Lockhart_from_FFVII_Rebirth_promo_render.png/revision/latest/scale-to-width-down/167?cb=20240304073043 error={"code":"Client specified an invalid argument","error":"Invalid request content: Failed to decode image buffer."}
2026-01-18 00:47:01,369 | WARNING | tifa_archivist.orchestrator | classification failed url=https://image.cdn2.seaart.me/2025-01-06/cttq5q5e878c73beiev0-2/d298a7a6d67d888d50f04ef837d1f11d_high.webp error={"code":"Client specified an invalid argument","error":"Invalid request content: Failed to decode image buffer."}
2026-01-18 00:47:01,518 | WARNING | tifa_archivist.orchestrator | classification failed url=https://static.zerochan.net/Tifa.Lockhart.full.4092735.jpg error={"code":"Client specified an invalid argument","error":"Invalid request content: Failed to decode image buffer."}
2026-01-18 00:47:05,762 | WARNING | tifa_archivist.orchestrator | classification failed url=https://p4.wallpaperbetter.com/wallpaper/396/995/606/tifa-lockhart-final-fantasy-7-advent-children-final-fantasy-vii-advent-children-final-fantasy-vii-women-hd-wallpaper-preview.jpg error={"code":"Client specified an invalid argument","error":"Invalid request content: Failed to decode image buffer."}
2026-01-18 00:47:06,909 | WARNING | tifa_archivist.orchestrator | classification failed url=https://static.zerochan.net/Tifa.Lockhart.1024.4141488.webp error={"code":"Client specified an invalid argument","error":"Invalid request content: Failed to decode image buffer."}
2026-01-18 00:47:07,205 | WARNING | tifa_archivist.orchestrator | classification failed url=https://images-wixmp-ed30a86b8c4ca887773594c2.wixmp.com/f/25a7e69f-039f-4eae-9828-7a335763b3e2/de2aicx-ebf66ac8-edff-4423-bfa6-9914ddf66920.jpg/v1/fill/w_1280,h_2276,q_75,strp/tifa_lockhart_close_up_by_kenji005_de2aicx-fullview.jpg?token=eyJ0eXAiOiJKV1QiLCJhbGciOiJIUzI1NiJ9.eyJzdWIiOiJ1cm46YXBwOjdlMGQxODg5ODIyNjQzNzNhNWYwZDQxNWVhMGQyNmUwIiwiaXNzIjoidXJuOmFwcDo3ZTBkMTg4OTgyMjY0MzczYTVmMGQ0MTVlYTBkMjZlMCIsIm9iaiI6W1t7ImhlaWdodCI6Ijw9MjI3NiIsInBhdGgiOiJcL2ZcLzI1YTdlNjlmLTAzOWYtNGVhZS05ODI4LTdhMzM1NzYzYjNlMlwvZGUyYWljeC1lYmY2NmFjOC1lZGZmLTQ0MjMtYmZhNi05OTE0ZGRmNjY5MjAuanBnIiwid2lkdGgiOiI8PTEyODAifV1dLCJhdWQiOlsidXJuOnNlcnZpY2U6aW1hZ2Uub3BlcmF0aW9ucyJdfQ.VPFGL7WRNHQnPbJEuAYXMzf27nkrLg0R0tPGP4SPCs0 error={"code":"Client specified an invalid argument","error":"Invalid request content: Failed to decode image buffer."}
2026-01-18 00:47:11,151 | WARNING | tifa_archivist.orchestrator | classification failed url=https://i.pinimg.com/originals/9d/ab/63/9dab63d29ad47f833bd2e479922e64a4.jpg error={"code":"Client specified an invalid argument","error":"Invalid request content: Failed to decode image buffer."}
2026-01-18 00:47:11,796 | WARNING | tifa_archivist.orchestrator | classification failed url=https://media.craiyon.com/2025-05-04/m21zP7LmTFmjN88d-xIygw.webp error={"code":"Client specified an invalid argument","error":"Invalid request content: Failed to decode image buffer."}
2026-01-18 00:47:15,882 | WARNING | tifa_archivist.orchestrator | classification failed url=https://image.cdn2.seaart.me/2024-12-10/ctc1i2le878c73fe2930/6265c90fe3868e9fa120eaa518999aed809778a2_high.webp error={"code":"Client specified an invalid argument","error":"Invalid request content: Failed to decode image buffer."}
