2026-02-03 22:07:50,794 | INFO | primp | response: https://duckduckgo.com/?q=Tifa+Lockhart+Final+Fantasy+VII+original+game+screenshot+official+art+-site%3Arare-gallery.com+-site%3Awallpapersden.com+-site%3Aimages.wallpapersden.com 200
2026-02-03 22:07:50,803 | INFO | primp | response: https://duckduckgo.com/?q=Tifa+Lockhart+Final+Fantasy+VII+wallpaper+4k+-site%3Arare-gallery.com+-site%3Awallpapersden.com+-site%3Aimages.wallpapersden.com 200
2026-02-03 22:07:51,205 | INFO | primp | response: https://duckduckgo.com/i.js?o=json&q=Tifa+Lockhart+Final+Fantasy+VII+original+game+screenshot+official+art+-site%3Arare-gallery.com+-site%3Awallpapersden.com+-site%3Aimages.wallpapersden.com&l=us-en&vqd=4-153717358544477376754382927919241968085&p=-1 200
2026-02-03 22:07:51,234 | INFO | tifa_archivist.search | image search category=original_game query=Tifa Lockhart Final Fantasy VII original game screenshot official art -site:rare-gallery.com -site:wallpapersden.com -site:images.wallpapersden.com results=80 source=ddg
2026-02-03 22:07:51,241 | INFO | tifa_archivist.orchestrator | search cap reached urls=50 max_urls=50
2026-02-03 22:07:51,329 | INFO | tifa_archivist.orchestrator | discarded invalid image url=https://images-wixmp-ed30a86b8c4ca887773594c2.wixmp.com/f/462064fa-8a78-4289-82e4-375cc0c67d47/dg7qfmf-c841d36a-3b27-4f5b-bb18-cca7f3c9140d.jpg/v1/fill/w_1095,h_730,q_70,strp/_fan_art__final_fantasy_vii___tifa_lockhart_2_by_bnjacob_dg7qfmf-pre.jpg?token=eyJ0eXAiOiJKV1QiLCJhbGciOiJIUzI1NiJ9.eyJzdWIiOiJ1cm46YXBwOjdlMGQxODg5ODIyNjQzNzNhNWYwZDQxNWVhMGQyNmUwIiwiaXNzIjoidXJuOmFwcDo3ZTBkMTg4OTgyMjY0MzczYTVmMGQ0MTVlYTBkMjZlMCIsIm9iaiI6W1t7ImhlaWdodCI6Ijw9MTI4MCIsInBhdGgiOiJcL2ZcLzQ2MjA2NGZhLThhNzgtNDI4OS04MmU0LTM3NWNjMGM2N2Q0N1wvZGc3cWZtZi1jODQxZDM2YS0zYjI3LTRmNWItYmIxOC1jY2E3ZjNjOTE0MGQuanBnIiwid2lkdGgiOiI8PTE5MjAifV1dLCJhdWQiOlsidXJuOnNlcnZpY2U6aW1hZ2Uub3BlcmF0aW9ucyJdfQ.89jQELYqSSByftT2lF2PAqbb1JBC752v0rv30pZtIWs reason=decode_failed
2026-02-03 22:07:51,349 | INFO | tifa_archivist.orchestrator | discarded invalid image url=https://images-wixmp-ed30a86b8c4ca887773594c2.wixmp.com/f/93cc5635-782b-4fa2-bb65-cf01f24db89f/dbusgrx-c79c7e0f-116f-410c-af2d-5e9715bb1e70.jpg/v1/fill/w_1600,h_2154,q_75,strp/tifa_lockhart___final_fantasy_vii_by_renaillusion_dbusgrx-fullview.jpg?token=eyJ0eXAiOiJKV1QiLCJhbGciOiJIUzI1NiJ9.eyJzdWIiOiJ1cm46YXBwOjdlMGQxODg5ODIyNjQzNzNhNWYwZDQxNWVhMGQyNmUwIiwiaXNzIjoidXJuOmFwcDo3ZTBkMTg4OTgyMjY0MzczYTVmMGQ0MTVlYTBkMjZlMCIsIm9iaiI6W1t7ImhlaWdodCI6Ijw9MjE1NCIsInBhdGgiOiJcL2ZcLzkzY2M1NjM1LTc4MmItNGZhMi1iYjY1LWNmMDFmMjRkYjg5ZlwvZGJ1c2dyeC1jNzljN2UwZi0xMTZmLTQxMGMtYWYyZC01ZTk3MTViYjFlNzAuanBnIiwid2lkdGgiOiI8PTE2MDAifV1dLCJhdWQiOlsidXJuOnNlcnZpY2U6aW1hZ2Uub3BlcmF0aW9ucyJdfQ.HCfFttYm0D6BKmcBcl7X74qX7FTOuJo2u0lGyB1PZng reason=decode_failed
2026-02-03 22:07:51,369 | INFO | tifa_archivist.orchestrator | discarded invalid image url=https://images.hdqwalls.com/wallpapers/tifa-lockhart-final-fantasy-vii-l6.jpg reason=decode_failed
2026-02-03 22:07:51,413 | INFO | primp | response: https://duckduckgo.com/i.js?o=json&q=Tifa+Lockhart+Final+Fantasy+VII+wallpaper+4k+-site%3Arare-gallery.com+-site%3Awallpapersden.com+-site%3Aimages.wallpapersden.com&l=us-en&vqd=4-44861893322583674976558142938932925863&p=-1 200
2026-02-03 22:07:51,443 | INFO | tifa_archivist.search | image search category=wallpaper query=Tifa Lockhart Final Fantasy VII wallpaper 4k -site:rare-gallery.com -site:wallpapersden.com -site:images.wallpapersden.com results=80 source=ddg
2026-02-03 22:07:51,915 | INFO | tifa_archivist.orchestrator | discarded invalid image url=https://www.nastol.com.ua/images/202209/nastol.com.ua_500766.jpg reason=decode_failed
2026-02-03 22:07:51,946 | INFO | tifa_archivist.orchestrator | discarded invalid image url=https://static.zerochan.net/Tifa.Lockhart.full.2624275.jpg reason=decode_failed
2026-02-03 22:07:51,952 | INFO | tifa_archivist.orchestrator | discarded invalid image url=https://static.zerochan.net/Tifa.Lockhart.full.4139418.jpg reason=decode_failed
2026-02-03 22:07:51,958 | INFO | tifa_archivist.orchestrator | discarded invalid image url=https://static.zerochan.net/Tifa.Lockhart.full.3931548.jpg reason=decode_failed
2026-02-03 22:07:51,966 | INFO | tifa_archivist.orchestrator | discarded invalid image url=https://static.zerochan.net/Tifa.Lockhart.full.4245248.jpg reason=decode_failed
2026-02-03 22:07:51,986 | INFO | tifa_archivist.orchestrator | discarded invalid image url=https://static.zerochan.net/Tifa.Lockhart.full.619650.jpg reason=decode_failed
2026-02-03 22:07:52,022 | INFO | tifa_archivist.orchestrator | discarded invalid image url=https://preview.redd.it/tifa-lockhart-if-she-had-kept-her-original-outfit-from-ff7-v0-638defrh2gea1.jpg?auto=webp&s=286bfaf8cf72d9cc9cac2acbcb789804a80a7009 reason=decode_failed
2026-02-03 22:07:52,031 | INFO | tifa_archivist.orchestrator | discarded invalid image url=https://i.pinimg.com/originals/0c/19/ef/0c19efb9c9447b703c98c7f12e49e6ab.jpg reason=decode_failed
2026-02-03 22:07:52,076 | INFO | tifa_archivist.orchestrator | discarded invalid image url=https://cdn-prod.scalefast.com/public/assets/img/resized/squareenix-store-v3/9b18528f95e6f63fb5941485d333f35a_1920_KR.jpg reason=decode_failed
2026-02-03 22:07:52,111 | INFO | tifa_archivist.orchestrator | discarded invalid image url=https://cdn.mos.cms.futurecdn.net/Bmzy7HsThTovRtTf3cphK8.jpg reason=decode_failed
2026-02-03 22:07:52,183 | INFO | tifa_archivist.orchestrator | discarded invalid image url=https://favorgk.com/wp-content/uploads/2024/04/601-4.jpg reason=decode_failed
2026-02-03 22:07:52,603 | INFO | tifa_archivist.orchestrator | discarded invalid image url=https://static.zerochan.net/Tifa.Lockhart.1024.4141488.webp reason=decode_failed
2026-02-03 22:07:52,841 | INFO | tifa_archivist.orchestrator | discarded invalid image url=https://static.wikia.nocookie.net/finalfantasy/images/2/21/Tifa_Lockhart_from_FFVII_Rebirth_promo_render.png/revision/latest?cb=20240304073043 reason=decode_failed
2026-02-03 22:07:53,626 | INFO | tifa_archivist.orchestrator | discarded invalid image url=https://a-static.besthdwallpaper.com/tifa-lockhart-final-fantasy-vii-remake-video-game-wallpaper-1536x2048-68623_203.jpg reason=decode_failed
2026-02-03 22:07:55,659 | INFO | tifa_archivist.orchestrator | discarded invalid image url=https://images6.alphacoders.com/436/436981.jpg reason=decode_failed
2026-02-03 22:07:55,991 | WARNING | tifa_archivist.download | download failed url=https://static.zerochan.net/Tifa.Lockhart.full.4002786.jpg error=status 429
2026-02-03 22:07:56,070 | INFO | tifa_archivist.orchestrator | discarded invalid image url=https://criticalhits.com.br/wp-content/uploads/2024/03/tifa-falling-in-final-fantasy-7-1280x640.webp reason=decode_failed
2026-02-03 22:07:56,332 | WARNING | tifa_archivist.download | download failed url=https://static.zerochan.net/Tifa.Lockhart.full.3219165.png error=status 429
2026-02-03 22:07:56,750 | INFO | tifa_archivist.orchestrator | discarded invalid image url=https://product.hstatic.net/200000515997/product/15fad9a4-c4b8-4cca-9f99-d93260a62910_5a487eadca974a5bafa6371120cd45ca_master.jpg reason=decode_failed
2026-02-03 22:07:56,795 | WARNING | tifa_archivist.download | download failed url=https://static.zerochan.net/Tifa.Lockhart.full.4089226.jpg error=status 429
2026-02-03 22:07:56,854 | INFO | tifa_archivist.orchestrator | discarded invalid image url=https://e7.pngegg.com/pngimages/331/226/png-clipart-final-fantasy-vii-advent-children-tifa-lockhart-yuffie-kisaragi-aerith-gainsborough-others-miscellaneous-video-game.png reason=decode_failed
2026-02-03 22:07:57,060 | WARNING | tifa_archivist.download | download failed url=https://static.zerochan.net/Tifa.Lockhart.full.2817211.jpg error=status 429
2026-02-03 22:07:57,179 | INFO | tifa_archivist.orchestrator | discarded invalid image url=https://img2.joyreactor.com/pics/post/full/tifa-lockhart-final-fantasy-VII-final-fantasy-4200000.jpeg reason=decode_failed
2026-02-03 22:07:59,285 | WARNING | tifa_archivist.download | download failed url=https://static.zerochan.net/Tifa.Lockhart.full.4222949.jpg error=status 429
2026-02-03 22:08:00,115 | WARNING | tifa_archivist.download | download failed url=https://static.zerochan.net/Tifa.Lockhart.full.4002786.jpg error=status 429
2026-02-03 22:08:00,257 | WARNING | tifa_archivist.download | download failed url=https://static.zerochan.net/Tifa.Lockhart.full.4319595.jpg error=status 429
2026-02-03 22:08:00,869 | WARNING | tifa_archivist.download | download failed url=https://static.zerochan.net/Tifa.Lockhart.full.4405123.jpg error=status 429
2026-02-03 22:08:01,053 | WARNING | tifa_archivist.download | download failed url=https://static.zerochan.net/Tifa.Lockhart.full.887282.jpg error=status 429
2026-02-03 22:08:01,658 | WARNING | tifa_archivist.download | download failed url=https://static.zerochan.net/Tifa.Lockhart.full.2817211.jpg error=status 429
2026-02-03 22:08:02,413 | WARNING | tifa_archivist.download | download failed url=https://static.zerochan.net/Tifa.Lockhart.full.4367989.jpg error=status 429
2026-02-03 22:08:02,816 | WARNING | tifa_archivist.download | download failed url=https://static.zerochan.net/Tifa.Lockhart.full.4222949.jpg error=status 429
2026-02-03 22:08:03,122 | INFO | tifa_archivist.orchestrator | discarded invalid image url=https://img2.joyreactor.com/pics/post/full/moshimoshibe-artist-tifa-lockhart-6052025.jpeg reason=decode_failed
2026-02-03 22:08:04,045 | INFO | tifa_archivist.orchestrator | discarded invalid image url=https://static.zerochan.net/Tifa.Lockhart.full.4367989.jpg reason=decode_failed
2026-02-03 22:08:04,284 | WARNING | tifa_archivist.download | download failed url=https://static.zerochan.net/Tifa.Lockhart.full.4086444.jpg error=status 429
2026-02-03 22:08:04,549 | WARNING | tifa_archivist.download | download failed url=https://static.zerochan.net/Tifa.Lockhart.full.4319595.jpg error=status 429
2026-02-03 22:08:04,731 | WARNING | tifa_archivist.download | download failed url=https://static.zerochan.net/Tifa.Lockhart.full.4088326.jpg error=status 429
2026-02-03 22:08:05,004 | WARNING | tifa_archivist.download | download failed url=https://static.zerochan.net/Tifa.Lockhart.full.4405123.jpg error=status 429
2026-02-03 22:08:05,254 | WARNING | tifa_archivist.download | download failed url=https://static.zerochan.net/Tifa.Lockhart.full.887282.jpg error=status 429
