2026-01-18 17:03:54,051 | WARNING | tifa_archivist.classify | vision check skipped: {"code":"Client specified an invalid argument","error":"Invalid request content: Failed to decode image buffer."}
2026-01-18 17:03:57,763 | INFO | tifa_archivist.search | live search category=wallpaper query=Tifa Lockhart Final Fantasy VII wallpaper 4k results=5
2026-01-18 17:03:58,917 | INFO | tifa_archivist.search | live search category=original_game query=Tifa Lockhart Final Fantasy VII original game official art screenshots renders results=9
2026-01-18 17:04:01,743 | INFO | tifa_archivist.search | live search category=cosplay query=Tifa Lockhart cosplay high resolution images results=4
2026-01-18 17:04:01,827 | WARNING | tifa_archivist.download | download failed url=https://images8.alphacoders.com/121/1210315.jpg error=status 404
2026-01-18 17:04:02,310 | WARNING | tifa_archivist.download | download failed url=https://wallpaperaccess.com/full/257090.jpg error=truncated download
2026-01-18 17:04:02,362 | WARNING | tifa_archivist.download | download failed url=https://wallpaperswide.com/download/final_fantasy_vii_tifa_lockhart-wallpaper-3840x2160.jpg error=unsupported content-type
2026-01-18 17:04:02,364 | WARNING | tifa_archivist.download | download failed url=https://images.unsplash.com/photo-1600585154340-be6161a56a0c?ixlib=rb-4.0.3&ixid=M3wxMjA3fDB8MHxwaG90by1wYWdlfHx8fGVufDB8fHx8fA%3D%3D&auto=format&fit=crop&w=2070&q=80 error=truncated download
2026-01-18 17:04:02,509 | WARNING | tifa_archivist.download | download failed url=https://images3.alphacoders.com/380/38085.jpg error=truncated download
2026-01-18 17:04:02,867 | WARNING | tifa_archivist.download | download failed url=https://static.wikia.nocookie.net/finalfantasy/images/5/5e/FFVII_Tifa.png/revision/latest?cb=20110224192035 error=status 404
2026-01-18 17:04:03,257 | WARNING | tifa_archivist.download | download failed url=https://static.wikia.nocookie.net/finalfantasy/images/8/8b/Tifa_Lockhart_from_Final_Fantasy_VII.png/revision/latest?cb=20210224192035 error=status 404
2026-01-18 17:04:03,861 | WARNING | tifa_archivist.download | download failed url=https://static.wikia.nocookie.net/finalfantasy/images/0/0a/Tifa_Menu_FFVII.png/revision/latest?cb=20110224192035 error=status 404
2026-01-18 17:04:06,722 | WARNING | tifa_archivist.download | download failed url=https://static.wikia.nocookie.net/finalfantasy/images/b/b0/Tifa_Yuffie_Zack_Sephiroth.jpg/revision/latest?cb=20110224192035 error=status 404
2026-01-18 17:04:06,758 | WARNING | tifa_archivist.download | download failed url=https://static.wikia.nocookie.net/finalfantasy/images/9/9d/Tifa_WM_FFVII.png/revision/latest?cb=20110224192035 error=status 404
2026-01-18 17:04:06,798 | INFO | tifa_archivist.search | live search category=render_3d query=Tifa Lockhart 3D render Final Fantasy VII high resolution results=10
2026-01-18 17:04:06,843 | WARNING | tifa_archivist.download | download failed url=https://static.wikia.nocookie.net/finalfantasy/images/2/2d/Tifa_Lockhart_FFVII_Art.png/revision/latest?cb=20110224192035 error=status 404
2026-01-18 17:04:06,931 | WARNING | tifa_archivist.download | download failed url=https://static.wikia.nocookie.net/finalfantasy/images/4/4a/Tifa_guide_FFVII.png/revision/latest?cb=20110224192035 error=status 404
2026-01-18 17:04:07,153 | WARNING | tifa_archivist.download | download failed url=https://images4.wikia.nocookie.net/finalfantasy/en/images/6/6f/TifaVictory.png error=status 404
2026-01-18 17:04:07,228 | WARNING | tifa_archivist.download | download failed url=https://static.wikia.nocookie.net/finalfantasy/images/1/1d/Tifa_Anniversary.png/revision/latest?cb=20110224192035 error=status 404
2026-01-18 17:04:07,445 | INFO | tifa_archivist.search | live search category=fanart_2d query=Tifa Lockhart fanart 2D art FF7 high resolution results=6
2026-01-18 17:04:07,557 | WARNING | tifa_archivist.download | download failed url=https://i.redd.it/5zq0zq0z1f7d1.jpeg error=status 404
2026-01-18 17:04:08,290 | WARNING | tifa_archivist.download | download failed url=https://i.redd.it/my-tifa-lockhart-cosplay-hope-u-enjoy-itt-oc-jpg.jpg error=status 403
2026-01-18 17:04:11,115 | WARNING | tifa_archivist.download | download failed url=https://sketchfab.com/3d-models/tifa-lockhart-final-fantasy-7-remake-626f149246e149199f9cf3d53a1588aa/screenshot error=status 404
2026-01-18 17:04:11,213 | WARNING | tifa_archivist.download | download failed url=https://i.pinimg.com/originals/xx/yy/zz/tifa-lockhart-cosplay-high-res.jpg error=status 403
2026-01-18 17:04:11,387 | WARNING | tifa_archivist.download | download failed url=https://preview.redd.it/4-pics-my-tifa-lockhart-cosplay-crafted-by-cosplayfantasew-v0-0zq0zq0z1f7d1.jpg error=status 403
2026-01-18 17:04:11,397 | WARNING | tifa_archivist.download | download failed url=https://static.wikia.nocookie.net/finalfantasy/images/5/5b/FFVII_Tifa_Lockhart.png/revision/latest?cb=20240430002823 error=status 404
2026-01-18 17:04:12,256 | WARNING | tifa_archivist.download | download failed url=https://www.artstation.com/artwork/58Eqlw/magazine_cover_large.jpg error=status 403
2026-01-18 17:04:12,319 | WARNING | tifa_archivist.download | download failed url=https://sketchfab.com/3d-models/tifa-lockhart-base-mesh-ff-vii-remake-e14238c8ad204036a9e66da73a5be499/screenshot error=status 404
2026-01-18 17:04:12,575 | WARNING | tifa_archivist.download | download failed url=https://www.deviantart.com/deemonhunter360/art/FFVII-Remake-Tifa-Lockhart-Blender-Render-840859158 error=unsupported content-type
2026-01-18 17:04:12,841 | INFO | tifa_archivist.search | live search category=nsfw query=Tifa Lockhart FF7 nsfw high resolution direct images results=5
2026-01-18 17:04:12,955 | INFO | tifa_archivist.search | live search category=sexy_sfw query=Tifa Lockhart sexy sfw wallpaper 4k high resolution images results=14
2026-01-18 17:04:12,956 | INFO | tifa_archivist.orchestrator | search cap reached urls=40 max_urls=40
2026-01-18 17:04:13,321 | WARNING | tifa_archivist.download | download failed url=https://www.renderhub.com/breakaway/ff7r-tifa-lockhart/images/ff7r-tifa-lockhart-1.jpg error=status 404
2026-01-18 17:04:15,434 | WARNING | tifa_archivist.download | download failed url=https://sketchfab.com/3d-models/tifa-lockhart-2c84b206ad194f7494a4fd87f36aa8cf/screenshot error=status 404
2026-01-18 17:04:16,121 | WARNING | tifa_archivist.download | download failed url=https://cults3d.com/en/tags/tifa/models error=status 404
2026-01-18 17:04:16,758 | WARNING | tifa_archivist.download | download failed url=https://pbs.twimg.com/media/ABC123def456ghi789.jpg error=status 404
2026-01-18 17:04:17,210 | WARNING | tifa_archivist.download | download failed url=https://images-wixmp-ed30a86b8c4ca887773594c2.wixmp.com/f/0b5e5b0e-5e5a-4a5e-9b5e-5e5a5e5b0e5e/d1a2b3c4-5678-90ab-cdef-1234567890ab.jpg/v1/fill/w_1024,h_1448,q_75,strp/tifa_lockhart_fanart_by_artist1_d1a2b3c4.jpg error=status 404
2026-01-18 17:04:17,295 | WARNING | tifa_archivist.download | download failed url=https://www.deviantart.com/outadimes/art/Tifa-Lockhart-Lifestream-1003463389 error=unsupported content-type
2026-01-18 17:04:17,309 | WARNING | tifa_archivist.download | download failed url=https://www.renderhub.com/ryanreos/tifa-lockhart-game-ready/images/tifa-lockhart-game-ready-1.jpg error=status 404
2026-01-18 17:04:17,426 | WARNING | tifa_archivist.download | download failed url=https://images2.imgbox.com/4e/5f/abc123def.jpg error=status 404
2026-01-18 17:04:17,787 | WARNING | tifa_archivist.download | download failed url=https://www.deviantart.com/download/123456789/tifa-fanart.png error=status 404
2026-01-18 17:04:19,588 | WARNING | tifa_archivist.download | download failed url=https://static.wikia.nocookie.net/finalfantasy/images/5/5e/Tifa_Artwork_FFVII.png error=status 404
2026-01-18 17:04:20,374 | INFO | tifa_archivist.search | live search category=other query=Tifa Lockhart Final Fantasy VII other category images direct URLs full resolution jpg png webp -thumbnail -preview -small results=7
2026-01-18 17:04:20,747 | WARNING | tifa_archivist.download | download failed url=https://pbs.twimg.com/media/GZqK0-aXUAAqN1q.jpg error=status 404
2026-01-18 17:04:20,936 | WARNING | tifa_archivist.download | download failed url=https://artstation-img.s3.amazonaws.com/abc123def456ghi789.jpg error=status 404
2026-01-18 17:04:20,939 | WARNING | tifa_archivist.download | download failed url=https://i.redd.it/abc123tifa.jpg error=status 404
2026-01-18 17:04:21,458 | WARNING | tifa_archivist.download | download failed url=https://pbs.twimg.com/media/GZqK0-aY0AA0q5Z.jpg error=status 404
2026-01-18 17:04:21,548 | WARNING | tifa_archivist.download | download failed url=https://example-nsfw-site.com/tifa-highres.jpg error=Cannot connect to host example-nsfw-site.com:443 ssl:default [getaddrinfo failed]
2026-01-18 17:04:21,769 | WARNING | tifa_archivist.download | download failed url=https://images6.alphacoders.com/131/thumb-350-1319913.png error=status 404
2026-01-18 17:04:21,803 | WARNING | tifa_archivist.download | download failed url=https://cdn.artstation.com/p/xyz123.jpg error=status 403
