2026-02-03 22:47:12,411 | INFO | primp | response: https://duckduckgo.com/?q=Tifa+Lockhart+Final+Fantasy+VII+NSFW+-site%3Arare-gallery.com+-site%3Awallpapersden.com+-site%3Aimages.wallpapersden.com 200
2026-02-03 22:47:12,875 | INFO | primp | response: https://duckduckgo.com/i.js?o=json&q=Tifa+Lockhart+Final+Fantasy+VII+NSFW+-site%3Arare-gallery.com+-site%3Awallpapersden.com+-site%3Aimages.wallpapersden.com&l=us-en&vqd=4-252766933842955138059964021234488510811&p=-1 200
2026-02-03 22:47:12,906 | INFO | tifa_archivist.search | image search category=Tifa lockheart NSFW query=Tifa Lockhart Final Fantasy VII NSFW -site:rare-gallery.com -site:wallpapersden.com -site:images.wallpapersden.com results=80 source=ddg
2026-02-03 22:47:12,910 | INFO | tifa_archivist.orchestrator | search cap reached urls=50 max_urls=50
2026-02-03 22:47:16,553 | WARNING | tifa_archivist.download | download failed url=https://cdn.donmai.us/sample/1d/41/sample-1d417cc8c4df5c687549c8af06e9b1ba.jpg error=status 403
2026-02-03 22:47:16,596 | WARNING | tifa_archivist.download | download failed url=https://cdn.donmai.us/original/99/18/99187411ffe801544a06896406ec06bd.jpg error=status 403
2026-02-03 22:47:16,690 | WARNING | tifa_archivist.download | download failed url=https://cdn.donmai.us/original/02/b0/02b02b5cc57802741a2df77f0f580954.jpg error=status 403
2026-02-03 22:47:16,701 | WARNING | tifa_archivist.download | download failed url=https://cdn.donmai.us/original/dd/7f/dd7fd2b042a18819e72681ae1831d781.jpg error=status 403
2026-02-03 22:47:20,748 | WARNING | tifa_archivist.download | download failed url=https://cdn.donmai.us/sample/1d/41/sample-1d417cc8c4df5c687549c8af06e9b1ba.jpg error=status 403
2026-02-03 22:47:21,013 | WARNING | tifa_archivist.download | download failed url=https://cdn.donmai.us/original/99/18/99187411ffe801544a06896406ec06bd.jpg error=status 403
2026-02-03 22:47:21,377 | WARNING | tifa_archivist.download | download failed url=https://cdn.donmai.us/original/dd/7f/dd7fd2b042a18819e72681ae1831d781.jpg error=status 403
2026-02-03 22:47:21,528 | WARNING | tifa_archivist.download | download failed url=https://cdn.donmai.us/original/02/b0/02b02b5cc57802741a2df77f0f580954.jpg error=status 403
2026-02-03 22:47:24,458 | WARNING | tifa_archivist.download | download failed url=https://cdn.donmai.us/sample/1d/41/sample-1d417cc8c4df5c687549c8af06e9b1ba.jpg error=status 403
2026-02-03 22:47:24,524 | WARNING | tifa_archivist.download | download failed url=https://cdn.donmai.us/original/99/18/99187411ffe801544a06896406ec06bd.jpg error=status 403
2026-02-03 22:47:24,739 | WARNING | tifa_archivist.download | download failed url=https://cdn.donmai.us/original/dd/7f/dd7fd2b042a18819e72681ae1831d781.jpg error=status 403
2026-02-03 22:47:25,116 | WARNING | tifa_archivist.download | download failed url=https://cdn.donmai.us/original/02/b0/02b02b5cc57802741a2df77f0f580954.jpg error=status 403
2026-02-03 22:47:28,220 | WARNING | tifa_archivist.download | download failed url=https://cdn.donmai.us/original/76/8e/768ef32cf94e51973afb66729c7f6fb3.jpg error=status 403
2026-02-03 22:47:33,156 | WARNING | tifa_archivist.download | download failed url=https://cdn.donmai.us/original/76/8e/768ef32cf94e51973afb66729c7f6fb3.jpg error=status 403
2026-02-03 22:47:34,840 | WARNING | tifa_archivist.download | download failed url=https://cdn.donmai.us/sample/18/c0/sample-18c0eaf144138ab9f53e4bd674d5fd04.jpg error=status 403
2026-02-03 22:47:37,084 | WARNING | tifa_archivist.download | download failed url=https://cdn.donmai.us/original/76/8e/768ef32cf94e51973afb66729c7f6fb3.jpg error=status 403
2026-02-03 22:47:39,093 | WARNING | tifa_archivist.download | download failed url=https://cdn.donmai.us/sample/18/c0/sample-18c0eaf144138ab9f53e4bd674d5fd04.jpg error=status 403
2026-02-03 22:47:42,664 | WARNING | tifa_archivist.download | download failed url=https://cdn.donmai.us/sample/18/c0/sample-18c0eaf144138ab9f53e4bd674d5fd04.jpg error=status 403
2026-02-03 22:47:44,557 | INFO | tifa_archivist.orchestrator | discarded invalid image url=https://us.rule34.xxx/images/3939/0301c898403bf8274125201758e8c035.png?4465907 reason=too_small size=456x800
2026-02-03 22:47:44,565 | WARNING | tifa_archivist.download | download failed url=https://cdn.donmai.us/original/7b/81/__tifa_lockhart_final_fantasy_and_1_more_drawn_by_suuitchi__7b8161994c002d6d1182a3b385e825fd.jpg error=status 403
2026-02-03 22:47:46,913 | WARNING | tifa_archivist.download | download failed url=https://cdn.donmai.us/sample/ce/83/sample-ce83a547460343e93ac916ce83194eb0.jpg error=status 403
2026-02-03 22:47:48,862 | WARNING | tifa_archivist.download | download failed url=https://cdn.donmai.us/original/7b/81/__tifa_lockhart_final_fantasy_and_1_more_drawn_by_suuitchi__7b8161994c002d6d1182a3b385e825fd.jpg error=status 403
2026-02-03 22:47:50,751 | WARNING | tifa_archivist.download | download failed url=https://cdn.donmai.us/sample/ce/83/sample-ce83a547460343e93ac916ce83194eb0.jpg error=status 403
2026-02-03 22:47:53,892 | WARNING | tifa_archivist.download | download failed url=https://cdn.donmai.us/original/7b/81/__tifa_lockhart_final_fantasy_and_1_more_drawn_by_suuitchi__7b8161994c002d6d1182a3b385e825fd.jpg error=status 403
2026-02-03 22:47:54,361 | WARNING | tifa_archivist.download | download failed url=https://cdn.donmai.us/sample/ce/83/sample-ce83a547460343e93ac916ce83194eb0.jpg error=status 403
2026-02-03 22:47:57,545 | WARNING | tifa_archivist.download | download failed url=https://cdn.donmai.us/sample/df/b0/__tifa_lockhart_final_fantasy_and_2_more_drawn_by_virtual_merc__sample-dfb0b3837ddb041311988b3bf8bd479f.jpg error=status 403
2026-02-03 22:48:00,516 | WARNING | tifa_archivist.download | download failed url=https://cdn.donmai.us/original/2d/2a/2d2af16ecaf724b830d89fe8eec1c2e9.jpg error=status 403
2026-02-03 22:48:02,076 | WARNING | tifa_archivist.download | download failed url=https://cdn.donmai.us/sample/df/b0/__tifa_lockhart_final_fantasy_and_2_more_drawn_by_virtual_merc__sample-dfb0b3837ddb041311988b3bf8bd479f.jpg error=status 403
2026-02-03 22:48:04,497 | WARNING | tifa_archivist.download | download failed url=https://cdn.donmai.us/original/2d/2a/2d2af16ecaf724b830d89fe8eec1c2e9.jpg error=status 403
2026-02-03 22:48:05,732 | WARNING | tifa_archivist.download | download failed url=https://cdn.donmai.us/sample/df/b0/__tifa_lockhart_final_fantasy_and_2_more_drawn_by_virtual_merc__sample-dfb0b3837ddb041311988b3bf8bd479f.jpg error=status 403
2026-02-03 22:48:08,583 | WARNING | tifa_archivist.download | download failed url=https://cdn.donmai.us/original/2d/2a/2d2af16ecaf724b830d89fe8eec1c2e9.jpg error=status 403
2026-02-03 22:48:18,386 | WARNING | tifa_archivist.download | download failed url=https://tulip.paheal.net/_images/b8167e63084de79fba0a02bb365d3350/5837589+-+Cloud_Strife+Final_Fantasy_(series)+Final_Fantasy_VII+nsfw_ria+Tifa_Lockhart.jpg error=
2026-02-03 22:48:18,386 | WARNING | tifa_archivist.download | download failed url=https://tulip.paheal.net/_images/e142c36bdfcff2ee707f4c7cf3229ccb/5642609+-+blender+Cloud_Strife+Final_Fantasy_(series)+Final_Fantasy_VII+nsfw_ria+Tifa_Lockhart.jpg error=
2026-02-03 22:48:30,385 | WARNING | tifa_archivist.download | download failed url=https://lotus.paheal.net/_images/e959d19fd14ec7954d83f5da6efea0fe/5677074+-+Cloud_Strife+Final_Fantasy_(series)+Final_Fantasy_VII+nsfw_ria+Tifa_Lockhart.jpg error=
2026-02-03 22:48:55,390 | WARNING | tifa_archivist.download | download failed url=https://lotus.paheal.net/_images/aa30947539399540cad73f38388a92ea/4214819+-+Final_Fantasy_VII+Tifa_Lockhart+blender+strauzek.jpg error=
2026-02-03 22:49:24,392 | WARNING | tifa_archivist.download | download failed url=https://tulip.paheal.net/_images/b8167e63084de79fba0a02bb365d3350/5837589+-+Cloud_Strife+Final_Fantasy_(series)+Final_Fantasy_VII+nsfw_ria+Tifa_Lockhart.jpg error=
2026-02-03 22:49:24,393 | WARNING | tifa_archivist.download | download failed url=https://tulip.paheal.net/_images/e142c36bdfcff2ee707f4c7cf3229ccb/5642609+-+blender+Cloud_Strife+Final_Fantasy_(series)+Final_Fantasy_VII+nsfw_ria+Tifa_Lockhart.jpg error=
2026-02-03 22:49:36,375 | WARNING | tifa_archivist.download | download failed url=https://lotus.paheal.net/_images/e959d19fd14ec7954d83f5da6efea0fe/5677074+-+Cloud_Strife+Final_Fantasy_(series)+Final_Fantasy_VII+nsfw_ria+Tifa_Lockhart.jpg error=
2026-02-03 22:50:01,389 | WARNING | tifa_archivist.download | download failed url=https://lotus.paheal.net/_images/aa30947539399540cad73f38388a92ea/4214819+-+Final_Fantasy_VII+Tifa_Lockhart+blender+strauzek.jpg error=
2026-02-03 22:50:30,385 | WARNING | tifa_archivist.download | download failed url=https://tulip.paheal.net/_images/b8167e63084de79fba0a02bb365d3350/5837589+-+Cloud_Strife+Final_Fantasy_(series)+Final_Fantasy_VII+nsfw_ria+Tifa_Lockhart.jpg error=
2026-02-03 22:50:30,385 | WARNING | tifa_archivist.download | download failed url=https://tulip.paheal.net/_images/e142c36bdfcff2ee707f4c7cf3229ccb/5642609+-+blender+Cloud_Strife+Final_Fantasy_(series)+Final_Fantasy_VII+nsfw_ria+Tifa_Lockhart.jpg error=
2026-02-03 22:50:41,388 | WARNING | tifa_archivist.download | download failed url=https://lotus.paheal.net/_images/e959d19fd14ec7954d83f5da6efea0fe/5677074+-+Cloud_Strife+Final_Fantasy_(series)+Final_Fantasy_VII+nsfw_ria+Tifa_Lockhart.jpg error=
2026-02-03 22:51:07,388 | WARNING | tifa_archivist.download | download failed url=https://lotus.paheal.net/_images/aa30947539399540cad73f38388a92ea/4214819+-+Final_Fantasy_VII+Tifa_Lockhart+blender+strauzek.jpg error=
