2026-02-04 00:20:39,536 | INFO | primp | response: https://duckduckgo.com/?q=Tifa+Lockhart+Final+Fantasy+VII+wallpaper+2560x1440+-site%3Arare-gallery.com+-site%3Awallpapersden.com+-site%3Aimages.wallpapersden.com+-site%3Acdn.donmai.us+-site%3Adonmai.us+-site%3Atulip.paheal.net+-site%3Alotus.paheal.net+-site%3Arule34.xxx+-site%3Aus.rule34.xxx 200
2026-02-04 00:20:39,836 | INFO | primp | response: https://duckduckgo.com/i.js?o=json&q=Tifa+Lockhart+Final+Fantasy+VII+wallpaper+2560x1440+-site%3Arare-gallery.com+-site%3Awallpapersden.com+-site%3Aimages.wallpapersden.com+-site%3Acdn.donmai.us+-site%3Adonmai.us+-site%3Atulip.paheal.net+-site%3Alotus.paheal.net+-site%3Arule34.xxx+-site%3Aus.rule34.xxx&l=us-en&vqd=4-89549109133181286643265407228120630378&p=-1 200
2026-02-04 00:20:39,866 | INFO | tifa_archivist.search | image search category=Tifa lockheart wallpaper 2560 × 1440 query=Tifa Lockhart Final Fantasy VII wallpaper 2560x1440 -site:rare-gallery.com -site:wallpapersden.com -site:images.wallpapersden.com -site:cdn.donmai.us -site:donmai.us -site:tulip.paheal.net -site:lotus.paheal.net -site:rule34.xxx -site:us.rule34.xxx results=80 source=ddg
2026-02-04 00:20:50,842 | WARNING | tifa_archivist.download | download failed url=https://artfiles.alphacoders.com/133/133045.jpg error=image too small
2026-02-04 00:20:51,490 | WARNING | tifa_archivist.download | download failed url=https://3.bp.blogspot.com/-Os7uIBJ94yI/XR41Ow0Fw6I/AAAAAAAAIGk/NykXPTYGlv0mTRhZzGGGLd_B4vD9Kb95gCKgBGAs/w0/tifa-lockhart-final-fantasy-7-remake-uhdpaper.com-4K-41.jpg error=image too small
2026-02-04 00:20:56,285 | WARNING | tifa_archivist.download | download failed url=https://3.bp.blogspot.com/-Os7uIBJ94yI/XR41Ow0Fw6I/AAAAAAAAIGk/NykXPTYGlv0mTRhZzGGGLd_B4vD9Kb95gCKgBGAs/w0/tifa-lockhart-final-fantasy-7-remake-uhdpaper.com-4K-41.jpg error=image too small
2026-02-04 00:21:05,657 | INFO | tifa_archivist.orchestrator | discarded low variance url=https://images4.alphacoders.com/111/1112099.jpg luma_stddev=6.04 sat_stddev=0.04 sat_mean=0.00 colorfulness=0.03 flat_ratio=0.91
2026-02-04 00:21:08,034 | WARNING | tifa_archivist.download | download failed url=https://images5.alphacoders.com/138/1384808.jpg error=image too small
2026-02-04 00:21:10,053 | WARNING | tifa_archivist.download | download failed url=https://images2.alphacoders.com/239/239090.jpg error=image too small
2026-02-04 00:21:14,218 | WARNING | tifa_archivist.download | download failed url=https://images2.alphacoders.com/239/239090.jpg error=image too small
2026-02-04 00:21:14,521 | WARNING | tifa_archivist.download | download failed url=https://cdna.artstation.com/p/assets/images/images/077/523/902/large/genzo1993-016-jpeg.jpg?1719668524 error=image too small
2026-02-04 00:21:17,940 | WARNING | tifa_archivist.download | download failed url=https://images4.alphacoders.com/812/81218.jpg error=image too small
2026-02-04 00:21:18,643 | WARNING | tifa_archivist.download | download failed url=https://w0.peakpx.com/wallpaper/307/340/HD-wallpaper-tifa-lockhart-final-fantasy-vii.jpg error=image too small
2026-02-04 00:21:24,092 | INFO | tifa_archivist.orchestrator | discarded low variance url=https://static.zerochan.net/Tifa.Lockhart.full.4291386.jpg luma_stddev=25.61 sat_stddev=0.70 sat_mean=0.02 colorfulness=0.38 flat_ratio=0.88
2026-02-04 00:21:41,120 | WARNING | tifa_archivist.download | download failed url=https://images.hdqwalls.com/wallpapers/tifa-lockhart-final-fantasy-vii-l6.jpg error=image too small
2026-02-04 00:21:43,543 | INFO | tifa_archivist.orchestrator | discarded invalid image url=https://static.zerochan.net/Tifa.Lockhart.full.268464.jpg reason=decode_failed
2026-02-04 00:21:45,818 | INFO | tifa_archivist.orchestrator | discarded invalid image url=https://static.zerochan.net/Tifa.Lockhart.1024.4141488.webp reason=decode_failed
2026-02-04 00:21:47,555 | WARNING | tifa_archivist.orchestrator | classification failed url=https://static.zerochan.net/Tifa.Lockhart.full.4245248.jpg error=1 validation error for ClassificationResult
reasons
  Input should be a valid list [type=list_type, input_value='The image depicts the ch...d and teenage versions.', input_type=str]
    For further information visit https://errors.pydantic.dev/2.12/v/list_type
2026-02-04 00:21:50,685 | INFO | tifa_archivist.orchestrator | discarded invalid image url=https://static.zerochan.net/Tifa.Lockhart.full.2624275.jpg reason=decode_failed
2026-02-04 00:21:54,963 | WARNING | tifa_archivist.download | download failed url=https://images.hdqwalls.com/wallpapers/4k-final-fantasy-vii-hn.jpg error=image too small
