2026-02-03 23:05:53,995 | INFO | primp | response: https://duckduckgo.com/?q=Tifa+Lockhart+Final+Fantasy+VII+wallpaper+2560x1440+-site%3Arare-gallery.com+-site%3Awallpapersden.com+-site%3Aimages.wallpapersden.com+-site%3Acdn.donmai.us+-site%3Adonmai.us+-site%3Atulip.paheal.net+-site%3Alotus.paheal.net+-site%3Arule34.xxx+-site%3Aus.rule34.xxx 200
2026-02-03 23:05:54,449 | INFO | primp | response: https://duckduckgo.com/i.js?o=json&q=Tifa+Lockhart+Final+Fantasy+VII+wallpaper+2560x1440+-site%3Arare-gallery.com+-site%3Awallpapersden.com+-site%3Aimages.wallpapersden.com+-site%3Acdn.donmai.us+-site%3Adonmai.us+-site%3Atulip.paheal.net+-site%3Alotus.paheal.net+-site%3Arule34.xxx+-site%3Aus.rule34.xxx&l=us-en&vqd=4-89549391819265052830973174378603189882&p=-1 200
2026-02-03 23:05:54,485 | INFO | tifa_archivist.search | image search category=Tifa lockheart wallpaper 2560 × 1440 query=Tifa Lockhart Final Fantasy VII wallpaper 2560x1440 -site:rare-gallery.com -site:wallpapersden.com -site:images.wallpapersden.com -site:cdn.donmai.us -site:donmai.us -site:tulip.paheal.net -site:lotus.paheal.net -site:rule34.xxx -site:us.rule34.xxx results=80 source=ddg
2026-02-03 23:05:54,492 | INFO | tifa_archivist.orchestrator | search cap reached urls=50 max_urls=50
2026-02-03 23:05:54,570 | INFO | tifa_archivist.orchestrator | discarded invalid image url=https://images.hdqwalls.com/wallpapers/tifa-lockhart-in-final-fantasy-vii-po.jpg reason=truncated size=1920x1124
2026-02-03 23:05:54,586 | INFO | tifa_archivist.orchestrator | discarded invalid image url=https://images.hdqwalls.com/download/tifa-lockhart-in-final-fantasy-vii-4k-1y-2560x1440.jpg reason=truncated size=2560x1440
2026-02-03 23:05:54,606 | INFO | tifa_archivist.orchestrator | discarded invalid image url=https://images.hdqwalls.com/download/final-fantasy-vii-rebirth-aerith-gainsborough-and-tifa-lockhart-93-2560x1440.jpg reason=truncated size=2560x1440
2026-02-03 23:05:54,619 | INFO | tifa_archivist.orchestrator | discarded invalid image url=https://getwallpapers.com/wallpaper/full/2/9/5/975960-full-size-final-fantasy-7-tifa-wallpaper-2560x1440-for-phones.jpg reason=truncated size=2560x1440
2026-02-03 23:05:55,041 | INFO | tifa_archivist.orchestrator | discarded invalid image url=https://a-static.besthdwallpaper.com/tifa-lockhart-final-fantasy-vii-remake-ff7-wallpaper-2560x1440-68601_51.jpg reason=truncated size=2560x1440
2026-02-03 23:05:55,359 | INFO | tifa_archivist.orchestrator | discarded invalid image url=https://a-static.besthdwallpaper.com/tifa-lockhart-fantasy-art-final-fantasy-vii-remake-video-game-wallpaper-2560x1440-68631_51.jpg reason=truncated size=2560x1440
2026-02-03 23:05:55,374 | INFO | tifa_archivist.orchestrator | discarded invalid image url=https://a-static.besthdwallpaper.com/tifa-lockhart-fantasy-art-final-fantasy-vii-remake-ffvii-wallpaper-2560x1600-68750_7.jpg reason=truncated size=2560x1600
2026-02-03 23:05:55,432 | INFO | tifa_archivist.orchestrator | discarded invalid image url=https://3.bp.blogspot.com/-Os7uIBJ94yI/XR41Ow0Fw6I/AAAAAAAAIGk/NykXPTYGlv0mTRhZzGGGLd_B4vD9Kb95gCKgBGAs/w0/tifa-lockhart-final-fantasy-7-remake-uhdpaper.com-4K-41.jpg reason=truncated size=3840x2160
2026-02-03 23:05:55,537 | INFO | tifa_archivist.orchestrator | discarded invalid image url=https://res.allmacwallpaper.com/get/iMac-27-inch-4K-Retina-wallpapers/tifa-lockhart-final-fantasy-7-cosplay-5120x2880/24332-12.jpg reason=truncated size=5120x2880
2026-02-03 23:05:55,598 | INFO | tifa_archivist.orchestrator | discarded invalid image url=https://a-static.besthdwallpaper.com/render-tifa-lockhart-final-fantasy-vii-remake-video-game-wallpaper-3554x1999-74878_53.jpg reason=truncated size=3554x1999
2026-02-03 23:05:55,622 | INFO | tifa_archivist.orchestrator | discarded invalid image url=https://static.zerochan.net/Tifa.Lockhart.full.2926864.jpg reason=truncated size=3840x2160
2026-02-03 23:05:55,696 | INFO | tifa_archivist.orchestrator | discarded invalid image url=https://images5.alphacoders.com/138/1384808.jpg reason=truncated size=3840x2160
2026-02-03 23:05:55,770 | INFO | tifa_archivist.orchestrator | discarded invalid image url=https://motionbgs.com/media/8311/tifa-lockhart-final-fantasy-vii-remake.3840x2160.jpg reason=truncated size=3840x2160
2026-02-03 23:05:55,776 | INFO | tifa_archivist.orchestrator | discarded invalid image url=https://images.alphacoders.com/108/1081398.png reason=truncated size=1920x1080
2026-02-03 23:05:55,820 | INFO | tifa_archivist.orchestrator | discarded invalid image url=https://images4.alphacoders.com/111/1112099.jpg reason=truncated size=2560x1440
2026-02-03 23:05:55,836 | INFO | tifa_archivist.orchestrator | discarded invalid image url=https://images2.alphacoders.com/239/239090.jpg reason=truncated size=2560x1600
2026-02-03 23:05:55,911 | INFO | tifa_archivist.orchestrator | discarded invalid image url=https://a-static.besthdwallpaper.com/tifa-lockhart-final-fantasy-vii-remake-video-game-wallpaper-2048x1152-68590_49.jpg reason=truncated size=2048x1152
2026-02-03 23:05:55,946 | INFO | tifa_archivist.orchestrator | discarded invalid image url=https://cdna.artstation.com/p/assets/images/images/077/523/902/large/genzo1993-016-jpeg.jpg?1719668524 reason=truncated size=1920x1920
2026-02-03 23:05:55,973 | INFO | tifa_archivist.orchestrator | discarded invalid image url=https://a-static.besthdwallpaper.com/tifa-lockhart-fantasy-art-final-fantasy-vii-remake-ffvii-wallpaper-2560x1080-68669_14.jpg reason=truncated size=2560x1080
2026-02-03 23:05:56,013 | INFO | tifa_archivist.orchestrator | discarded invalid image url=https://images5.alphacoders.com/132/1323778.jpeg reason=truncated size=2560x1440
2026-02-03 23:05:56,023 | INFO | tifa_archivist.orchestrator | discarded invalid image url=https://images4.alphacoders.com/812/81218.jpg reason=truncated size=1820x1024
2026-02-03 23:05:56,049 | INFO | tifa_archivist.orchestrator | discarded invalid image url=https://a-static.besthdwallpaper.com/tifa-lockhart-anime-art-final-fantasy-vii-remake-video-game-wallpaper-2400x1350-68604_50.jpg reason=truncated size=2400x1350
2026-02-03 23:05:56,185 | INFO | tifa_archivist.orchestrator | discarded invalid image url=https://w0.peakpx.com/wallpaper/307/340/HD-wallpaper-tifa-lockhart-final-fantasy-vii.jpg reason=truncated size=800x1422
2026-02-03 23:05:56,221 | INFO | tifa_archivist.orchestrator | discarded invalid image url=https://images2.alphacoders.com/119/1196766.jpg reason=truncated size=2048x1707
2026-02-03 23:05:56,263 | INFO | tifa_archivist.orchestrator | discarded invalid image url=https://static.zerochan.net/Tifa.Lockhart.full.2706132.jpg reason=truncated size=1920x1080
2026-02-03 23:05:56,293 | INFO | tifa_archivist.orchestrator | discarded invalid image url=https://static.zerochan.net/Tifa.Lockhart.full.2917895.jpg reason=truncated size=1920x1080
2026-02-03 23:05:56,454 | INFO | tifa_archivist.orchestrator | discarded invalid image url=https://images.hdqwalls.com/download/tifa-lockhart-in-final-fantasy-vii-2020-h8-2560x1440.jpg reason=truncated size=2560x1440
2026-02-03 23:05:56,459 | INFO | tifa_archivist.orchestrator | discarded invalid image url=https://images4.alphacoders.com/705/70586.jpg reason=decode_failed
2026-02-03 23:05:56,507 | INFO | tifa_archivist.orchestrator | discarded invalid image url=https://static.zerochan.net/Tifa.Lockhart.full.4245248.jpg reason=truncated size=1500x2000
2026-02-03 23:05:56,667 | INFO | tifa_archivist.orchestrator | discarded invalid image url=https://static.zerochan.net/Tifa.Lockhart.full.4601696.jpg reason=truncated size=1400x1904
2026-02-03 23:05:56,697 | INFO | tifa_archivist.orchestrator | discarded invalid image url=https://static.zerochan.net/Tifa.Lockhart.full.4291386.jpg reason=truncated size=2480x3508
2026-02-03 23:05:56,711 | INFO | tifa_archivist.orchestrator | discarded invalid image url=https://a-static.besthdwallpaper.com/tifa-lockhart-anime-fa-final-fantasy-vii-remake-video-game-wallpaper-2736x1824-74870_41.jpg reason=truncated size=2736x1824
2026-02-03 23:05:56,725 | INFO | tifa_archivist.orchestrator | discarded invalid image url=https://static.zerochan.net/Tifa.Lockhart.full.4089227.jpg reason=truncated size=1600x1000
2026-02-03 23:05:56,753 | INFO | tifa_archivist.orchestrator | discarded invalid image url=https://s1.zerochan.net/Tifa.Lockhart.600.4093360.jpg reason=truncated size=600x900
2026-02-03 23:05:56,787 | INFO | tifa_archivist.orchestrator | discarded invalid image url=https://artfiles.alphacoders.com/133/133045.jpg reason=truncated size=1600x1067
2026-02-03 23:05:56,831 | INFO | tifa_archivist.orchestrator | discarded invalid image url=https://images.hdqwalls.com/wallpapers/tifa-lockhart-final-fantasy-vii-l6.jpg reason=truncated size=5120x2880
2026-02-03 23:05:56,846 | INFO | tifa_archivist.orchestrator | discarded invalid image url=https://images2.alphacoders.com/132/1323431.jpeg reason=truncated size=2560x1440
2026-02-03 23:05:56,985 | INFO | tifa_archivist.orchestrator | discarded invalid image url=https://static.zerochan.net/Tifa.Lockhart.full.268464.jpg reason=truncated size=1863x2814
2026-02-03 23:05:56,995 | INFO | tifa_archivist.orchestrator | discarded invalid image url=https://images4.alphacoders.com/106/1069101.jpg reason=truncated size=1920x1080
2026-02-03 23:05:57,016 | INFO | tifa_archivist.orchestrator | discarded invalid image url=https://a-static.besthdwallpaper.com/tifa-lockhart-final-fantasy-vii-remake-ff7-wallpaper-3840x2160-68658_54.jpg reason=truncated size=3840x2160
2026-02-03 23:05:57,055 | INFO | tifa_archivist.orchestrator | discarded invalid image url=https://wallpapers.com/images/hd/tifa-lockhart-4k-wallpaper-yvjh0ynnpf03o61c.jpg reason=truncated size=1920x1080
2026-02-03 23:05:57,084 | INFO | tifa_archivist.orchestrator | discarded invalid image url=https://static.zerochan.net/Tifa.Lockhart.full.4092735.jpg reason=truncated size=1250x2000
2026-02-03 23:05:57,124 | INFO | tifa_archivist.orchestrator | discarded invalid image url=https://images.hdqwalls.com/wallpapers/4k-final-fantasy-vii-hn.jpg reason=truncated size=3840x1992
2026-02-03 23:05:57,222 | INFO | tifa_archivist.orchestrator | discarded invalid image url=https://w.wallhaven.cc/full/we/wallhaven-wep5pq.png reason=truncated size=2560x1440
2026-02-03 23:05:57,277 | INFO | tifa_archivist.orchestrator | discarded invalid image url=https://static.zerochan.net/Tifa.Lockhart.full.4222949.jpg reason=truncated size=1170x1800
2026-02-03 23:05:57,468 | INFO | tifa_archivist.orchestrator | discarded invalid image url=https://static.zerochan.net/Tifa.Lockhart.full.3507428.jpg reason=truncated size=2000x3055
2026-02-03 23:05:57,763 | INFO | tifa_archivist.orchestrator | discarded invalid image url=https://static.zerochan.net/Tifa.Lockhart.1024.4141488.webp reason=decode_failed
2026-02-03 23:05:57,777 | INFO | tifa_archivist.orchestrator | discarded invalid image url=https://wallpaperaccess.com/full/2024093.jpg reason=truncated size=2048x1152
2026-02-03 23:05:57,884 | INFO | tifa_archivist.orchestrator | discarded invalid image url=https://static.zerochan.net/Tifa.Lockhart.full.2624275.jpg reason=decode_failed
2026-02-03 23:05:59,378 | WARNING | tifa_archivist.download | download failed url=https://wallpaperaccess.com/full/2588426.jpg error=image too small
2026-02-03 23:05:59,412 | INFO | tifa_archivist.orchestrator | discarded invalid image url=https://wallpaperaccess.com/full/2588426.jpg reason=truncated size=2560x1440
