2026-02-03 22:06:37,511 | INFO | primp | response: https://duckduckgo.com/?q=Tifa+Lockhart+Final+Fantasy+VII+wallpaper+4k+-site%3Arare-gallery.com+-site%3Awallpapersden.com+-site%3Aimages.wallpapersden.com 200
2026-02-03 22:06:37,517 | INFO | primp | response: https://duckduckgo.com/?q=Tifa+Lockhart+Final+Fantasy+VII+original+game+screenshot+official+art+-site%3Arare-gallery.com+-site%3Awallpapersden.com+-site%3Aimages.wallpapersden.com 200
2026-02-03 22:06:37,939 | INFO | primp | response: https://duckduckgo.com/i.js?o=json&q=Tifa+Lockhart+Final+Fantasy+VII+wallpaper+4k+-site%3Arare-gallery.com+-site%3Awallpapersden.com+-site%3Aimages.wallpapersden.com&l=us-en&vqd=4-44861893322583674976558142938932925863&p=-1 200
2026-02-03 22:06:37,940 | INFO | primp | response: https://duckduckgo.com/i.js?o=json&q=Tifa+Lockhart+Final+Fantasy+VII+original+game+screenshot+official+art+-site%3Arare-gallery.com+-site%3Awallpapersden.com+-site%3Aimages.wallpapersden.com&l=us-en&vqd=4-153717358544477376754382927919241968085&p=-1 200
2026-02-03 22:06:37,971 | INFO | tifa_archivist.search | image search category=original_game query=Tifa Lockhart Final Fantasy VII original game screenshot official art -site:rare-gallery.com -site:wallpapersden.com -site:images.wallpapersden.com results=80 source=ddg
2026-02-03 22:06:37,976 | INFO | tifa_archivist.orchestrator | search cap reached urls=50 max_urls=50
2026-02-03 22:06:37,976 | INFO | tifa_archivist.search | image search category=wallpaper query=Tifa Lockhart Final Fantasy VII wallpaper 4k -site:rare-gallery.com -site:wallpapersden.com -site:images.wallpapersden.com results=80 source=ddg
2026-02-03 22:06:38,057 | ERROR | tifa_archivist.orchestrator | worker 7 failed url=https://images-wixmp-ed30a86b8c4ca887773594c2.wixmp.com/f/462064fa-8a78-4289-82e4-375cc0c67d47/dg7qfmf-c841d36a-3b27-4f5b-bb18-cca7f3c9140d.jpg/v1/fill/w_1095,h_730,q_70,strp/_fan_art__final_fantasy_vii___tifa_lockhart_2_by_bnjacob_dg7qfmf-pre.jpg?token=eyJ0eXAiOiJKV1QiLCJhbGciOiJIUzI1NiJ9.eyJzdWIiOiJ1cm46YXBwOjdlMGQxODg5ODIyNjQzNzNhNWYwZDQxNWVhMGQyNmUwIiwiaXNzIjoidXJuOmFwcDo3ZTBkMTg4OTgyMjY0MzczYTVmMGQ0MTVlYTBkMjZlMCIsIm9iaiI6W1t7ImhlaWdodCI6Ijw9MTI4MCIsInBhdGgiOiJcL2ZcLzQ2MjA2NGZhLThhNzgtNDI4OS04MmU0LTM3NWNjMGM2N2Q0N1wvZGc3cWZtZi1jODQxZDM2YS0zYjI3LTRmNWItYmIxOC1jY2E3ZjNjOTE0MGQuanBnIiwid2lkdGgiOiI8PTE5MjAifV1dLCJhdWQiOlsidXJuOnNlcnZpY2U6aW1hZ2Uub3BlcmF0aW9ucyJdfQ.89jQELYqSSByftT2lF2PAqbb1JBC752v0rv30pZtIWs
Traceback (most recent call last):
  File "C:\Users\Håkon\PycharmProjects\xAI\tifa_archivist\orchestrator.py", line 375, in download_worker
    sha256,
    ^^^^^^
UnboundLocalError: cannot access local variable 'sha256' where it is not associated with a value
2026-02-03 22:06:38,065 | ERROR | tifa_archivist.orchestrator | worker 0 failed url=https://images-wixmp-ed30a86b8c4ca887773594c2.wixmp.com/f/93cc5635-782b-4fa2-bb65-cf01f24db89f/dbusgrx-c79c7e0f-116f-410c-af2d-5e9715bb1e70.jpg/v1/fill/w_1600,h_2154,q_75,strp/tifa_lockhart___final_fantasy_vii_by_renaillusion_dbusgrx-fullview.jpg?token=eyJ0eXAiOiJKV1QiLCJhbGciOiJIUzI1NiJ9.eyJzdWIiOiJ1cm46YXBwOjdlMGQxODg5ODIyNjQzNzNhNWYwZDQxNWVhMGQyNmUwIiwiaXNzIjoidXJuOmFwcDo3ZTBkMTg4OTgyMjY0MzczYTVmMGQ0MTVlYTBkMjZlMCIsIm9iaiI6W1t7ImhlaWdodCI6Ijw9MjE1NCIsInBhdGgiOiJcL2ZcLzkzY2M1NjM1LTc4MmItNGZhMi1iYjY1LWNmMDFmMjRkYjg5ZlwvZGJ1c2dyeC1jNzljN2UwZi0xMTZmLTQxMGMtYWYyZC01ZTk3MTViYjFlNzAuanBnIiwid2lkdGgiOiI8PTE2MDAifV1dLCJhdWQiOlsidXJuOnNlcnZpY2U6aW1hZ2Uub3BlcmF0aW9ucyJdfQ.HCfFttYm0D6BKmcBcl7X74qX7FTOuJo2u0lGyB1PZng
Traceback (most recent call last):
  File "C:\Users\Håkon\PycharmProjects\xAI\tifa_archivist\orchestrator.py", line 375, in download_worker
    sha256,
    ^^^^^^
UnboundLocalError: cannot access local variable 'sha256' where it is not associated with a value
2026-02-03 22:06:38,082 | ERROR | tifa_archivist.orchestrator | worker 3 failed url=https://images6.alphacoders.com/436/436981.jpg
Traceback (most recent call last):
  File "C:\Users\Håkon\PycharmProjects\xAI\tifa_archivist\orchestrator.py", line 375, in download_worker
    sha256,
    ^^^^^^
UnboundLocalError: cannot access local variable 'sha256' where it is not associated with a value
2026-02-03 22:06:38,088 | ERROR | tifa_archivist.orchestrator | worker 4 failed url=https://images.hdqwalls.com/wallpapers/tifa-lockhart-final-fantasy-vii-l6.jpg
Traceback (most recent call last):
  File "C:\Users\Håkon\PycharmProjects\xAI\tifa_archivist\orchestrator.py", line 375, in download_worker
    sha256,
    ^^^^^^
UnboundLocalError: cannot access local variable 'sha256' where it is not associated with a value
2026-02-03 22:06:38,607 | ERROR | tifa_archivist.orchestrator | worker 3 failed url=https://www.nastol.com.ua/images/202209/nastol.com.ua_500766.jpg
Traceback (most recent call last):
  File "C:\Users\Håkon\PycharmProjects\xAI\tifa_archivist\orchestrator.py", line 375, in download_worker
    sha256,
    ^^^^^^
UnboundLocalError: cannot access local variable 'sha256' where it is not associated with a value
2026-02-03 22:06:38,657 | ERROR | tifa_archivist.orchestrator | worker 2 failed url=https://static.zerochan.net/Tifa.Lockhart.full.4245248.jpg
Traceback (most recent call last):
  File "C:\Users\Håkon\PycharmProjects\xAI\tifa_archivist\orchestrator.py", line 375, in download_worker
    sha256,
    ^^^^^^
UnboundLocalError: cannot access local variable 'sha256' where it is not associated with a value
2026-02-03 22:06:38,660 | ERROR | tifa_archivist.orchestrator | worker 6 failed url=https://static.zerochan.net/Tifa.Lockhart.full.4139418.jpg
Traceback (most recent call last):
  File "C:\Users\Håkon\PycharmProjects\xAI\tifa_archivist\orchestrator.py", line 375, in download_worker
    sha256,
    ^^^^^^
UnboundLocalError: cannot access local variable 'sha256' where it is not associated with a value
2026-02-03 22:06:38,662 | ERROR | tifa_archivist.orchestrator | worker 1 failed url=https://static.zerochan.net/Tifa.Lockhart.full.2624275.jpg
Traceback (most recent call last):
  File "C:\Users\Håkon\PycharmProjects\xAI\tifa_archivist\orchestrator.py", line 375, in download_worker
    sha256,
    ^^^^^^
UnboundLocalError: cannot access local variable 'sha256' where it is not associated with a value
2026-02-03 22:06:38,664 | ERROR | tifa_archivist.orchestrator | worker 5 failed url=https://static.zerochan.net/Tifa.Lockhart.full.3931548.jpg
Traceback (most recent call last):
  File "C:\Users\Håkon\PycharmProjects\xAI\tifa_archivist\orchestrator.py", line 375, in download_worker
    sha256,
    ^^^^^^
UnboundLocalError: cannot access local variable 'sha256' where it is not associated with a value
2026-02-03 22:06:38,718 | ERROR | tifa_archivist.orchestrator | worker 2 failed url=https://preview.redd.it/tifa-lockhart-if-she-had-kept-her-original-outfit-from-ff7-v0-638defrh2gea1.jpg?auto=webp&s=286bfaf8cf72d9cc9cac2acbcb789804a80a7009
Traceback (most recent call last):
  File "C:\Users\Håkon\PycharmProjects\xAI\tifa_archivist\orchestrator.py", line 375, in download_worker
    sha256,
    ^^^^^^
UnboundLocalError: cannot access local variable 'sha256' where it is not associated with a value
2026-02-03 22:06:38,724 | ERROR | tifa_archivist.orchestrator | worker 0 failed url=https://static.zerochan.net/Tifa.Lockhart.full.619650.jpg
Traceback (most recent call last):
  File "C:\Users\Håkon\PycharmProjects\xAI\tifa_archivist\orchestrator.py", line 375, in download_worker
    sha256,
    ^^^^^^
UnboundLocalError: cannot access local variable 'sha256' where it is not associated with a value
2026-02-03 22:06:38,744 | ERROR | tifa_archivist.orchestrator | worker 1 failed url=https://cdn-prod.scalefast.com/public/assets/img/resized/squareenix-store-v3/9b18528f95e6f63fb5941485d333f35a_1920_KR.jpg
Traceback (most recent call last):
  File "C:\Users\Håkon\PycharmProjects\xAI\tifa_archivist\orchestrator.py", line 375, in download_worker
    sha256,
    ^^^^^^
UnboundLocalError: cannot access local variable 'sha256' where it is not associated with a value
2026-02-03 22:06:38,751 | ERROR | tifa_archivist.orchestrator | worker 4 failed url=https://static.zerochan.net/Tifa.Lockhart.1024.4141488.webp
Traceback (most recent call last):
  File "C:\Users\Håkon\PycharmProjects\xAI\tifa_archivist\orchestrator.py", line 375, in download_worker
    sha256,
    ^^^^^^
UnboundLocalError: cannot access local variable 'sha256' where it is not associated with a value
2026-02-03 22:06:38,772 | ERROR | tifa_archivist.orchestrator | worker 2 failed url=https://cdn.mos.cms.futurecdn.net/Bmzy7HsThTovRtTf3cphK8.jpg
Traceback (most recent call last):
  File "C:\Users\Håkon\PycharmProjects\xAI\tifa_archivist\orchestrator.py", line 375, in download_worker
    sha256,
    ^^^^^^
UnboundLocalError: cannot access local variable 'sha256' where it is not associated with a value
